{"/Users/amanianai/geotag-app/tradepass-app/app/_layout.tsx": {"path":"/Users/amanianai/geotag-app/tradepass-app/app/_layout.tsx","statementMap":{"0":{"start":{"line":6,"column":0},"end":{"line":6,"column":36}},"1":{"start":{"line":9,"column":2},"end":{"line":12,"column":9}},"2":{"start":{"line":11,"column":4},"end":{"line":11,"column":29}},"3":{"start":{"line":14,"column":2},"end":{"line":58,"column":4}}},"fnMap":{"0":{"name":"RootLayout","decl":{"start":{"line":8,"column":24},"end":{"line":8,"column":34}},"loc":{"start":{"line":8,"column":37},"end":{"line":59,"column":1}},"line":8},"1":{"name":"(anonymous_1)","decl":{"start":{"line":9,"column":12},"end":{"line":9,"column":13}},"loc":{"start":{"line":9,"column":18},"end":{"line":12,"column":3}},"line":9}},"branchMap":{},"s":{"0":0,"1":0,"2":0,"3":0},"f":{"0":0,"1":0},"b":{}}
,"/Users/amanianai/geotag-app/tradepass-app/app/biometric.tsx": {"path":"/Users/amanianai/geotag-app/tradepass-app/app/biometric.tsx","statementMap":{"0":{"start":{"line":13,"column":2},"end":{"line":78,"column":4}},"1":{"start":{"line":31,"column":16},"end":{"line":31,"column":72}},"2":{"start":{"line":33,"column":16},"end":{"line":33,"column":61}},"3":{"start":{"line":50,"column":16},"end":{"line":50,"column":72}},"4":{"start":{"line":52,"column":16},"end":{"line":52,"column":57}},"5":{"start":{"line":69,"column":16},"end":{"line":69,"column":72}},"6":{"start":{"line":71,"column":16},"end":{"line":71,"column":57}},"7":{"start":{"line":81,"column":15},"end":{"line":147,"column":2}}},"fnMap":{"0":{"name":"BiometricScreen","decl":{"start":{"line":12,"column":24},"end":{"line":12,"column":39}},"loc":{"start":{"line":12,"column":42},"end":{"line":79,"column":1}},"line":12},"1":{"name":"(anonymous_1)","decl":{"start":{"line":30,"column":23},"end":{"line":30,"column":24}},"loc":{"start":{"line":30,"column":29},"end":{"line":34,"column":15}},"line":30},"2":{"name":"(anonymous_2)","decl":{"start":{"line":49,"column":23},"end":{"line":49,"column":24}},"loc":{"start":{"line":49,"column":29},"end":{"line":53,"column":15}},"line":49},"3":{"name":"(anonymous_3)","decl":{"start":{"line":68,"column":23},"end":{"line":68,"column":24}},"loc":{"start":{"line":68,"column":29},"end":{"line":72,"column":15}},"line":68}},"branchMap":{},"s":{"0":0,"1":0,"2":0,"3":0,"4":0,"5":0,"6":0,"7":0},"f":{"0":0,"1":0,"2":0,"3":0},"b":{}}
,"/Users/amanianai/geotag-app/tradepass-app/app/compliance-reports.tsx": {"path":"/Users/amanianai/geotag-app/tradepass-app/app/compliance-reports.tsx","statementMap":{"0":{"start":{"line":56,"column":32},"end":{"line":56,"column":64}},"1":{"start":{"line":57,"column":40},"end":{"line":57,"column":66}},"2":{"start":{"line":58,"column":32},"end":{"line":58,"column":64}},"3":{"start":{"line":59,"column":36},"end":{"line":59,"column":50}},"4":{"start":{"line":60,"column":36},"end":{"line":60,"column":88}},"5":{"start":{"line":61,"column":27},"end":{"line":61,"column":74}},"6":{"start":{"line":63,"column":2},"end":{"line":65,"column":9}},"7":{"start":{"line":64,"column":4},"end":{"line":64,"column":25}},"8":{"start":{"line":67,"column":29},"end":{"line":216,"column":3}},"9":{"start":{"line":68,"column":4},"end":{"line":215,"column":5}},"10":{"start":{"line":69,"column":6},"end":{"line":69,"column":25}},"11":{"start":{"line":72,"column":6},"end":{"line":72,"column":62}},"12":{"start":{"line":72,"column":35},"end":{"line":72,"column":60}},"13":{"start":{"line":74,"column":46},"end":{"line":124,"column":7}},"14":{"start":{"line":126,"column":44},"end":{"line":167,"column":7}},"15":{"start":{"line":169,"column":46},"end":{"line":205,"column":7}},"16":{"start":{"line":207,"column":6},"end":{"line":207,"column":30}},"17":{"start":{"line":208,"column":6},"end":{"line":208,"column":38}},"18":{"start":{"line":209,"column":6},"end":{"line":209,"column":30}},"19":{"start":{"line":211,"column":6},"end":{"line":211,"column":62}},"20":{"start":{"line":212,"column":6},"end":{"line":212,"column":64}},"21":{"start":{"line":214,"column":6},"end":{"line":214,"column":26}},"22":{"start":{"line":218,"column":25},"end":{"line":234,"column":3}},"23":{"start":{"line":219,"column":4},"end":{"line":233,"column":5}},"24":{"start":{"line":222,"column":8},"end":{"line":222,"column":25}},"25":{"start":{"line":225,"column":8},"end":{"line":225,"column":25}},"26":{"start":{"line":227,"column":8},"end":{"line":227,"column":25}},"27":{"start":{"line":230,"column":8},"end":{"line":230,"column":25}},"28":{"start":{"line":232,"column":8},"end":{"line":232,"column":25}},"29":{"start":{"line":236,"column":23},"end":{"line":243,"column":3}},"30":{"start":{"line":237,"column":4},"end":{"line":242,"column":5}},"31":{"start":{"line":238,"column":24},"end":{"line":238,"column":45}},"32":{"start":{"line":239,"column":24},"end":{"line":239,"column":47}},"33":{"start":{"line":240,"column":21},"end":{"line":240,"column":37}},"34":{"start":{"line":241,"column":15},"end":{"line":241,"column":31}},"35":{"start":{"line":245,"column":27},"end":{"line":252,"column":3}},"36":{"start":{"line":246,"column":4},"end":{"line":251,"column":5}},"37":{"start":{"line":247,"column":19},"end":{"line":247,"column":36}},"38":{"start":{"line":248,"column":22},"end":{"line":248,"column":39}},"39":{"start":{"line":249,"column":23},"end":{"line":249,"column":40}},"40":{"start":{"line":250,"column":15},"end":{"line":250,"column":32}},"41":{"start":{"line":254,"column":31},"end":{"line":261,"column":3}},"42":{"start":{"line":255,"column":4},"end":{"line":255,"column":59}},"43":{"start":{"line":256,"column":4},"end":{"line":260,"column":5}},"44":{"start":{"line":257,"column":6},"end":{"line":257,"column":64}},"45":{"start":{"line":259,"column":6},"end":{"line":259,"column":72}},"46":{"start":{"line":263,"column":31},"end":{"line":274,"column":3}},"47":{"start":{"line":264,"column":4},"end":{"line":264,"column":60}},"48":{"start":{"line":265,"column":4},"end":{"line":273,"column":6}},"49":{"start":{"line":270,"column":49},"end":{"line":270,"column":109}},"50":{"start":{"line":271,"column":48},"end":{"line":271,"column":102}},"51":{"start":{"line":276,"column":24},"end":{"line":335,"column":3}},"52":{"start":{"line":277,"column":4},"end":{"line":334,"column":11}},"53":{"start":{"line":279,"column":8},"end":{"line":332,"column":15}},"54":{"start":{"line":326,"column":29},"end":{"line":326,"column":57}},"55":{"start":{"line":337,"column":27},"end":{"line":360,"column":3}},"56":{"start":{"line":338,"column":4},"end":{"line":359,"column":11}},"57":{"start":{"line":341,"column":8},"end":{"line":357,"column":15}},"58":{"start":{"line":362,"column":24},"end":{"line":407,"column":3}},"59":{"start":{"line":363,"column":4},"end":{"line":406,"column":11}},"60":{"start":{"line":366,"column":8},"end":{"line":404,"column":15}},"61":{"start":{"line":409,"column":28},"end":{"line":430,"column":3}},"62":{"start":{"line":410,"column":4},"end":{"line":429,"column":11}},"63":{"start":{"line":416,"column":8},"end":{"line":427,"column":10}},"64":{"start":{"line":423,"column":12},"end":{"line":423,"column":67}},"65":{"start":{"line":424,"column":12},"end":{"line":424,"column":41}},"66":{"start":{"line":432,"column":2},"end":{"line":441,"column":3}},"67":{"start":{"line":433,"column":4},"end":{"line":440,"column":6}},"68":{"start":{"line":443,"column":2},"end":{"line":490,"column":4}},"69":{"start":{"line":456,"column":66},"end":{"line":456,"column":89}},"70":{"start":{"line":460,"column":66},"end":{"line":460,"column":82}},"71":{"start":{"line":493,"column":15},"end":{"line":799,"column":2}}},"fnMap":{"0":{"name":"ComplianceReports","decl":{"start":{"line":55,"column":24},"end":{"line":55,"column":41}},"loc":{"start":{"line":55,"column":44},"end":{"line":491,"column":1}},"line":55},"1":{"name":"(anonymous_1)","decl":{"start":{"line":63,"column":12},"end":{"line":63,"column":13}},"loc":{"start":{"line":63,"column":18},"end":{"line":65,"column":3}},"line":63},"2":{"name":"(anonymous_2)","decl":{"start":{"line":67,"column":29},"end":{"line":67,"column":30}},"loc":{"start":{"line":67,"column":41},"end":{"line":216,"column":3}},"line":67},"3":{"name":"(anonymous_3)","decl":{"start":{"line":72,"column":24},"end":{"line":72,"column":25}},"loc":{"start":{"line":72,"column":35},"end":{"line":72,"column":60}},"line":72},"4":{"name":"(anonymous_4)","decl":{"start":{"line":218,"column":25},"end":{"line":218,"column":26}},"loc":{"start":{"line":218,"column":45},"end":{"line":234,"column":3}},"line":218},"5":{"name":"(anonymous_5)","decl":{"start":{"line":236,"column":23},"end":{"line":236,"column":24}},"loc":{"start":{"line":236,"column":42},"end":{"line":243,"column":3}},"line":236},"6":{"name":"(anonymous_6)","decl":{"start":{"line":245,"column":27},"end":{"line":245,"column":28}},"loc":{"start":{"line":245,"column":49},"end":{"line":252,"column":3}},"line":245},"7":{"name":"(anonymous_7)","decl":{"start":{"line":254,"column":31},"end":{"line":254,"column":32}},"loc":{"start":{"line":254,"column":61},"end":{"line":261,"column":3}},"line":254},"8":{"name":"(anonymous_8)","decl":{"start":{"line":263,"column":31},"end":{"line":263,"column":32}},"loc":{"start":{"line":263,"column":37},"end":{"line":274,"column":3}},"line":263},"9":{"name":"(anonymous_9)","decl":{"start":{"line":270,"column":43},"end":{"line":270,"column":44}},"loc":{"start":{"line":270,"column":49},"end":{"line":270,"column":109}},"line":270},"10":{"name":"(anonymous_10)","decl":{"start":{"line":271,"column":42},"end":{"line":271,"column":43}},"loc":{"start":{"line":271,"column":48},"end":{"line":271,"column":102}},"line":271},"11":{"name":"(anonymous_11)","decl":{"start":{"line":276,"column":24},"end":{"line":276,"column":25}},"loc":{"start":{"line":277,"column":4},"end":{"line":334,"column":11}},"line":277},"12":{"name":"(anonymous_12)","decl":{"start":{"line":278,"column":19},"end":{"line":278,"column":20}},"loc":{"start":{"line":279,"column":8},"end":{"line":332,"column":15}},"line":279},"13":{"name":"(anonymous_13)","decl":{"start":{"line":326,"column":23},"end":{"line":326,"column":24}},"loc":{"start":{"line":326,"column":29},"end":{"line":326,"column":57}},"line":326},"14":{"name":"(anonymous_14)","decl":{"start":{"line":337,"column":27},"end":{"line":337,"column":28}},"loc":{"start":{"line":338,"column":4},"end":{"line":359,"column":11}},"line":338},"15":{"name":"(anonymous_15)","decl":{"start":{"line":340,"column":23},"end":{"line":340,"column":24}},"loc":{"start":{"line":341,"column":8},"end":{"line":357,"column":15}},"line":341},"16":{"name":"(anonymous_16)","decl":{"start":{"line":362,"column":24},"end":{"line":362,"column":25}},"loc":{"start":{"line":363,"column":4},"end":{"line":406,"column":11}},"line":363},"17":{"name":"(anonymous_17)","decl":{"start":{"line":365,"column":19},"end":{"line":365,"column":20}},"loc":{"start":{"line":366,"column":8},"end":{"line":404,"column":15}},"line":366},"18":{"name":"(anonymous_18)","decl":{"start":{"line":409,"column":28},"end":{"line":409,"column":29}},"loc":{"start":{"line":410,"column":4},"end":{"line":429,"column":11}},"line":410},"19":{"name":"(anonymous_19)","decl":{"start":{"line":415,"column":12},"end":{"line":415,"column":13}},"loc":{"start":{"line":416,"column":8},"end":{"line":427,"column":10}},"line":416},"20":{"name":"(anonymous_20)","decl":{"start":{"line":422,"column":19},"end":{"line":422,"column":20}},"loc":{"start":{"line":422,"column":25},"end":{"line":425,"column":11}},"line":422},"21":{"name":"(anonymous_21)","decl":{"start":{"line":456,"column":61},"end":{"line":456,"column":62}},"loc":{"start":{"line":456,"column":66},"end":{"line":456,"column":89}},"line":456},"22":{"name":"(anonymous_22)","decl":{"start":{"line":460,"column":61},"end":{"line":460,"column":62}},"loc":{"start":{"line":460,"column":66},"end":{"line":460,"column":82}},"line":460}},"branchMap":{"0":{"loc":{"start":{"line":219,"column":4},"end":{"line":233,"column":5}},"type":"switch","locations":[{"start":{"line":220,"column":6},"end":{"line":220,"column":22}},{"start":{"line":221,"column":6},"end":{"line":222,"column":25}},{"start":{"line":223,"column":6},"end":{"line":223,"column":23}},{"start":{"line":224,"column":6},"end":{"line":225,"column":25}},{"start":{"line":226,"column":6},"end":{"line":227,"column":25}},{"start":{"line":228,"column":6},"end":{"line":228,"column":22}},{"start":{"line":229,"column":6},"end":{"line":230,"column":25}},{"start":{"line":231,"column":6},"end":{"line":232,"column":25}}],"line":219},"1":{"loc":{"start":{"line":237,"column":4},"end":{"line":242,"column":5}},"type":"switch","locations":[{"start":{"line":238,"column":6},"end":{"line":238,"column":45}},{"start":{"line":239,"column":6},"end":{"line":239,"column":47}},{"start":{"line":240,"column":6},"end":{"line":240,"column":37}},{"start":{"line":241,"column":6},"end":{"line":241,"column":31}}],"line":237},"2":{"loc":{"start":{"line":246,"column":4},"end":{"line":251,"column":5}},"type":"switch","locations":[{"start":{"line":247,"column":6},"end":{"line":247,"column":36}},{"start":{"line":248,"column":6},"end":{"line":248,"column":39}},{"start":{"line":249,"column":6},"end":{"line":249,"column":40}},{"start":{"line":250,"column":6},"end":{"line":250,"column":32}}],"line":246},"3":{"loc":{"start":{"line":256,"column":4},"end":{"line":260,"column":5}},"type":"if","locations":[{"start":{"line":256,"column":4},"end":{"line":260,"column":5}},{"start":{"line":258,"column":11},"end":{"line":260,"column":5}}],"line":256},"4":{"loc":{"start":{"line":295,"column":25},"end":{"line":295,"column":76}},"type":"cond-expr","locations":[{"start":{"line":295,"column":55},"end":{"line":295,"column":64}},{"start":{"line":295,"column":67},"end":{"line":295,"column":76}}],"line":295},"5":{"loc":{"start":{"line":300,"column":13},"end":{"line":307,"column":13}},"type":"binary-expr","locations":[{"start":{"line":300,"column":13},"end":{"line":300,"column":34}},{"start":{"line":301,"column":14},"end":{"line":306,"column":21}}],"line":300},"6":{"loc":{"start":{"line":312,"column":25},"end":{"line":312,"column":70}},"type":"cond-expr","locations":[{"start":{"line":312,"column":49},"end":{"line":312,"column":58}},{"start":{"line":312,"column":61},"end":{"line":312,"column":70}}],"line":312},"7":{"loc":{"start":{"line":323,"column":11},"end":{"line":331,"column":11}},"type":"binary-expr","locations":[{"start":{"line":323,"column":11},"end":{"line":323,"column":29}},{"start":{"line":324,"column":12},"end":{"line":330,"column":31}}],"line":323},"8":{"loc":{"start":{"line":373,"column":23},"end":{"line":373,"column":118}},"type":"cond-expr","locations":[{"start":{"line":373,"column":54},"end":{"line":373,"column":63}},{"start":{"line":373,"column":66},"end":{"line":373,"column":118}}],"line":373},"9":{"loc":{"start":{"line":373,"column":66},"end":{"line":373,"column":118}},"type":"cond-expr","locations":[{"start":{"line":373,"column":97},"end":{"line":373,"column":106}},{"start":{"line":373,"column":109},"end":{"line":373,"column":118}}],"line":373},"10":{"loc":{"start":{"line":377,"column":25},"end":{"line":377,"column":120}},"type":"cond-expr","locations":[{"start":{"line":377,"column":56},"end":{"line":377,"column":65}},{"start":{"line":377,"column":68},"end":{"line":377,"column":120}}],"line":377},"11":{"loc":{"start":{"line":377,"column":68},"end":{"line":377,"column":120}},"type":"cond-expr","locations":[{"start":{"line":377,"column":99},"end":{"line":377,"column":108}},{"start":{"line":377,"column":111},"end":{"line":377,"column":120}}],"line":377},"12":{"loc":{"start":{"line":420,"column":19},"end":{"line":420,"column":66}},"type":"cond-expr","locations":[{"start":{"line":420,"column":43},"end":{"line":420,"column":52}},{"start":{"line":420,"column":55},"end":{"line":420,"column":66}}],"line":420},"13":{"loc":{"start":{"line":432,"column":2},"end":{"line":441,"column":3}},"type":"if","locations":[{"start":{"line":432,"column":2},"end":{"line":441,"column":3}},{"start":{},"end":{}}],"line":432},"14":{"loc":{"start":{"line":474,"column":9},"end":{"line":474,"column":51}},"type":"binary-expr","locations":[{"start":{"line":474,"column":9},"end":{"line":474,"column":32}},{"start":{"line":474,"column":36},"end":{"line":474,"column":51}}],"line":474},"15":{"loc":{"start":{"line":475,"column":9},"end":{"line":475,"column":52}},"type":"binary-expr","locations":[{"start":{"line":475,"column":9},"end":{"line":475,"column":30}},{"start":{"line":475,"column":34},"end":{"line":475,"column":52}}],"line":475},"16":{"loc":{"start":{"line":476,"column":9},"end":{"line":476,"column":51}},"type":"binary-expr","locations":[{"start":{"line":476,"column":9},"end":{"line":476,"column":32}},{"start":{"line":476,"column":36},"end":{"line":476,"column":51}}],"line":476}},"s":{"0":0,"1":0,"2":0,"3":0,"4":0,"5":0,"6":0,"7":0,"8":0,"9":0,"10":0,"11":0,"12":0,"13":0,"14":0,"15":0,"16":0,"17":0,"18":0,"19":0,"20":0,"21":0,"22":0,"23":0,"24":0,"25":0,"26":0,"27":0,"28":0,"29":0,"30":0,"31":0,"32":0,"33":0,"34":0,"35":0,"36":0,"37":0,"38":0,"39":0,"40":0,"41":0,"42":0,"43":0,"44":0,"45":0,"46":0,"47":0,"48":0,"49":0,"50":0,"51":0,"52":0,"53":0,"54":0,"55":0,"56":0,"57":0,"58":0,"59":0,"60":0,"61":0,"62":0,"63":0,"64":0,"65":0,"66":0,"67":0,"68":0,"69":0,"70":0,"71":0},"f":{"0":0,"1":0,"2":0,"3":0,"4":0,"5":0,"6":0,"7":0,"8":0,"9":0,"10":0,"11":0,"12":0,"13":0,"14":0,"15":0,"16":0,"17":0,"18":0,"19":0,"20":0,"21":0,"22":0},"b":{"0":[0,0,0,0,0,0,0,0],"1":[0,0,0,0],"2":[0,0,0,0],"3":[0,0],"4":[0,0],"5":[0,0],"6":[0,0],"7":[0,0],"8":[0,0],"9":[0,0],"10":[0,0],"11":[0,0],"12":[0,0],"13":[0,0],"14":[0,0],"15":[0,0],"16":[0,0]}}
,"/Users/amanianai/geotag-app/tradepass-app/app/credentials.tsx": {"path":"/Users/amanianai/geotag-app/tradepass-app/app/credentials.tsx","statementMap":{"0":{"start":{"line":19,"column":40},"end":{"line":19,"column":74}},"1":{"start":{"line":20,"column":36},"end":{"line":20,"column":50}},"2":{"start":{"line":21,"column":38},"end":{"line":21,"column":53}},"3":{"start":{"line":23,"column":2},"end":{"line":25,"column":9}},"4":{"start":{"line":24,"column":4},"end":{"line":24,"column":22}},"5":{"start":{"line":27,"column":26},"end":{"line":41,"column":3}},"6":{"start":{"line":28,"column":4},"end":{"line":40,"column":5}},"7":{"start":{"line":29,"column":6},"end":{"line":29,"column":25}},"8":{"start":{"line":32,"column":28},"end":{"line":32,"column":63}},"9":{"start":{"line":33,"column":30},"end":{"line":33,"column":79}},"10":{"start":{"line":34,"column":6},"end":{"line":34,"column":38}},"11":{"start":{"line":36,"column":6},"end":{"line":36,"column":58}},"12":{"start":{"line":37,"column":6},"end":{"line":37,"column":57}},"13":{"start":{"line":39,"column":6},"end":{"line":39,"column":26}},"14":{"start":{"line":43,"column":33},"end":{"line":55,"column":3}},"15":{"start":{"line":44,"column":4},"end":{"line":44,"column":60}},"16":{"start":{"line":45,"column":4},"end":{"line":54,"column":6}},"17":{"start":{"line":50,"column":48},"end":{"line":50,"column":81}},"18":{"start":{"line":51,"column":53},"end":{"line":51,"column":91}},"19":{"start":{"line":52,"column":57},"end":{"line":52,"column":99}},"20":{"start":{"line":57,"column":27},"end":{"line":89,"column":3}},"21":{"start":{"line":58,"column":4},"end":{"line":88,"column":5}},"22":{"start":{"line":59,"column":6},"end":{"line":59,"column":26}},"23":{"start":{"line":62,"column":6},"end":{"line":62,"column":62}},"24":{"start":{"line":62,"column":35},"end":{"line":62,"column":60}},"25":{"start":{"line":64,"column":29},"end":{"line":73,"column":8}},"26":{"start":{"line":75,"column":28},"end":{"line":75,"column":63}},"27":{"start":{"line":76,"column":25},"end":{"line":76,"column":94}},"28":{"start":{"line":77,"column":6},"end":{"line":77,"column":52}},"29":{"start":{"line":77,"column":29},"end":{"line":77,"column":50}},"30":{"start":{"line":79,"column":6},"end":{"line":79,"column":80}},"31":{"start":{"line":80,"column":6},"end":{"line":80,"column":65}},"32":{"start":{"line":83,"column":6},"end":{"line":83,"column":59}},"33":{"start":{"line":84,"column":6},"end":{"line":84,"column":78}},"34":{"start":{"line":85,"column":6},"end":{"line":85,"column":58}},"35":{"start":{"line":87,"column":6},"end":{"line":87,"column":27}},"36":{"start":{"line":91,"column":33},"end":{"line":119,"column":3}},"37":{"start":{"line":92,"column":4},"end":{"line":118,"column":6}},"38":{"start":{"line":101,"column":12},"end":{"line":114,"column":13}},"39":{"start":{"line":102,"column":36},"end":{"line":102,"column":71}},"40":{"start":{"line":103,"column":30},"end":{"line":103,"column":80}},"41":{"start":{"line":104,"column":14},"end":{"line":110,"column":15}},"42":{"start":{"line":105,"column":16},"end":{"line":105,"column":86}},"43":{"start":{"line":105,"column":39},"end":{"line":105,"column":84}},"44":{"start":{"line":105,"column":59},"end":{"line":105,"column":83}},"45":{"start":{"line":106,"column":16},"end":{"line":106,"column":90}},"46":{"start":{"line":107,"column":16},"end":{"line":107,"column":74}},"47":{"start":{"line":109,"column":16},"end":{"line":109,"column":68}},"48":{"start":{"line":112,"column":14},"end":{"line":112,"column":67}},"49":{"start":{"line":113,"column":14},"end":{"line":113,"column":66}},"50":{"start":{"line":121,"column":33},"end":{"line":134,"column":3}},"51":{"start":{"line":122,"column":4},"end":{"line":122,"column":60}},"52":{"start":{"line":123,"column":4},"end":{"line":133,"column":6}},"53":{"start":{"line":130,"column":10},"end":{"line":130,"column":70}},"54":{"start":{"line":136,"column":28},"end":{"line":147,"column":3}},"55":{"start":{"line":137,"column":4},"end":{"line":146,"column":5}},"56":{"start":{"line":139,"column":8},"end":{"line":139,"column":22}},"57":{"start":{"line":141,"column":8},"end":{"line":141,"column":30}},"58":{"start":{"line":143,"column":8},"end":{"line":143,"column":34}},"59":{"start":{"line":145,"column":8},"end":{"line":145,"column":26}},"60":{"start":{"line":149,"column":29},"end":{"line":160,"column":3}},"61":{"start":{"line":150,"column":4},"end":{"line":159,"column":5}},"62":{"start":{"line":152,"column":8},"end":{"line":152,"column":25}},"63":{"start":{"line":154,"column":8},"end":{"line":154,"column":25}},"64":{"start":{"line":156,"column":8},"end":{"line":156,"column":25}},"65":{"start":{"line":158,"column":8},"end":{"line":158,"column":25}},"66":{"start":{"line":162,"column":25},"end":{"line":166,"column":3}},"67":{"start":{"line":163,"column":4},"end":{"line":163,"column":47}},"68":{"start":{"line":163,"column":30},"end":{"line":163,"column":47}},"69":{"start":{"line":164,"column":4},"end":{"line":164,"column":60}},"70":{"start":{"line":164,"column":43},"end":{"line":164,"column":60}},"71":{"start":{"line":165,"column":4},"end":{"line":165,"column":21}},"72":{"start":{"line":168,"column":24},"end":{"line":172,"column":3}},"73":{"start":{"line":169,"column":4},"end":{"line":169,"column":47}},"74":{"start":{"line":169,"column":30},"end":{"line":169,"column":47}},"75":{"start":{"line":170,"column":4},"end":{"line":170,"column":60}},"76":{"start":{"line":170,"column":43},"end":{"line":170,"column":60}},"77":{"start":{"line":171,"column":4},"end":{"line":171,"column":20}},"78":{"start":{"line":174,"column":27},"end":{"line":187,"column":3}},"79":{"start":{"line":175,"column":4},"end":{"line":186,"column":11}},"80":{"start":{"line":184,"column":33},"end":{"line":184,"column":74}},"81":{"start":{"line":189,"column":28},"end":{"line":265,"column":3}},"82":{"start":{"line":190,"column":4},"end":{"line":264,"column":11}},"83":{"start":{"line":209,"column":12},"end":{"line":260,"column":19}},"84":{"start":{"line":246,"column":35},"end":{"line":246,"column":69}},"85":{"start":{"line":253,"column":35},"end":{"line":253,"column":72}},"86":{"start":{"line":267,"column":24},"end":{"line":306,"column":3}},"87":{"start":{"line":268,"column":4},"end":{"line":305,"column":11}},"88":{"start":{"line":287,"column":12},"end":{"line":287,"column":68}},"89":{"start":{"line":288,"column":12},"end":{"line":288,"column":93}},"90":{"start":{"line":299,"column":12},"end":{"line":299,"column":68}},"91":{"start":{"line":300,"column":12},"end":{"line":300,"column":87}},"92":{"start":{"line":308,"column":2},"end":{"line":317,"column":3}},"93":{"start":{"line":309,"column":4},"end":{"line":316,"column":6}},"94":{"start":{"line":319,"column":2},"end":{"line":334,"column":4}},"95":{"start":{"line":337,"column":15},"end":{"line":525,"column":2}}},"fnMap":{"0":{"name":"CredentialsScreen","decl":{"start":{"line":18,"column":24},"end":{"line":18,"column":41}},"loc":{"start":{"line":18,"column":44},"end":{"line":335,"column":1}},"line":18},"1":{"name":"(anonymous_1)","decl":{"start":{"line":23,"column":12},"end":{"line":23,"column":13}},"loc":{"start":{"line":23,"column":18},"end":{"line":25,"column":3}},"line":23},"2":{"name":"(anonymous_2)","decl":{"start":{"line":27,"column":26},"end":{"line":27,"column":27}},"loc":{"start":{"line":27,"column":38},"end":{"line":41,"column":3}},"line":27},"3":{"name":"(anonymous_3)","decl":{"start":{"line":43,"column":33},"end":{"line":43,"column":34}},"loc":{"start":{"line":43,"column":39},"end":{"line":55,"column":3}},"line":43},"4":{"name":"(anonymous_4)","decl":{"start":{"line":50,"column":42},"end":{"line":50,"column":43}},"loc":{"start":{"line":50,"column":48},"end":{"line":50,"column":81}},"line":50},"5":{"name":"(anonymous_5)","decl":{"start":{"line":51,"column":47},"end":{"line":51,"column":48}},"loc":{"start":{"line":51,"column":53},"end":{"line":51,"column":91}},"line":51},"6":{"name":"(anonymous_6)","decl":{"start":{"line":52,"column":51},"end":{"line":52,"column":52}},"loc":{"start":{"line":52,"column":57},"end":{"line":52,"column":99}},"line":52},"7":{"name":"(anonymous_7)","decl":{"start":{"line":57,"column":27},"end":{"line":57,"column":28}},"loc":{"start":{"line":57,"column":81},"end":{"line":89,"column":3}},"line":57},"8":{"name":"(anonymous_8)","decl":{"start":{"line":62,"column":24},"end":{"line":62,"column":25}},"loc":{"start":{"line":62,"column":35},"end":{"line":62,"column":60}},"line":62},"9":{"name":"(anonymous_9)","decl":{"start":{"line":77,"column":21},"end":{"line":77,"column":22}},"loc":{"start":{"line":77,"column":29},"end":{"line":77,"column":50}},"line":77},"10":{"name":"(anonymous_10)","decl":{"start":{"line":91,"column":33},"end":{"line":91,"column":34}},"loc":{"start":{"line":91,"column":59},"end":{"line":119,"column":3}},"line":91},"11":{"name":"(anonymous_11)","decl":{"start":{"line":100,"column":19},"end":{"line":100,"column":20}},"loc":{"start":{"line":100,"column":31},"end":{"line":115,"column":11}},"line":100},"12":{"name":"(anonymous_12)","decl":{"start":{"line":105,"column":31},"end":{"line":105,"column":32}},"loc":{"start":{"line":105,"column":39},"end":{"line":105,"column":84}},"line":105},"13":{"name":"(anonymous_13)","decl":{"start":{"line":105,"column":51},"end":{"line":105,"column":52}},"loc":{"start":{"line":105,"column":59},"end":{"line":105,"column":83}},"line":105},"14":{"name":"(anonymous_14)","decl":{"start":{"line":121,"column":33},"end":{"line":121,"column":34}},"loc":{"start":{"line":121,"column":70},"end":{"line":134,"column":3}},"line":121},"15":{"name":"(anonymous_15)","decl":{"start":{"line":128,"column":35},"end":{"line":128,"column":36}},"loc":{"start":{"line":128,"column":41},"end":{"line":131,"column":9}},"line":128},"16":{"name":"(anonymous_16)","decl":{"start":{"line":136,"column":28},"end":{"line":136,"column":29}},"loc":{"start":{"line":136,"column":46},"end":{"line":147,"column":3}},"line":136},"17":{"name":"(anonymous_17)","decl":{"start":{"line":149,"column":29},"end":{"line":149,"column":30}},"loc":{"start":{"line":149,"column":47},"end":{"line":160,"column":3}},"line":149},"18":{"name":"(anonymous_18)","decl":{"start":{"line":162,"column":25},"end":{"line":162,"column":26}},"loc":{"start":{"line":162,"column":61},"end":{"line":166,"column":3}},"line":162},"19":{"name":"(anonymous_19)","decl":{"start":{"line":168,"column":24},"end":{"line":168,"column":25}},"loc":{"start":{"line":168,"column":60},"end":{"line":172,"column":3}},"line":168},"20":{"name":"(anonymous_20)","decl":{"start":{"line":174,"column":27},"end":{"line":174,"column":28}},"loc":{"start":{"line":175,"column":4},"end":{"line":186,"column":11}},"line":175},"21":{"name":"(anonymous_21)","decl":{"start":{"line":184,"column":28},"end":{"line":184,"column":29}},"loc":{"start":{"line":184,"column":33},"end":{"line":184,"column":74}},"line":184},"22":{"name":"(anonymous_22)","decl":{"start":{"line":189,"column":28},"end":{"line":189,"column":29}},"loc":{"start":{"line":190,"column":4},"end":{"line":264,"column":11}},"line":190},"23":{"name":"(anonymous_23)","decl":{"start":{"line":208,"column":27},"end":{"line":208,"column":28}},"loc":{"start":{"line":209,"column":12},"end":{"line":260,"column":19}},"line":209},"24":{"name":"(anonymous_24)","decl":{"start":{"line":246,"column":29},"end":{"line":246,"column":30}},"loc":{"start":{"line":246,"column":35},"end":{"line":246,"column":69}},"line":246},"25":{"name":"(anonymous_25)","decl":{"start":{"line":253,"column":29},"end":{"line":253,"column":30}},"loc":{"start":{"line":253,"column":35},"end":{"line":253,"column":72}},"line":253},"26":{"name":"(anonymous_26)","decl":{"start":{"line":267,"column":24},"end":{"line":267,"column":25}},"loc":{"start":{"line":268,"column":4},"end":{"line":305,"column":11}},"line":268},"27":{"name":"(anonymous_27)","decl":{"start":{"line":286,"column":19},"end":{"line":286,"column":20}},"loc":{"start":{"line":286,"column":25},"end":{"line":289,"column":11}},"line":286},"28":{"name":"(anonymous_28)","decl":{"start":{"line":298,"column":19},"end":{"line":298,"column":20}},"loc":{"start":{"line":298,"column":25},"end":{"line":301,"column":11}},"line":298}},"branchMap":{"0":{"loc":{"start":{"line":104,"column":14},"end":{"line":110,"column":15}},"type":"if","locations":[{"start":{"line":104,"column":14},"end":{"line":110,"column":15}},{"start":{"line":108,"column":21},"end":{"line":110,"column":15}}],"line":104},"1":{"loc":{"start":{"line":137,"column":4},"end":{"line":146,"column":5}},"type":"switch","locations":[{"start":{"line":138,"column":6},"end":{"line":139,"column":22}},{"start":{"line":140,"column":6},"end":{"line":141,"column":30}},{"start":{"line":142,"column":6},"end":{"line":143,"column":34}},{"start":{"line":144,"column":6},"end":{"line":145,"column":26}}],"line":137},"2":{"loc":{"start":{"line":150,"column":4},"end":{"line":159,"column":5}},"type":"switch","locations":[{"start":{"line":151,"column":6},"end":{"line":152,"column":25}},{"start":{"line":153,"column":6},"end":{"line":154,"column":25}},{"start":{"line":155,"column":6},"end":{"line":156,"column":25}},{"start":{"line":157,"column":6},"end":{"line":158,"column":25}}],"line":150},"3":{"loc":{"start":{"line":163,"column":4},"end":{"line":163,"column":47}},"type":"if","locations":[{"start":{"line":163,"column":4},"end":{"line":163,"column":47}},{"start":{},"end":{}}],"line":163},"4":{"loc":{"start":{"line":164,"column":4},"end":{"line":164,"column":60}},"type":"if","locations":[{"start":{"line":164,"column":4},"end":{"line":164,"column":60}},{"start":{},"end":{}}],"line":164},"5":{"loc":{"start":{"line":169,"column":4},"end":{"line":169,"column":47}},"type":"if","locations":[{"start":{"line":169,"column":4},"end":{"line":169,"column":47}},{"start":{},"end":{}}],"line":169},"6":{"loc":{"start":{"line":170,"column":4},"end":{"line":170,"column":60}},"type":"if","locations":[{"start":{"line":170,"column":4},"end":{"line":170,"column":60}},{"start":{},"end":{}}],"line":170},"7":{"loc":{"start":{"line":181,"column":40},"end":{"line":181,"column":75}},"type":"cond-expr","locations":[{"start":{"line":181,"column":67},"end":{"line":181,"column":70}},{"start":{"line":181,"column":73},"end":{"line":181,"column":75}}],"line":181},"8":{"loc":{"start":{"line":184,"column":33},"end":{"line":184,"column":74}},"type":"binary-expr","locations":[{"start":{"line":184,"column":33},"end":{"line":184,"column":45}},{"start":{"line":184,"column":49},"end":{"line":184,"column":74}}],"line":184},"9":{"loc":{"start":{"line":198,"column":7},"end":{"line":263,"column":7}},"type":"cond-expr","locations":[{"start":{"line":199,"column":8},"end":{"line":205,"column":15}},{"start":{"line":207,"column":8},"end":{"line":262,"column":15}}],"line":198},"10":{"loc":{"start":{"line":308,"column":2},"end":{"line":317,"column":3}},"type":"if","locations":[{"start":{"line":308,"column":2},"end":{"line":317,"column":3}},{"start":{},"end":{}}],"line":308},"11":{"loc":{"start":{"line":327,"column":7},"end":{"line":332,"column":7}},"type":"binary-expr","locations":[{"start":{"line":327,"column":7},"end":{"line":327,"column":17}},{"start":{"line":328,"column":8},"end":{"line":331,"column":15}}],"line":327}},"s":{"0":0,"1":0,"2":0,"3":0,"4":0,"5":0,"6":0,"7":0,"8":0,"9":0,"10":0,"11":0,"12":0,"13":0,"14":0,"15":0,"16":0,"17":0,"18":0,"19":0,"20":0,"21":0,"22":0,"23":0,"24":0,"25":0,"26":0,"27":0,"28":0,"29":0,"30":0,"31":0,"32":0,"33":0,"34":0,"35":0,"36":0,"37":0,"38":0,"39":0,"40":0,"41":0,"42":0,"43":0,"44":0,"45":0,"46":0,"47":0,"48":0,"49":0,"50":0,"51":0,"52":0,"53":0,"54":0,"55":0,"56":0,"57":0,"58":0,"59":0,"60":0,"61":0,"62":0,"63":0,"64":0,"65":0,"66":0,"67":0,"68":0,"69":0,"70":0,"71":0,"72":0,"73":0,"74":0,"75":0,"76":0,"77":0,"78":0,"79":0,"80":0,"81":0,"82":0,"83":0,"84":0,"85":0,"86":0,"87":0,"88":0,"89":0,"90":0,"91":0,"92":0,"93":0,"94":0,"95":0},"f":{"0":0,"1":0,"2":0,"3":0,"4":0,"5":0,"6":0,"7":0,"8":0,"9":0,"10":0,"11":0,"12":0,"13":0,"14":0,"15":0,"16":0,"17":0,"18":0,"19":0,"20":0,"21":0,"22":0,"23":0,"24":0,"25":0,"26":0,"27":0,"28":0},"b":{"0":[0,0],"1":[0,0,0,0],"2":[0,0,0,0],"3":[0,0],"4":[0,0],"5":[0,0],"6":[0,0],"7":[0,0],"8":[0,0],"9":[0,0],"10":[0,0],"11":[0,0]}}
,"/Users/amanianai/geotag-app/tradepass-app/app/government.tsx": {"path":"/Users/amanianai/geotag-app/tradepass-app/app/government.tsx","statementMap":{"0":{"start":{"line":19,"column":36},"end":{"line":19,"column":70}},"1":{"start":{"line":20,"column":44},"end":{"line":20,"column":82}},"2":{"start":{"line":21,"column":36},"end":{"line":21,"column":50}},"3":{"start":{"line":22,"column":40},"end":{"line":22,"column":55}},"4":{"start":{"line":24,"column":2},"end":{"line":26,"column":9}},"5":{"start":{"line":25,"column":4},"end":{"line":25,"column":15}},"6":{"start":{"line":28,"column":19},"end":{"line":45,"column":3}},"7":{"start":{"line":29,"column":4},"end":{"line":44,"column":5}},"8":{"start":{"line":30,"column":6},"end":{"line":30,"column":25}},"9":{"start":{"line":33,"column":25},"end":{"line":33,"column":67}},"10":{"start":{"line":34,"column":27},"end":{"line":34,"column":61}},"11":{"start":{"line":35,"column":31},"end":{"line":35,"column":76}},"12":{"start":{"line":37,"column":6},"end":{"line":37,"column":33}},"13":{"start":{"line":38,"column":6},"end":{"line":38,"column":67}},"14":{"start":{"line":40,"column":6},"end":{"line":40,"column":51}},"15":{"start":{"line":41,"column":6},"end":{"line":41,"column":61}},"16":{"start":{"line":43,"column":6},"end":{"line":43,"column":26}},"17":{"start":{"line":47,"column":28},"end":{"line":57,"column":3}},"18":{"start":{"line":48,"column":4},"end":{"line":48,"column":60}},"19":{"start":{"line":49,"column":4},"end":{"line":56,"column":6}},"20":{"start":{"line":54,"column":48},"end":{"line":54,"column":70}},"21":{"start":{"line":59,"column":31},"end":{"line":99,"column":3}},"22":{"start":{"line":60,"column":4},"end":{"line":98,"column":5}},"23":{"start":{"line":61,"column":6},"end":{"line":61,"column":27}},"24":{"start":{"line":64,"column":6},"end":{"line":64,"column":62}},"25":{"start":{"line":64,"column":35},"end":{"line":64,"column":60}},"26":{"start":{"line":66,"column":25},"end":{"line":66,"column":67}},"27":{"start":{"line":67,"column":26},"end":{"line":85,"column":8}},"28":{"start":{"line":87,"column":6},"end":{"line":87,"column":51}},"29":{"start":{"line":87,"column":27},"end":{"line":87,"column":49}},"30":{"start":{"line":89,"column":6},"end":{"line":89,"column":80}},"31":{"start":{"line":90,"column":6},"end":{"line":90,"column":76}},"32":{"start":{"line":93,"column":6},"end":{"line":93,"column":52}},"33":{"start":{"line":94,"column":6},"end":{"line":94,"column":78}},"34":{"start":{"line":95,"column":6},"end":{"line":95,"column":73}},"35":{"start":{"line":97,"column":6},"end":{"line":97,"column":28}},"36":{"start":{"line":101,"column":31},"end":{"line":120,"column":3}},"37":{"start":{"line":102,"column":4},"end":{"line":119,"column":5}},"38":{"start":{"line":103,"column":6},"end":{"line":103,"column":27}},"39":{"start":{"line":104,"column":6},"end":{"line":104,"column":68}},"40":{"start":{"line":106,"column":25},"end":{"line":106,"column":67}},"41":{"start":{"line":107,"column":27},"end":{"line":107,"column":70}},"42":{"start":{"line":108,"column":6},"end":{"line":108,"column":56}},"43":{"start":{"line":108,"column":31},"end":{"line":108,"column":54}},"44":{"start":{"line":110,"column":6},"end":{"line":110,"column":80}},"45":{"start":{"line":111,"column":6},"end":{"line":111,"column":65}},"46":{"start":{"line":114,"column":6},"end":{"line":114,"column":51}},"47":{"start":{"line":115,"column":6},"end":{"line":115,"column":78}},"48":{"start":{"line":116,"column":6},"end":{"line":116,"column":59}},"49":{"start":{"line":118,"column":6},"end":{"line":118,"column":28}},"50":{"start":{"line":122,"column":32},"end":{"line":140,"column":3}},"51":{"start":{"line":123,"column":4},"end":{"line":139,"column":5}},"52":{"start":{"line":124,"column":6},"end":{"line":124,"column":68}},"53":{"start":{"line":126,"column":25},"end":{"line":126,"column":67}},"54":{"start":{"line":127,"column":22},"end":{"line":127,"column":73}},"55":{"start":{"line":129,"column":6},"end":{"line":135,"column":7}},"56":{"start":{"line":130,"column":8},"end":{"line":130,"column":82}},"57":{"start":{"line":131,"column":8},"end":{"line":131,"column":77}},"58":{"start":{"line":133,"column":8},"end":{"line":133,"column":80}},"59":{"start":{"line":134,"column":8},"end":{"line":134,"column":70}},"60":{"start":{"line":137,"column":6},"end":{"line":137,"column":56}},"61":{"start":{"line":138,"column":6},"end":{"line":138,"column":55}},"62":{"start":{"line":142,"column":27},"end":{"line":155,"column":3}},"63":{"start":{"line":143,"column":4},"end":{"line":154,"column":11}},"64":{"start":{"line":152,"column":35},"end":{"line":152,"column":58}},"65":{"start":{"line":152,"column":107},"end":{"line":152,"column":130}},"66":{"start":{"line":157,"column":26},"end":{"line":222,"column":3}},"67":{"start":{"line":158,"column":4},"end":{"line":221,"column":11}},"68":{"start":{"line":177,"column":12},"end":{"line":217,"column":19}},"69":{"start":{"line":209,"column":35},"end":{"line":209,"column":68}},"70":{"start":{"line":224,"column":24},"end":{"line":248,"column":3}},"71":{"start":{"line":225,"column":4},"end":{"line":247,"column":11}},"72":{"start":{"line":250,"column":2},"end":{"line":259,"column":3}},"73":{"start":{"line":251,"column":4},"end":{"line":258,"column":6}},"74":{"start":{"line":261,"column":2},"end":{"line":276,"column":4}},"75":{"start":{"line":279,"column":15},"end":{"line":468,"column":2}}},"fnMap":{"0":{"name":"GovernmentScreen","decl":{"start":{"line":18,"column":24},"end":{"line":18,"column":40}},"loc":{"start":{"line":18,"column":43},"end":{"line":277,"column":1}},"line":18},"1":{"name":"(anonymous_1)","decl":{"start":{"line":24,"column":12},"end":{"line":24,"column":13}},"loc":{"start":{"line":24,"column":18},"end":{"line":26,"column":3}},"line":24},"2":{"name":"(anonymous_2)","decl":{"start":{"line":28,"column":19},"end":{"line":28,"column":20}},"loc":{"start":{"line":28,"column":31},"end":{"line":45,"column":3}},"line":28},"3":{"name":"(anonymous_3)","decl":{"start":{"line":47,"column":28},"end":{"line":47,"column":29}},"loc":{"start":{"line":47,"column":34},"end":{"line":57,"column":3}},"line":47},"4":{"name":"(anonymous_4)","decl":{"start":{"line":54,"column":42},"end":{"line":54,"column":43}},"loc":{"start":{"line":54,"column":48},"end":{"line":54,"column":70}},"line":54},"5":{"name":"(anonymous_5)","decl":{"start":{"line":59,"column":31},"end":{"line":59,"column":32}},"loc":{"start":{"line":59,"column":43},"end":{"line":99,"column":3}},"line":59},"6":{"name":"(anonymous_6)","decl":{"start":{"line":64,"column":24},"end":{"line":64,"column":25}},"loc":{"start":{"line":64,"column":35},"end":{"line":64,"column":60}},"line":64},"7":{"name":"(anonymous_7)","decl":{"start":{"line":87,"column":19},"end":{"line":87,"column":20}},"loc":{"start":{"line":87,"column":27},"end":{"line":87,"column":49}},"line":87},"8":{"name":"(anonymous_8)","decl":{"start":{"line":101,"column":31},"end":{"line":101,"column":32}},"loc":{"start":{"line":101,"column":61},"end":{"line":120,"column":3}},"line":101},"9":{"name":"(anonymous_9)","decl":{"start":{"line":108,"column":23},"end":{"line":108,"column":24}},"loc":{"start":{"line":108,"column":31},"end":{"line":108,"column":54}},"line":108},"10":{"name":"(anonymous_10)","decl":{"start":{"line":122,"column":32},"end":{"line":122,"column":33}},"loc":{"start":{"line":122,"column":44},"end":{"line":140,"column":3}},"line":122},"11":{"name":"(anonymous_11)","decl":{"start":{"line":142,"column":27},"end":{"line":142,"column":28}},"loc":{"start":{"line":143,"column":4},"end":{"line":154,"column":11}},"line":143},"12":{"name":"(anonymous_12)","decl":{"start":{"line":152,"column":30},"end":{"line":152,"column":31}},"loc":{"start":{"line":152,"column":35},"end":{"line":152,"column":58}},"line":152},"13":{"name":"(anonymous_13)","decl":{"start":{"line":152,"column":102},"end":{"line":152,"column":103}},"loc":{"start":{"line":152,"column":107},"end":{"line":152,"column":130}},"line":152},"14":{"name":"(anonymous_14)","decl":{"start":{"line":157,"column":26},"end":{"line":157,"column":27}},"loc":{"start":{"line":158,"column":4},"end":{"line":221,"column":11}},"line":158},"15":{"name":"(anonymous_15)","decl":{"start":{"line":176,"column":25},"end":{"line":176,"column":26}},"loc":{"start":{"line":177,"column":12},"end":{"line":217,"column":19}},"line":177},"16":{"name":"(anonymous_16)","decl":{"start":{"line":209,"column":29},"end":{"line":209,"column":30}},"loc":{"start":{"line":209,"column":35},"end":{"line":209,"column":68}},"line":209},"17":{"name":"(anonymous_17)","decl":{"start":{"line":224,"column":24},"end":{"line":224,"column":25}},"loc":{"start":{"line":225,"column":4},"end":{"line":247,"column":11}},"line":225}},"branchMap":{"0":{"loc":{"start":{"line":38,"column":23},"end":{"line":38,"column":65}},"type":"cond-expr","locations":[{"start":{"line":38,"column":42},"end":{"line":38,"column":60}},{"start":{"line":38,"column":63},"end":{"line":38,"column":65}}],"line":38},"1":{"loc":{"start":{"line":129,"column":6},"end":{"line":135,"column":7}},"type":"if","locations":[{"start":{"line":129,"column":6},"end":{"line":135,"column":7}},{"start":{"line":132,"column":13},"end":{"line":135,"column":7}}],"line":129},"2":{"loc":{"start":{"line":149,"column":36},"end":{"line":149,"column":69}},"type":"cond-expr","locations":[{"start":{"line":149,"column":61},"end":{"line":149,"column":64}},{"start":{"line":149,"column":67},"end":{"line":149,"column":69}}],"line":149},"3":{"loc":{"start":{"line":152,"column":81},"end":{"line":152,"column":155}},"type":"cond-expr","locations":[{"start":{"line":152,"column":147},"end":{"line":152,"column":150}},{"start":{"line":152,"column":153},"end":{"line":152,"column":155}}],"line":152},"4":{"loc":{"start":{"line":166,"column":7},"end":{"line":220,"column":7}},"type":"cond-expr","locations":[{"start":{"line":167,"column":8},"end":{"line":173,"column":15}},{"start":{"line":175,"column":8},"end":{"line":219,"column":15}}],"line":166},"5":{"loc":{"start":{"line":180,"column":24},"end":{"line":180,"column":88}},"type":"cond-expr","locations":[{"start":{"line":180,"column":55},"end":{"line":180,"column":72}},{"start":{"line":180,"column":75},"end":{"line":180,"column":88}}],"line":180},"6":{"loc":{"start":{"line":200,"column":37},"end":{"line":200,"column":103}},"type":"cond-expr","locations":[{"start":{"line":200,"column":82},"end":{"line":200,"column":91}},{"start":{"line":200,"column":94},"end":{"line":200,"column":103}}],"line":200},"7":{"loc":{"start":{"line":207,"column":17},"end":{"line":215,"column":17}},"type":"binary-expr","locations":[{"start":{"line":207,"column":17},"end":{"line":207,"column":58}},{"start":{"line":208,"column":18},"end":{"line":214,"column":37}}],"line":207},"8":{"loc":{"start":{"line":250,"column":2},"end":{"line":259,"column":3}},"type":"if","locations":[{"start":{"line":250,"column":2},"end":{"line":259,"column":3}},{"start":{},"end":{}}],"line":250},"9":{"loc":{"start":{"line":269,"column":7},"end":{"line":274,"column":7}},"type":"binary-expr","locations":[{"start":{"line":269,"column":7},"end":{"line":269,"column":18}},{"start":{"line":270,"column":8},"end":{"line":273,"column":15}}],"line":269}},"s":{"0":0,"1":0,"2":0,"3":0,"4":0,"5":0,"6":0,"7":0,"8":0,"9":0,"10":0,"11":0,"12":0,"13":0,"14":0,"15":0,"16":0,"17":0,"18":0,"19":0,"20":0,"21":0,"22":0,"23":0,"24":0,"25":0,"26":0,"27":0,"28":0,"29":0,"30":0,"31":0,"32":0,"33":0,"34":0,"35":0,"36":0,"37":0,"38":0,"39":0,"40":0,"41":0,"42":0,"43":0,"44":0,"45":0,"46":0,"47":0,"48":0,"49":0,"50":0,"51":0,"52":0,"53":0,"54":0,"55":0,"56":0,"57":0,"58":0,"59":0,"60":0,"61":0,"62":0,"63":0,"64":0,"65":0,"66":0,"67":0,"68":0,"69":0,"70":0,"71":0,"72":0,"73":0,"74":0,"75":0},"f":{"0":0,"1":0,"2":0,"3":0,"4":0,"5":0,"6":0,"7":0,"8":0,"9":0,"10":0,"11":0,"12":0,"13":0,"14":0,"15":0,"16":0,"17":0},"b":{"0":[0,0],"1":[0,0],"2":[0,0],"3":[0,0],"4":[0,0],"5":[0,0],"6":[0,0],"7":[0,0],"8":[0,0],"9":[0,0]}}
,"/Users/amanianai/geotag-app/tradepass-app/app/gps.tsx": {"path":"/Users/amanianai/geotag-app/tradepass-app/app/gps.tsx","statementMap":{"0":{"start":{"line":27,"column":19},"end":{"line":27,"column":32}},"1":{"start":{"line":36,"column":6},"end":{"line":36,"column":14}},"2":{"start":{"line":38,"column":52},"end":{"line":38,"column":67}},"3":{"start":{"line":39,"column":32},"end":{"line":39,"column":102}},"4":{"start":{"line":40,"column":36},"end":{"line":40,"column":51}},"5":{"start":{"line":41,"column":36},"end":{"line":41,"column":51}},"6":{"start":{"line":44,"column":2},"end":{"line":52,"column":27}},"7":{"start":{"line":45,"column":4},"end":{"line":51,"column":9}},"8":{"start":{"line":46,"column":6},"end":{"line":50,"column":7}},"9":{"start":{"line":47,"column":8},"end":{"line":47,"column":35}},"10":{"start":{"line":49,"column":8},"end":{"line":49,"column":58}},"11":{"start":{"line":54,"column":25},"end":{"line":81,"column":3}},"12":{"start":{"line":55,"column":4},"end":{"line":55,"column":48}},"13":{"start":{"line":56,"column":4},"end":{"line":56,"column":31}},"14":{"start":{"line":58,"column":4},"end":{"line":80,"column":5}},"15":{"start":{"line":59,"column":6},"end":{"line":59,"column":69}},"16":{"start":{"line":60,"column":6},"end":{"line":60,"column":28}},"17":{"start":{"line":61,"column":6},"end":{"line":61,"column":59}},"18":{"start":{"line":63,"column":6},"end":{"line":65,"column":15}},"19":{"start":{"line":64,"column":8},"end":{"line":64,"column":36}},"20":{"start":{"line":67,"column":6},"end":{"line":67,"column":50}},"21":{"start":{"line":68,"column":6},"end":{"line":78,"column":8}},"22":{"start":{"line":72,"column":60},"end":{"line":72,"column":87}},"23":{"start":{"line":74,"column":12},"end":{"line":74,"column":40}},"24":{"start":{"line":75,"column":12},"end":{"line":75,"column":35}},"25":{"start":{"line":79,"column":6},"end":{"line":79,"column":34}},"26":{"start":{"line":83,"column":24},"end":{"line":91,"column":3}},"27":{"start":{"line":84,"column":4},"end":{"line":90,"column":5}},"28":{"start":{"line":85,"column":6},"end":{"line":85,"column":27}},"29":{"start":{"line":86,"column":6},"end":{"line":86,"column":44}},"30":{"start":{"line":88,"column":6},"end":{"line":88,"column":52}},"31":{"start":{"line":89,"column":6},"end":{"line":89,"column":58}},"32":{"start":{"line":93,"column":27},"end":{"line":100,"column":3}},"33":{"start":{"line":94,"column":4},"end":{"line":94,"column":59}},"34":{"start":{"line":94,"column":27},"end":{"line":94,"column":59}},"35":{"start":{"line":95,"column":4},"end":{"line":95,"column":45}},"36":{"start":{"line":95,"column":19},"end":{"line":95,"column":45}},"37":{"start":{"line":96,"column":4},"end":{"line":96,"column":81}},"38":{"start":{"line":96,"column":40},"end":{"line":96,"column":81}},"39":{"start":{"line":97,"column":4},"end":{"line":97,"column":61}},"40":{"start":{"line":97,"column":39},"end":{"line":97,"column":61}},"41":{"start":{"line":98,"column":4},"end":{"line":98,"column":52}},"42":{"start":{"line":98,"column":25},"end":{"line":98,"column":52}},"43":{"start":{"line":99,"column":4},"end":{"line":99,"column":28}},"44":{"start":{"line":102,"column":25},"end":{"line":107,"column":3}},"45":{"start":{"line":103,"column":4},"end":{"line":103,"column":57}},"46":{"start":{"line":103,"column":40},"end":{"line":103,"column":57}},"47":{"start":{"line":104,"column":4},"end":{"line":104,"column":37}},"48":{"start":{"line":104,"column":20},"end":{"line":104,"column":37}},"49":{"start":{"line":105,"column":4},"end":{"line":105,"column":42}},"50":{"start":{"line":105,"column":25},"end":{"line":105,"column":42}},"51":{"start":{"line":106,"column":4},"end":{"line":106,"column":21}},"52":{"start":{"line":109,"column":27},"end":{"line":109,"column":62}},"53":{"start":{"line":109,"column":46},"end":{"line":109,"column":62}},"54":{"start":{"line":110,"column":25},"end":{"line":110,"column":72}},"55":{"start":{"line":110,"column":47},"end":{"line":110,"column":72}},"56":{"start":{"line":112,"column":17},"end":{"line":114,"column":3}},"57":{"start":{"line":113,"column":4},"end":{"line":113,"column":53}},"58":{"start":{"line":113,"column":25},"end":{"line":113,"column":51}},"59":{"start":{"line":116,"column":18},"end":{"line":118,"column":3}},"60":{"start":{"line":117,"column":4},"end":{"line":117,"column":50}},"61":{"start":{"line":117,"column":25},"end":{"line":117,"column":48}},"62":{"start":{"line":120,"column":23},"end":{"line":125,"column":3}},"63":{"start":{"line":121,"column":4},"end":{"line":121,"column":55}},"64":{"start":{"line":121,"column":29},"end":{"line":121,"column":55}},"65":{"start":{"line":122,"column":4},"end":{"line":122,"column":49}},"66":{"start":{"line":122,"column":28},"end":{"line":122,"column":49}},"67":{"start":{"line":123,"column":4},"end":{"line":123,"column":47}},"68":{"start":{"line":123,"column":28},"end":{"line":123,"column":47}},"69":{"start":{"line":124,"column":4},"end":{"line":124,"column":27}},"70":{"start":{"line":127,"column":2},"end":{"line":410,"column":4}},"71":{"start":{"line":152,"column":33},"end":{"line":152,"column":56}},"72":{"start":{"line":158,"column":33},"end":{"line":158,"column":53}},"73":{"start":{"line":164,"column":33},"end":{"line":164,"column":55}},"74":{"start":{"line":187,"column":18},"end":{"line":187,"column":53}},"75":{"start":{"line":346,"column":27},"end":{"line":346,"column":51}},"76":{"start":{"line":382,"column":33},"end":{"line":382,"column":55}},"77":{"start":{"line":413,"column":15},"end":{"line":830,"column":2}}},"fnMap":{"0":{"name":"GPS","decl":{"start":{"line":25,"column":24},"end":{"line":25,"column":27}},"loc":{"start":{"line":25,"column":30},"end":{"line":411,"column":1}},"line":25},"1":{"name":"(anonymous_1)","decl":{"start":{"line":44,"column":12},"end":{"line":44,"column":13}},"loc":{"start":{"line":44,"column":18},"end":{"line":52,"column":3}},"line":44},"2":{"name":"(anonymous_2)","decl":{"start":{"line":45,"column":5},"end":{"line":45,"column":6}},"loc":{"start":{"line":45,"column":17},"end":{"line":51,"column":5}},"line":45},"3":{"name":"(anonymous_3)","decl":{"start":{"line":54,"column":25},"end":{"line":54,"column":26}},"loc":{"start":{"line":54,"column":37},"end":{"line":81,"column":3}},"line":54},"4":{"name":"(anonymous_4)","decl":{"start":{"line":63,"column":17},"end":{"line":63,"column":18}},"loc":{"start":{"line":63,"column":23},"end":{"line":65,"column":7}},"line":63},"5":{"name":"(anonymous_5)","decl":{"start":{"line":72,"column":54},"end":{"line":72,"column":55}},"loc":{"start":{"line":72,"column":60},"end":{"line":72,"column":87}},"line":72},"6":{"name":"(anonymous_6)","decl":{"start":{"line":73,"column":44},"end":{"line":73,"column":45}},"loc":{"start":{"line":73,"column":50},"end":{"line":76,"column":11}},"line":73},"7":{"name":"(anonymous_7)","decl":{"start":{"line":83,"column":24},"end":{"line":83,"column":25}},"loc":{"start":{"line":83,"column":36},"end":{"line":91,"column":3}},"line":83},"8":{"name":"(anonymous_8)","decl":{"start":{"line":93,"column":27},"end":{"line":93,"column":28}},"loc":{"start":{"line":93,"column":33},"end":{"line":100,"column":3}},"line":93},"9":{"name":"(anonymous_9)","decl":{"start":{"line":102,"column":25},"end":{"line":102,"column":26}},"loc":{"start":{"line":102,"column":31},"end":{"line":107,"column":3}},"line":102},"10":{"name":"(anonymous_10)","decl":{"start":{"line":109,"column":27},"end":{"line":109,"column":28}},"loc":{"start":{"line":109,"column":46},"end":{"line":109,"column":62}},"line":109},"11":{"name":"(anonymous_11)","decl":{"start":{"line":110,"column":25},"end":{"line":110,"column":26}},"loc":{"start":{"line":110,"column":47},"end":{"line":110,"column":72}},"line":110},"12":{"name":"(anonymous_12)","decl":{"start":{"line":112,"column":17},"end":{"line":112,"column":18}},"loc":{"start":{"line":112,"column":23},"end":{"line":114,"column":3}},"line":112},"13":{"name":"(anonymous_13)","decl":{"start":{"line":113,"column":17},"end":{"line":113,"column":18}},"loc":{"start":{"line":113,"column":25},"end":{"line":113,"column":51}},"line":113},"14":{"name":"(anonymous_14)","decl":{"start":{"line":116,"column":18},"end":{"line":116,"column":19}},"loc":{"start":{"line":116,"column":24},"end":{"line":118,"column":3}},"line":116},"15":{"name":"(anonymous_15)","decl":{"start":{"line":117,"column":17},"end":{"line":117,"column":18}},"loc":{"start":{"line":117,"column":25},"end":{"line":117,"column":48}},"line":117},"16":{"name":"(anonymous_16)","decl":{"start":{"line":120,"column":23},"end":{"line":120,"column":24}},"loc":{"start":{"line":120,"column":29},"end":{"line":125,"column":3}},"line":120},"17":{"name":"(anonymous_17)","decl":{"start":{"line":152,"column":27},"end":{"line":152,"column":28}},"loc":{"start":{"line":152,"column":33},"end":{"line":152,"column":56}},"line":152},"18":{"name":"(anonymous_18)","decl":{"start":{"line":158,"column":27},"end":{"line":158,"column":28}},"loc":{"start":{"line":158,"column":33},"end":{"line":158,"column":53}},"line":158},"19":{"name":"(anonymous_19)","decl":{"start":{"line":164,"column":27},"end":{"line":164,"column":28}},"loc":{"start":{"line":164,"column":33},"end":{"line":164,"column":55}},"line":164},"20":{"name":"(anonymous_20)","decl":{"start":{"line":186,"column":40},"end":{"line":186,"column":41}},"loc":{"start":{"line":186,"column":52},"end":{"line":188,"column":17}},"line":186},"21":{"name":"(anonymous_21)","decl":{"start":{"line":346,"column":21},"end":{"line":346,"column":22}},"loc":{"start":{"line":346,"column":27},"end":{"line":346,"column":51}},"line":346},"22":{"name":"(anonymous_22)","decl":{"start":{"line":382,"column":27},"end":{"line":382,"column":28}},"loc":{"start":{"line":382,"column":33},"end":{"line":382,"column":55}},"line":382}},"branchMap":{"0":{"loc":{"start":{"line":94,"column":4},"end":{"line":94,"column":59}},"type":"if","locations":[{"start":{"line":94,"column":4},"end":{"line":94,"column":59}},{"start":{},"end":{}}],"line":94},"1":{"loc":{"start":{"line":95,"column":4},"end":{"line":95,"column":45}},"type":"if","locations":[{"start":{"line":95,"column":4},"end":{"line":95,"column":45}},{"start":{},"end":{}}],"line":95},"2":{"loc":{"start":{"line":96,"column":4},"end":{"line":96,"column":81}},"type":"if","locations":[{"start":{"line":96,"column":4},"end":{"line":96,"column":81}},{"start":{},"end":{}}],"line":96},"3":{"loc":{"start":{"line":96,"column":8},"end":{"line":96,"column":38}},"type":"binary-expr","locations":[{"start":{"line":96,"column":8},"end":{"line":96,"column":18}},{"start":{"line":96,"column":22},"end":{"line":96,"column":38}}],"line":96},"4":{"loc":{"start":{"line":97,"column":4},"end":{"line":97,"column":61}},"type":"if","locations":[{"start":{"line":97,"column":4},"end":{"line":97,"column":61}},{"start":{},"end":{}}],"line":97},"5":{"loc":{"start":{"line":97,"column":8},"end":{"line":97,"column":37}},"type":"binary-expr","locations":[{"start":{"line":97,"column":8},"end":{"line":97,"column":18}},{"start":{"line":97,"column":22},"end":{"line":97,"column":37}}],"line":97},"6":{"loc":{"start":{"line":98,"column":4},"end":{"line":98,"column":52}},"type":"if","locations":[{"start":{"line":98,"column":4},"end":{"line":98,"column":52}},{"start":{},"end":{}}],"line":98},"7":{"loc":{"start":{"line":103,"column":4},"end":{"line":103,"column":57}},"type":"if","locations":[{"start":{"line":103,"column":4},"end":{"line":103,"column":57}},{"start":{},"end":{}}],"line":103},"8":{"loc":{"start":{"line":103,"column":8},"end":{"line":103,"column":38}},"type":"binary-expr","locations":[{"start":{"line":103,"column":8},"end":{"line":103,"column":25}},{"start":{"line":103,"column":29},"end":{"line":103,"column":38}}],"line":103},"9":{"loc":{"start":{"line":104,"column":4},"end":{"line":104,"column":37}},"type":"if","locations":[{"start":{"line":104,"column":4},"end":{"line":104,"column":37}},{"start":{},"end":{}}],"line":104},"10":{"loc":{"start":{"line":105,"column":4},"end":{"line":105,"column":42}},"type":"if","locations":[{"start":{"line":105,"column":4},"end":{"line":105,"column":42}},{"start":{},"end":{}}],"line":105},"11":{"loc":{"start":{"line":121,"column":4},"end":{"line":121,"column":55}},"type":"if","locations":[{"start":{"line":121,"column":4},"end":{"line":121,"column":55}},{"start":{},"end":{}}],"line":121},"12":{"loc":{"start":{"line":122,"column":4},"end":{"line":122,"column":49}},"type":"if","locations":[{"start":{"line":122,"column":4},"end":{"line":122,"column":49}},{"start":{},"end":{}}],"line":122},"13":{"loc":{"start":{"line":123,"column":4},"end":{"line":123,"column":47}},"type":"if","locations":[{"start":{"line":123,"column":4},"end":{"line":123,"column":47}},{"start":{},"end":{}}],"line":123},"14":{"loc":{"start":{"line":139,"column":17},"end":{"line":139,"column":51}},"type":"cond-expr","locations":[{"start":{"line":139,"column":30},"end":{"line":139,"column":38}},{"start":{"line":139,"column":41},"end":{"line":139,"column":51}}],"line":139},"15":{"loc":{"start":{"line":146,"column":9},"end":{"line":243,"column":9}},"type":"binary-expr","locations":[{"start":{"line":146,"column":9},"end":{"line":146,"column":24}},{"start":{"line":147,"column":10},"end":{"line":242,"column":17}}],"line":146},"16":{"loc":{"start":{"line":151,"column":48},"end":{"line":151,"column":95}},"type":"binary-expr","locations":[{"start":{"line":151,"column":48},"end":{"line":151,"column":71}},{"start":{"line":151,"column":75},"end":{"line":151,"column":95}}],"line":151},"17":{"loc":{"start":{"line":154,"column":52},"end":{"line":154,"column":103}},"type":"binary-expr","locations":[{"start":{"line":154,"column":52},"end":{"line":154,"column":75}},{"start":{"line":154,"column":79},"end":{"line":154,"column":103}}],"line":154},"18":{"loc":{"start":{"line":157,"column":48},"end":{"line":157,"column":92}},"type":"binary-expr","locations":[{"start":{"line":157,"column":48},"end":{"line":157,"column":68}},{"start":{"line":157,"column":72},"end":{"line":157,"column":92}}],"line":157},"19":{"loc":{"start":{"line":160,"column":52},"end":{"line":160,"column":100}},"type":"binary-expr","locations":[{"start":{"line":160,"column":52},"end":{"line":160,"column":72}},{"start":{"line":160,"column":76},"end":{"line":160,"column":100}}],"line":160},"20":{"loc":{"start":{"line":163,"column":48},"end":{"line":163,"column":94}},"type":"binary-expr","locations":[{"start":{"line":163,"column":48},"end":{"line":163,"column":70}},{"start":{"line":163,"column":74},"end":{"line":163,"column":94}}],"line":163},"21":{"loc":{"start":{"line":166,"column":52},"end":{"line":166,"column":102}},"type":"binary-expr","locations":[{"start":{"line":166,"column":52},"end":{"line":166,"column":74}},{"start":{"line":166,"column":78},"end":{"line":166,"column":102}}],"line":166},"22":{"loc":{"start":{"line":246,"column":9},"end":{"line":275,"column":9}},"type":"binary-expr","locations":[{"start":{"line":246,"column":9},"end":{"line":246,"column":24}},{"start":{"line":247,"column":10},"end":{"line":274,"column":17}}],"line":246},"23":{"loc":{"start":{"line":267,"column":19},"end":{"line":269,"column":31}},"type":"cond-expr","locations":[{"start":{"line":268,"column":22},"end":{"line":268,"column":120}},{"start":{"line":269,"column":22},"end":{"line":269,"column":31}}],"line":267},"24":{"loc":{"start":{"line":278,"column":9},"end":{"line":299,"column":9}},"type":"binary-expr","locations":[{"start":{"line":278,"column":9},"end":{"line":278,"column":25}},{"start":{"line":279,"column":10},"end":{"line":298,"column":17}}],"line":278},"25":{"loc":{"start":{"line":282,"column":22},"end":{"line":282,"column":63}},"type":"cond-expr","locations":[{"start":{"line":282,"column":35},"end":{"line":282,"column":42}},{"start":{"line":282,"column":45},"end":{"line":282,"column":63}}],"line":282},"26":{"loc":{"start":{"line":284,"column":23},"end":{"line":284,"column":57}},"type":"cond-expr","locations":[{"start":{"line":284,"column":36},"end":{"line":284,"column":45}},{"start":{"line":284,"column":48},"end":{"line":284,"column":57}}],"line":284},"27":{"loc":{"start":{"line":287,"column":17},"end":{"line":287,"column":75}},"type":"cond-expr","locations":[{"start":{"line":287,"column":30},"end":{"line":287,"column":53}},{"start":{"line":287,"column":56},"end":{"line":287,"column":75}}],"line":287},"28":{"loc":{"start":{"line":290,"column":17},"end":{"line":294,"column":83}},"type":"cond-expr","locations":[{"start":{"line":291,"column":20},"end":{"line":291,"column":50}},{"start":{"line":292,"column":20},"end":{"line":294,"column":83}}],"line":290},"29":{"loc":{"start":{"line":290,"column":17},"end":{"line":290,"column":47}},"type":"binary-expr","locations":[{"start":{"line":290,"column":17},"end":{"line":290,"column":34}},{"start":{"line":290,"column":38},"end":{"line":290,"column":47}}],"line":290},"30":{"loc":{"start":{"line":292,"column":20},"end":{"line":294,"column":83}},"type":"cond-expr","locations":[{"start":{"line":293,"column":22},"end":{"line":293,"column":82}},{"start":{"line":294,"column":22},"end":{"line":294,"column":83}}],"line":292},"31":{"loc":{"start":{"line":303,"column":11},"end":{"line":339,"column":11}},"type":"cond-expr","locations":[{"start":{"line":304,"column":12},"end":{"line":319,"column":19}},{"start":{"line":321,"column":12},"end":{"line":338,"column":19}}],"line":303},"32":{"loc":{"start":{"line":306,"column":23},"end":{"line":306,"column":91}},"type":"cond-expr","locations":[{"start":{"line":306,"column":56},"end":{"line":306,"column":77}},{"start":{"line":306,"column":80},"end":{"line":306,"column":91}}],"line":306},"33":{"loc":{"start":{"line":306,"column":23},"end":{"line":306,"column":53}},"type":"binary-expr","locations":[{"start":{"line":306,"column":23},"end":{"line":306,"column":40}},{"start":{"line":306,"column":44},"end":{"line":306,"column":53}}],"line":306},"34":{"loc":{"start":{"line":310,"column":22},"end":{"line":310,"column":70}},"type":"cond-expr","locations":[{"start":{"line":310,"column":55},"end":{"line":310,"column":61}},{"start":{"line":310,"column":64},"end":{"line":310,"column":70}}],"line":310},"35":{"loc":{"start":{"line":310,"column":22},"end":{"line":310,"column":52}},"type":"binary-expr","locations":[{"start":{"line":310,"column":22},"end":{"line":310,"column":39}},{"start":{"line":310,"column":43},"end":{"line":310,"column":52}}],"line":310},"36":{"loc":{"start":{"line":311,"column":26},"end":{"line":311,"column":56}},"type":"binary-expr","locations":[{"start":{"line":311,"column":26},"end":{"line":311,"column":43}},{"start":{"line":311,"column":47},"end":{"line":311,"column":56}}],"line":311},"37":{"loc":{"start":{"line":313,"column":15},"end":{"line":318,"column":15}},"type":"binary-expr","locations":[{"start":{"line":313,"column":16},"end":{"line":313,"column":33}},{"start":{"line":313,"column":37},"end":{"line":313,"column":46}},{"start":{"line":314,"column":16},"end":{"line":317,"column":23}}],"line":313},"38":{"loc":{"start":{"line":327,"column":34},"end":{"line":327,"column":98}},"type":"cond-expr","locations":[{"start":{"line":327,"column":52},"end":{"line":327,"column":92}},{"start":{"line":327,"column":95},"end":{"line":327,"column":98}}],"line":327},"39":{"loc":{"start":{"line":351,"column":20},"end":{"line":351,"column":61}},"type":"cond-expr","locations":[{"start":{"line":351,"column":32},"end":{"line":351,"column":44}},{"start":{"line":351,"column":47},"end":{"line":351,"column":61}}],"line":351},"40":{"loc":{"start":{"line":358,"column":11},"end":{"line":367,"column":11}},"type":"binary-expr","locations":[{"start":{"line":358,"column":11},"end":{"line":358,"column":20}},{"start":{"line":359,"column":12},"end":{"line":366,"column":19}}],"line":358},"41":{"loc":{"start":{"line":360,"column":66},"end":{"line":360,"column":95}},"type":"cond-expr","locations":[{"start":{"line":360,"column":86},"end":{"line":360,"column":89}},{"start":{"line":360,"column":92},"end":{"line":360,"column":95}}],"line":360},"42":{"loc":{"start":{"line":361,"column":61},"end":{"line":361,"column":83}},"type":"cond-expr","locations":[{"start":{"line":361,"column":74},"end":{"line":361,"column":77}},{"start":{"line":361,"column":80},"end":{"line":361,"column":83}}],"line":361},"43":{"loc":{"start":{"line":362,"column":60},"end":{"line":362,"column":81}},"type":"cond-expr","locations":[{"start":{"line":362,"column":72},"end":{"line":362,"column":75}},{"start":{"line":362,"column":78},"end":{"line":362,"column":81}}],"line":362},"44":{"loc":{"start":{"line":363,"column":66},"end":{"line":363,"column":95}},"type":"cond-expr","locations":[{"start":{"line":363,"column":86},"end":{"line":363,"column":89}},{"start":{"line":363,"column":92},"end":{"line":363,"column":95}}],"line":363},"45":{"loc":{"start":{"line":364,"column":67},"end":{"line":364,"column":94}},"type":"cond-expr","locations":[{"start":{"line":364,"column":85},"end":{"line":364,"column":88}},{"start":{"line":364,"column":91},"end":{"line":364,"column":94}}],"line":364},"46":{"loc":{"start":{"line":371,"column":9},"end":{"line":389,"column":9}},"type":"binary-expr","locations":[{"start":{"line":371,"column":9},"end":{"line":371,"column":27}},{"start":{"line":371,"column":31},"end":{"line":371,"column":42}},{"start":{"line":371,"column":46},"end":{"line":371,"column":64}},{"start":{"line":371,"column":68},"end":{"line":371,"column":78}},{"start":{"line":372,"column":10},"end":{"line":388,"column":17}}],"line":371},"47":{"loc":{"start":{"line":392,"column":9},"end":{"line":407,"column":9}},"type":"binary-expr","locations":[{"start":{"line":392,"column":9},"end":{"line":392,"column":19}},{"start":{"line":392,"column":23},"end":{"line":392,"column":39}},{"start":{"line":393,"column":10},"end":{"line":406,"column":17}}],"line":392}},"s":{"0":0,"1":0,"2":0,"3":0,"4":0,"5":0,"6":0,"7":0,"8":0,"9":0,"10":0,"11":0,"12":0,"13":0,"14":0,"15":0,"16":0,"17":0,"18":0,"19":0,"20":0,"21":0,"22":0,"23":0,"24":0,"25":0,"26":0,"27":0,"28":0,"29":0,"30":0,"31":0,"32":0,"33":0,"34":0,"35":0,"36":0,"37":0,"38":0,"39":0,"40":0,"41":0,"42":0,"43":0,"44":0,"45":0,"46":0,"47":0,"48":0,"49":0,"50":0,"51":0,"52":0,"53":0,"54":0,"55":0,"56":0,"57":0,"58":0,"59":0,"60":0,"61":0,"62":0,"63":0,"64":0,"65":0,"66":0,"67":0,"68":0,"69":0,"70":0,"71":0,"72":0,"73":0,"74":0,"75":0,"76":0,"77":0},"f":{"0":0,"1":0,"2":0,"3":0,"4":0,"5":0,"6":0,"7":0,"8":0,"9":0,"10":0,"11":0,"12":0,"13":0,"14":0,"15":0,"16":0,"17":0,"18":0,"19":0,"20":0,"21":0,"22":0},"b":{"0":[0,0],"1":[0,0],"2":[0,0],"3":[0,0],"4":[0,0],"5":[0,0],"6":[0,0],"7":[0,0],"8":[0,0],"9":[0,0],"10":[0,0],"11":[0,0],"12":[0,0],"13":[0,0],"14":[0,0],"15":[0,0],"16":[0,0],"17":[0,0],"18":[0,0],"19":[0,0],"20":[0,0],"21":[0,0],"22":[0,0],"23":[0,0],"24":[0,0],"25":[0,0],"26":[0,0],"27":[0,0],"28":[0,0],"29":[0,0],"30":[0,0],"31":[0,0],"32":[0,0],"33":[0,0],"34":[0,0],"35":[0,0],"36":[0,0],"37":[0,0,0],"38":[0,0],"39":[0,0],"40":[0,0],"41":[0,0],"42":[0,0],"43":[0,0],"44":[0,0],"45":[0,0],"46":[0,0,0,0,0],"47":[0,0,0]}}
,"/Users/amanianai/geotag-app/tradepass-app/app/identity.tsx": {"path":"/Users/amanianai/geotag-app/tradepass-app/app/identity.tsx","statementMap":{"0":{"start":{"line":10,"column":2},"end":{"line":78,"column":4}},"1":{"start":{"line":35,"column":16},"end":{"line":35,"column":72}},"2":{"start":{"line":36,"column":16},"end":{"line":36,"column":42}},"3":{"start":{"line":52,"column":16},"end":{"line":52,"column":72}},"4":{"start":{"line":53,"column":16},"end":{"line":53,"column":43}},"5":{"start":{"line":69,"column":16},"end":{"line":69,"column":72}},"6":{"start":{"line":70,"column":16},"end":{"line":70,"column":94}},"7":{"start":{"line":81,"column":15},"end":{"line":161,"column":2}}},"fnMap":{"0":{"name":"IdentityPage","decl":{"start":{"line":9,"column":24},"end":{"line":9,"column":36}},"loc":{"start":{"line":9,"column":39},"end":{"line":79,"column":1}},"line":9},"1":{"name":"(anonymous_1)","decl":{"start":{"line":34,"column":23},"end":{"line":34,"column":24}},"loc":{"start":{"line":34,"column":29},"end":{"line":37,"column":15}},"line":34},"2":{"name":"(anonymous_2)","decl":{"start":{"line":51,"column":23},"end":{"line":51,"column":24}},"loc":{"start":{"line":51,"column":29},"end":{"line":54,"column":15}},"line":51},"3":{"name":"(anonymous_3)","decl":{"start":{"line":68,"column":23},"end":{"line":68,"column":24}},"loc":{"start":{"line":68,"column":29},"end":{"line":71,"column":15}},"line":68}},"branchMap":{},"s":{"0":0,"1":0,"2":0,"3":0,"4":0,"5":0,"6":0,"7":0},"f":{"0":0,"1":0,"2":0,"3":0},"b":{}}
,"/Users/amanianai/geotag-app/tradepass-app/app/index-minimal.tsx": {"path":"/Users/amanianai/geotag-app/tradepass-app/app/index-minimal.tsx","statementMap":{"0":{"start":{"line":10,"column":2},"end":{"line":38,"column":4}},"1":{"start":{"line":41,"column":15},"end":{"line":92,"column":2}}},"fnMap":{"0":{"name":"MinimalTradePass","decl":{"start":{"line":9,"column":24},"end":{"line":9,"column":40}},"loc":{"start":{"line":9,"column":43},"end":{"line":39,"column":1}},"line":9}},"branchMap":{},"s":{"0":0,"1":0},"f":{"0":0},"b":{}}
,"/Users/amanianai/geotag-app/tradepass-app/app/index-original.tsx": {"path":"/Users/amanianai/geotag-app/tradepass-app/app/index-original.tsx","statementMap":{"0":{"start":{"line":14,"column":27},"end":{"line":17,"column":3}},"1":{"start":{"line":15,"column":4},"end":{"line":15,"column":59}},"2":{"start":{"line":16,"column":4},"end":{"line":16,"column":30}},"3":{"start":{"line":19,"column":20},"end":{"line":48,"column":3}},"4":{"start":{"line":50,"column":2},"end":{"line":126,"column":4}},"5":{"start":{"line":80,"column":14},"end":{"line":94,"column":33}},"6":{"start":{"line":83,"column":31},"end":{"line":83,"column":59}},"7":{"start":{"line":129,"column":15},"end":{"line":264,"column":2}}},"fnMap":{"0":{"name":"DashboardScreen","decl":{"start":{"line":13,"column":24},"end":{"line":13,"column":39}},"loc":{"start":{"line":13,"column":42},"end":{"line":127,"column":1}},"line":13},"1":{"name":"(anonymous_1)","decl":{"start":{"line":14,"column":27},"end":{"line":14,"column":28}},"loc":{"start":{"line":14,"column":46},"end":{"line":17,"column":3}},"line":14},"2":{"name":"(anonymous_2)","decl":{"start":{"line":79,"column":27},"end":{"line":79,"column":28}},"loc":{"start":{"line":80,"column":14},"end":{"line":94,"column":33}},"line":80},"3":{"name":"(anonymous_3)","decl":{"start":{"line":83,"column":25},"end":{"line":83,"column":26}},"loc":{"start":{"line":83,"column":31},"end":{"line":83,"column":59}},"line":83}},"branchMap":{},"s":{"0":0,"1":0,"2":0,"3":0,"4":0,"5":0,"6":0,"7":0},"f":{"0":0,"1":0,"2":0,"3":0},"b":{}}
,"/Users/amanianai/geotag-app/tradepass-app/app/index.tsx": {"path":"/Users/amanianai/geotag-app/tradepass-app/app/index.tsx","statementMap":{"0":{"start":{"line":17,"column":56},"end":{"line":17,"column":71}},"1":{"start":{"line":19,"column":2},"end":{"line":21,"column":9}},"2":{"start":{"line":20,"column":4},"end":{"line":20,"column":25}},"3":{"start":{"line":23,"column":29},"end":{"line":40,"column":3}},"4":{"start":{"line":24,"column":4},"end":{"line":39,"column":5}},"5":{"start":{"line":25,"column":6},"end":{"line":25,"column":59}},"6":{"start":{"line":28,"column":28},"end":{"line":28,"column":63}},"7":{"start":{"line":29,"column":6},"end":{"line":29,"column":39}},"8":{"start":{"line":34,"column":6},"end":{"line":34,"column":35}},"9":{"start":{"line":35,"column":6},"end":{"line":35,"column":71}},"10":{"start":{"line":37,"column":6},"end":{"line":37,"column":63}},"11":{"start":{"line":38,"column":6},"end":{"line":38,"column":35}},"12":{"start":{"line":41,"column":27},"end":{"line":50,"column":3}},"13":{"start":{"line":42,"column":4},"end":{"line":49,"column":5}},"14":{"start":{"line":43,"column":6},"end":{"line":43,"column":61}},"15":{"start":{"line":44,"column":6},"end":{"line":44,"column":32}},"16":{"start":{"line":46,"column":6},"end":{"line":46,"column":46}},"17":{"start":{"line":48,"column":6},"end":{"line":48,"column":55}},"18":{"start":{"line":52,"column":20},"end":{"line":88,"column":3}},"19":{"start":{"line":90,"column":2},"end":{"line":133,"column":4}},"20":{"start":{"line":114,"column":12},"end":{"line":128,"column":31}},"21":{"start":{"line":117,"column":29},"end":{"line":117,"column":57}},"22":{"start":{"line":136,"column":15},"end":{"line":224,"column":2}}},"fnMap":{"0":{"name":"DashboardScreen","decl":{"start":{"line":16,"column":24},"end":{"line":16,"column":39}},"loc":{"start":{"line":16,"column":42},"end":{"line":134,"column":1}},"line":16},"1":{"name":"(anonymous_1)","decl":{"start":{"line":19,"column":12},"end":{"line":19,"column":13}},"loc":{"start":{"line":19,"column":18},"end":{"line":21,"column":3}},"line":19},"2":{"name":"(anonymous_2)","decl":{"start":{"line":23,"column":29},"end":{"line":23,"column":30}},"loc":{"start":{"line":23,"column":41},"end":{"line":40,"column":3}},"line":23},"3":{"name":"(anonymous_3)","decl":{"start":{"line":41,"column":27},"end":{"line":41,"column":28}},"loc":{"start":{"line":41,"column":46},"end":{"line":50,"column":3}},"line":41},"4":{"name":"(anonymous_4)","decl":{"start":{"line":113,"column":25},"end":{"line":113,"column":26}},"loc":{"start":{"line":114,"column":12},"end":{"line":128,"column":31}},"line":114},"5":{"name":"(anonymous_5)","decl":{"start":{"line":117,"column":23},"end":{"line":117,"column":24}},"loc":{"start":{"line":117,"column":29},"end":{"line":117,"column":57}},"line":117}},"branchMap":{"0":{"loc":{"start":{"line":104,"column":26},"end":{"line":104,"column":83}},"type":"cond-expr","locations":[{"start":{"line":104,"column":48},"end":{"line":104,"column":66}},{"start":{"line":104,"column":69},"end":{"line":104,"column":83}}],"line":104},"1":{"loc":{"start":{"line":104,"column":102},"end":{"line":104,"column":145}},"type":"cond-expr","locations":[{"start":{"line":104,"column":124},"end":{"line":104,"column":133}},{"start":{"line":104,"column":136},"end":{"line":104,"column":145}}],"line":104},"2":{"loc":{"start":{"line":105,"column":52},"end":{"line":105,"column":95}},"type":"cond-expr","locations":[{"start":{"line":105,"column":74},"end":{"line":105,"column":83}},{"start":{"line":105,"column":86},"end":{"line":105,"column":95}}],"line":105},"3":{"loc":{"start":{"line":106,"column":13},"end":{"line":106,"column":90}},"type":"cond-expr","locations":[{"start":{"line":106,"column":35},"end":{"line":106,"column":59}},{"start":{"line":106,"column":62},"end":{"line":106,"column":90}}],"line":106}},"s":{"0":0,"1":0,"2":0,"3":0,"4":0,"5":0,"6":0,"7":0,"8":0,"9":0,"10":0,"11":0,"12":0,"13":0,"14":0,"15":0,"16":0,"17":0,"18":0,"19":0,"20":0,"21":0,"22":0},"f":{"0":0,"1":0,"2":0,"3":0,"4":0,"5":0},"b":{"0":[0,0],"1":[0,0],"2":[0,0],"3":[0,0]}}
,"/Users/amanianai/geotag-app/tradepass-app/app/market-analysis.tsx": {"path":"/Users/amanianai/geotag-app/tradepass-app/app/market-analysis.tsx","statementMap":{"0":{"start":{"line":53,"column":42},"end":{"line":53,"column":69}},"1":{"start":{"line":54,"column":40},"end":{"line":54,"column":70}},"2":{"start":{"line":55,"column":26},"end":{"line":55,"column":52}},"3":{"start":{"line":56,"column":36},"end":{"line":56,"column":50}},"4":{"start":{"line":57,"column":52},"end":{"line":57,"column":76}},"5":{"start":{"line":58,"column":36},"end":{"line":58,"column":89}},"6":{"start":{"line":60,"column":2},"end":{"line":62,"column":9}},"7":{"start":{"line":61,"column":4},"end":{"line":61,"column":21}},"8":{"start":{"line":64,"column":25},"end":{"line":184,"column":3}},"9":{"start":{"line":65,"column":4},"end":{"line":183,"column":5}},"10":{"start":{"line":66,"column":6},"end":{"line":66,"column":25}},"11":{"start":{"line":69,"column":6},"end":{"line":69,"column":62}},"12":{"start":{"line":69,"column":35},"end":{"line":69,"column":60}},"13":{"start":{"line":71,"column":40},"end":{"line":116,"column":7}},"14":{"start":{"line":118,"column":48},"end":{"line":146,"column":7}},"15":{"start":{"line":148,"column":37},"end":{"line":173,"column":7}},"16":{"start":{"line":175,"column":6},"end":{"line":175,"column":34}},"17":{"start":{"line":176,"column":6},"end":{"line":176,"column":38}},"18":{"start":{"line":177,"column":6},"end":{"line":177,"column":24}},"19":{"start":{"line":179,"column":6},"end":{"line":179,"column":58}},"20":{"start":{"line":180,"column":6},"end":{"line":180,"column":66}},"21":{"start":{"line":182,"column":6},"end":{"line":182,"column":26}},"22":{"start":{"line":186,"column":25},"end":{"line":186,"column":111}},"23":{"start":{"line":186,"column":45},"end":{"line":186,"column":111}},"24":{"start":{"line":187,"column":28},"end":{"line":192,"column":3}},"25":{"start":{"line":188,"column":4},"end":{"line":188,"column":57}},"26":{"start":{"line":188,"column":20},"end":{"line":188,"column":57}},"27":{"start":{"line":189,"column":4},"end":{"line":189,"column":57}},"28":{"start":{"line":189,"column":20},"end":{"line":189,"column":57}},"29":{"start":{"line":190,"column":4},"end":{"line":190,"column":57}},"30":{"start":{"line":190,"column":20},"end":{"line":190,"column":57}},"31":{"start":{"line":191,"column":4},"end":{"line":191,"column":32}},"32":{"start":{"line":194,"column":24},"end":{"line":201,"column":3}},"33":{"start":{"line":195,"column":4},"end":{"line":200,"column":5}},"34":{"start":{"line":196,"column":22},"end":{"line":196,"column":39}},"35":{"start":{"line":197,"column":22},"end":{"line":197,"column":39}},"36":{"start":{"line":198,"column":22},"end":{"line":198,"column":39}},"37":{"start":{"line":199,"column":15},"end":{"line":199,"column":32}},"38":{"start":{"line":203,"column":25},"end":{"line":210,"column":3}},"39":{"start":{"line":204,"column":4},"end":{"line":209,"column":5}},"40":{"start":{"line":205,"column":23},"end":{"line":205,"column":40}},"41":{"start":{"line":206,"column":23},"end":{"line":206,"column":40}},"42":{"start":{"line":207,"column":22},"end":{"line":207,"column":39}},"43":{"start":{"line":208,"column":15},"end":{"line":208,"column":32}},"44":{"start":{"line":212,"column":28},"end":{"line":215,"column":3}},"45":{"start":{"line":213,"column":4},"end":{"line":213,"column":60}},"46":{"start":{"line":214,"column":4},"end":{"line":214,"column":21}},"47":{"start":{"line":217,"column":27},"end":{"line":220,"column":3}},"48":{"start":{"line":218,"column":4},"end":{"line":218,"column":59}},"49":{"start":{"line":21
[...]
"11":{"start":{"line":102,"column":12},"end":{"line":102,"column":73}},"12":{"start":{"line":104,"column":12},"end":{"line":104,"column":90}},"13":{"start":{"line":108,"column":28},"end":{"line":108,"column":94}},"14":{"start":{"line":109,"column":46},"end":{"line":116,"column":11}},"15":{"start":{"line":118,"column":10},"end":{"line":123,"column":13}},"16":{"start":{"line":125,"column":10},"end":{"line":125,"column":68}},"17":{"start":{"line":127,"column":10},"end":{"line":127,"column":73}},"18":{"start":{"line":128,"column":10},"end":{"line":132,"column":13}},"19":{"start":{"line":133,"column":10},"end":{"line":133,"column":22}},"20":{"start":{"line":138,"column":8},"end":{"line":138,"column":58}},"21":{"start":{"line":139,"column":8},"end":{"line":139,"column":33}},"22":{"start":{"line":141,"column":8},"end":{"line":181,"column":9}},"23":{"start":{"line":142,"column":24},"end":{"line":142,"column":29}},"24":{"start":{"line":145,"column":10},"end":{"line":153,"column":11}},"25":{"start":{"line":146,"column":39},"end":{"line":146,"column":99}},"26":{"start":{"line":147,"column":12},"end":{"line":150,"column":13}},"27":{"start":{"line":148,"column":14},"end":{"line":148,"column":71}},"28":{"start":{"line":149,"column":14},"end":{"line":149,"column":59}},"29":{"start":{"line":152,"column":12},"end":{"line":152,"column":76}},"30":{"start":{"line":156,"column":10},"end":{"line":167,"column":11}},"31":{"start":{"line":157,"column":54},"end":{"line":161,"column":13}},"32":{"start":{"line":163,"column":12},"end":{"line":166,"column":15}},"33":{"start":{"line":169,"column":10},"end":{"line":172,"column":13}},"34":{"start":{"line":174,"column":10},"end":{"line":174,"column":68}},"35":{"start":{"line":176,"column":10},"end":{"line":176,"column":68}},"36":{"start":{"line":177,"column":10},"end":{"line":180,"column":13}},"37":{"start":{"line":185,"column":8},"end":{"line":185,"column":46}},"38":{"start":{"line":186,"column":8},"end":{"line":219,"column":9}},"39":{"start":{"line":187,"column":10},"end":{"line":187,"column":63}},"40":{"start":{"line":188,"column":29},"end":{"line":188,"column":79}},"41":{"start":{"line":189,"column":10},"end":{"line":189,"column":59}},"42":{"start":{"line":192,"column":26},"end":{"line":192,"column":46}},"43":{"start":{"line":194,"column":10},"end":{"line":201,"column":11}},"44":{"start":{"line":195,"column":12},"end":{"line":200,"column":13}},"45":{"start":{"line":196,"column":39},"end":{"line":196,"column":89}},"46":{"start":{"line":197,"column":14},"end":{"line":197,"column":80}},"47":{"start":{"line":199,"column":14},"end":{"line":199,"column":87}},"48":{"start":{"line":203,"column":10},"end":{"line":207,"column":13}},"49":{"start":{"line":209,"column":10},"end":{"line":211,"column":11}},"50":{"start":{"line":210,"column":12},"end":{"line":210,"column":64}},"51":{"start":{"line":213,"column":10},"end":{"line":213,"column":54}},"52":{"start":{"line":214,"column":10},"end":{"line":217,"column":13}},"53":{"start":{"line":218,"column":10},"end":{"line":218,"column":22}},"54":{"start":{"line":223,"column":8},"end":{"line":223,"column":46}},"55":{"start":{"line":224,"column":8},"end":{"line":272,"column":9}},"56":{"start":{"line":225,"column":10},"end":{"line":225,"column":56}},"57":{"start":{"line":229,"column":10},"end":{"line":241,"column":11}},"58":{"start":{"line":230,"column":12},"end":{"line":230,"column":58}},"59":{"start":{"line":231,"column":12},"end":{"line":235,"column":15}},"60":{"start":{"line":237,"column":12},"end":{"line":237,"column":81}},"61":{"start":{"line":238,"column":12},"end":{"line":240,"column":15}},"62":{"start":{"line":243,"column":10},"end":{"line":243,"column":63}},"63":{"start":{"line":245,"column":45},"end":{"line":255,"column":11}},"64":{"start":{"line":257,"column":10},"end":{"line":262,"column":13}},"65":{"start":{"line":264,"column":10},"end":{"line":264,"column":30}},"66":{"start":{"line":266,"column":10},"end":{"line":266,"column":52}},"67":{"start":{"line":267,"column":10},"end":{"line":270,"column":13}},"68":{"start":{"line":271,"column":10},"end":{"line":271,"column":22}},"69":{"start":{"line":276,"column":8},"end":{"line":294,"column":9}},"70":{"start":{"line":278,"column":28},"end":{"line":283,"column":11}},"71":{"start":{"line":285,"column":24},"end":{"line":285,"column":55}},"72":{"start":{"line":286,"column":10},"end":{"line":286,"column":45}},"73":{"start":{"line":288,"column":10},"end":{"line":288,"column":23}},"74":{"start":{"line":290,"column":10},"end":{"line":292,"column":13}},"75":{"start":{"line":293,"column":10},"end":{"line":293,"column":22}},"76":{"start":{"line":298,"column":8},"end":{"line":312,"column":9}},"77":{"start":{"line":299,"column":31},"end":{"line":304,"column":11}},"78":{"start":{"line":305,"column":32},"end":{"line":305,"column":66}},"79":{"start":{"line":306,"column":10},"end":{"line":306,"column":41}},"80":{"start":{"line":308,"column":10},"end":{"line":310,"column":13}},"81":{"start":{"line":311,"column":10},"end":{"line":311,"column":22}},"82":{"start":{"line":317,"column":8},"end":{"line":326,"column":9}},"83":{"start":{"line":318,"column":28},"end":{"line":318,"column":85}},"84":{"start":{"line":319,"column":10},"end":{"line":319,"column":51}},"85":{"start":{"line":320,"column":10},"end":{"line":320,"column":67}},"86":{"start":{"line":322,"column":10},"end":{"line":324,"column":13}},"87":{"start":{"line":325,"column":10},"end":{"line":325,"column":22}},"88":{"start":{"line":330,"column":8},"end":{"line":339,"column":9}},"89":{"start":{"line":331,"column":10},"end":{"line":331,"column":67}},"90":{"start":{"line":332,"column":10},"end":{"line":332,"column":52}},"91":{"start":{"line":333,"column":10},"end":{"line":333,"column":55}},"92":{"start":{"line":335,"column":10},"end":{"line":337,"column":13}},"93":{"start":{"line":338,"column":10},"end":{"line":338,"column":22}},"94":{"start":{"line":343,"column":8},"end":{"line":372,"column":9}},"95":{"start":{"line":344,"column":37},"end":{"line":344,"column":85}},"96":{"start":{"line":345,"column":46},"end":{"line":364,"column":13}},"97":{"start":{"line":345,"column":83},"end":{"line":364,"column":11}},"98":{"start":{"line":349,"column":55},"end":{"line":359,"column":13}},"99":{"start":{"line":366,"column":10},"end":{"line":366,"column":41}},"100":{"start":{"line":368,"column":10},"end":{"line":368,"column":60}},"101":{"start":{"line":369,"column":10},"end":{"line":371,"column":13}},"102":{"start":{"line":376,"column":8},"end":{"line":413,"column":9}},"103":{"start":{"line":377,"column":24},"end":{"line":377,"column":29}},"104":{"start":{"line":378,"column":10},"end":{"line":380,"column":11}},"105":{"start":{"line":379,"column":12},"end":{"line":379,"column":40}},"106":{"start":{"line":382,"column":36},"end":{"line":382,"column":87}},"107":{"start":{"line":383,"column":10},"end":{"line":407,"column":11}},"108":{"start":{"line":384,"column":45},"end":{"line":403,"column":13}},"109":{"start":{"line":388,"column":65},"end":{"line":398,"column":15}},"110":{"start":{"line":405,"column":12},"end":{"line":405,"column":45}},"111":{"start":{"line":406,"column":12},"end":{"line":406,"column":27}},"112":{"start":{"line":409,"column":10},"end":{"line":409,"column":22}},"113":{"start":{"line":411,"column":10},"end":{"line":411,"column":67}},"114":{"start":{"line":412,"column":10},"end":{"line":412,"column":22}},"115":{"start":{"line":417,"column":8},"end":{"line":433,"column":9}},"116":{"start":{"line":423,"column":24},"end":{"line":423,"column":29}},"117":{"start":{"line":424,"column":34},"end":{"line":424,"column":90}},"118":{"start":{"line":424,"column":64},"end":{"line":424,"column":89}},"119":{"start":{"line":425,"column":10},"end":{"line":425,"column":48}},"120":{"start":{"line":427,"column":10},"end":{"line":427,"column":55}},"121":{"start":{"line":429,"column":10},"end":{"line":429,"column":60}},"122":{"start":{"line":430,"column":10},"end":{"line":432,"column":13}},"123":{"start":{"line":437,"column":8},"end":{"line":449,"column":9}},"124":{"start":{"line":438,"column":10},"end":{"line":438,"column":57}},"125":{"start":{"line":439,"column":10},"end":{"line":442,"column":13}},"126":{"start":{"line":443,"column":10},"end":{"line":443,"column":48}},"127":{"start":{"line":445,"column":10},"end":{"line":445,"column":61}},"128":{"start":{"line":446,"column":10},"end":{"line":448,"column":13}},"129":{"start":{"line":453,"column":8},"end":{"line":453,"column":52}},"130":{"start":{"line":457,"column":26},"end":{"line":457,"column":54}},"131":{"start":{"line":459,"column":8},"end":{"line":461,"column":12}},"132":{"start":{"line":459,"column":24},"end":{"line":461,"column":9}},"133":{"start":{"line":460,"column":66},"end":{"line":460,"column":77}},"134":{"start":{"line":463,"column":51},"end":{"line":463,"column":88}},"135":{"start":{"line":464,"column":24},"end":{"line":464,"column":44}},"136":{"start":{"line":465,"column":40},"end":{"line":465,"column":67}},"137":{"start":{"line":469,"column":39},"end":{"line":469,"column":51}},"138":{"start":{"line":470,"column":30},"end":{"line":477,"column":7}}},"fnMap":{"0":{"name":"(anonymous_0)","decl":{"start":{"line":71,"column":4},"end":{"line":71,"column":5}},"loc":{"start":{"line":71,"column":19},"end":{"line":466,"column":5}},"line":71},"1":{"name":"(anonymous_1)","decl":{"start":{"line":87,"column":21},"end":{"line":87,"column":22}},"loc":{"start":{"line":87,"column":33},"end":{"line":135,"column":7}},"line":87},"2":{"name":"(anonymous_2)","decl":{"start":{"line":137,"column":20},"end":{"line":137,"column":21}},"loc":{"start":{"line":137,"column":32},"end":{"line":182,"column":7}},"line":137},"3":{"name":"(anonymous_3)","decl":{"start":{"line":184,"column":26},"end":{"line":184,"column":27}},"loc":{"start":{"line":184,"column":38},"end":{"line":220,"column":7}},"line":184},"4":{"name":"(anonymous_4)","decl":{"start":{"line":222,"column":26},"end":{"line":222,"column":27}},"loc":{"start":{"line":222,"column":38},"end":{"line":273,"column":7}},"line":222},"5":{"name":"(anonymous_5)","decl":{"start":{"line":275,"column":21},"end":{"line":275,"column":22}},"loc":{"start":{"line":275,"column":55},"end":{"line":295,"column":7}},"line":275},"6":{"name":"(anonymous_6)","decl":{"start":{"line":297,"column":19},"end":{"line":297,"column":20}},"loc":{"start":{"line":297,"column":68},"end":{"line":313,"column":7}},"line":297},"7":{"name":"(anonymous_7)","decl":{"start":{"line":316,"column":31},"end":{"line":316,"column":32}},"loc":{"start":{"line":316,"column":43},"end":{"line":327,"column":7}},"line":316},"8":{"name":"(anonymous_8)","decl":{"start":{"line":329,"column":30},"end":{"line":329,"column":31}},"loc":{"start":{"line":329,"column":42},"end":{"line":340,"column":7}},"line":329},"9":{"name":"(anonymous_9)","decl":{"start":{"line":342,"column":23},"end":{"line":342,"column":24}},"loc":{"start":{"line":342,"column":35},"end":{"line":373,"column":7}},"line":342},"10":{"name":"(anonymous_10)","decl":{"start":{"line":345,"column":69},"end":{"line":345,"column":70}},"loc":{"start":{"line":345,"column":83},"end":{"line":364,"column":11}},"line":345},"11":{"name":"(anonymous_11)","decl":{"start":{"line":349,"column":47},"end":{"line":349,"column":48}},"loc":{"start":{"line":349,"column":55},"end":{"line":359,"column":13}},"line":349},"12":{"name":"(anonymous_12)","decl":{"start":{"line":375,"column":25},"end":{"line":375,"column":26}},"loc":{"start":{"line":375,"column":37},"end":{"line":414,"column":7}},"line":375},"13":{"name":"(anonymous_13)","decl":{"start":{"line":388,"column":57},"end":{"line":388,"column":58}},"loc":{"start":{"line":388,"column":65},"end":{"line":398,"column":15}},"line":388},"14":{"name":"(anonymous_14)","decl":{"start":{"line":416,"column":21},"end":{"line":416,"column":22}},"loc":{"start":{"line":416,"column":50},"end":{"line":434,"column":7}},"line":416},"15":{"name":"(anonymous_15)","decl":{"start":{"line":424,"column":59},"end":{"line":424,"column":60}},"loc":{"start":{"line":424,"column":64},"end":{"line":424,"column":89}},"line":424},"16":{"name":"(anonymous_16)","decl":{"start":{"line":436,"column":24},"end":{"line":436,"column":25}},"loc":{"start":{"line":436,"column":36},"end":{"line":450,"column":7}},"line":436},"17":{"name":"(anonymous_17)","decl":{"start":{"line":452,"column":36},"end":{"line":452,"column":37}},"loc":{"start":{"line":452,"column":58},"end":{"line":454,"column":7}},"line":452},"18":{"name":"(anonymous_18)","decl":{"start":{"line":457,"column":20},"end":{"line":457,"column":21}},"loc":{"start":{"line":457,"column":26},"end":{"line":457,"column":54}},"line":457},"19":{"name":"(anonymous_19)","decl":{"start":{"line":458,"column":26},"end":{"line":458,"column":27}},"loc":{"start":{"line":458,"column":45},"end":{"line":462,"column":7}},"line":458},"20":{"name":"(anonymous_20)","decl":{"start":{"line":459,"column":12},"end":{"line":459,"column":13}},"loc":{"start":{"line":459,"column":24},"end":{"line":461,"column":9}},"line":459},"21":{"name":"(anonymous_21)","decl":{"start":{"line":460,"column":56},"end":{"line":460,"column":57}},"loc":{"start":{"line":460,"column":66},"end":{"line":460,"column":77}},"line":460},"22":{"name":"(anonymous_22)","decl":{"start":{"line":463,"column":28},"end":{"line":463,"column":29}},"loc":{"start":{"line":463,"column":51},"end":{"line":463,"column":88}},"line":463},"23":{"name":"(anonymous_23)","decl":{"start":{"line":464,"column":18},"end":{"line":464,"column":19}},"loc":{"start":{"line":464,"column":24},"end":{"line":464,"column":44}},"line":464},"24":{"name":"(anonymous_24)","decl":{"start":{"line":465,"column":18},"end":{"line":465,"column":19}},"loc":{"start":{"line":465,"column":40},"end":{"line":465,"column":67}},"line":465},"25":{"name":"(anonymous_25)","decl":{"start":{"line":469,"column":33},"end":{"line":469,"column":34}},"loc":{"start":{"line":469,"column":39},"end":{"line":469,"column":51}},"line":469},"26":{"name":"(anonymous_26)","decl":{"start":{"line":470,"column":18},"end":{"line":470,"column":19}},"loc":{"start":{"line":470,"column":30},"end":{"line":477,"column":7}},"line":470}},"branchMap":{"0":{"loc":{"start":{"line":94,"column":10},"end":{"line":96,"column":11}},"type":"if","locations":[{"start":{"line":94,"column":10},"end":{"line":96,"column":11}},{"start":{},"end":{}}],"line":94},"1":{"loc":{"start":{"line":131,"column":19},"end":{"line":131,"column":90}},"type":"cond-expr","locations":[{"start":{"line":131,"column":44},"end":{"line":131,"column":57}},{"start":{"line":131,"column":60},"end":{"line":131,"column":90}}],"line":131},"2":{"loc":{"start":{"line":147,"column":12},"end":{"line":150,"column":13}},"type":"if","locations":[{"start":{"line":147,"column":12},"end":{"line":150,"column":13}},{"start":{},"end":{}}],"line":147},"3":{"loc":{"start":{"line":156,"column":10},"end":{"line":167,"column":11}},"type":"if","locations":[{"start":{"line":156,"column":10},"end":{"line":167,"column":11}},{"start":{},"end":{}}],"line":156},"4":{"loc":{"start":{"line":179,"column":19},"end":{"line":179,"column":85}},"type":"cond-expr","locations":[{"start":{"line":179,"column":44},"end":{"line":179,"column":57}},{"start":{"line":179,"column":60},"end":{"line":179,"column":85}}],"line":179},"5":{"loc":{"start":{"line":194,"column":10},"end":{"line":201,"column":11}},"type":"if","locations":[{"start":{"line":194,"column":10},"end":{"line":201,"column":11}},{"start":{},"end":{}}],"line":194},"6":{"loc":{"start":{"line":209,"column":10},"end":{"line":211,"column":11}},"type":"if","locations":[{"start":{"line":209,"column":10},"end":{"line":211,"column":11}},{"start":{},"end":{}}],"line":209},"7":{"loc":{"start":{"line":216,"column":19},"end":{"line":216,"column":91}},"type":"cond-expr","locations":[{"start":{"line":216,"column":44},"end":{"line":216,"column":57}},{"start":{"line":216,"column":60},"end":{"line":216,"column":91}}],"line":216},"8":{"loc":{"start":{"line":248,"column":22},"end":{"line":248,"column":53}},"type":"binary-expr","locations":[{"start":{"line":248,"column":22},"end":{"line":248,"column":46}},{"start":{"line":248,"column":50},"end":{"line":248,"column":53}}],"line":248},"9":{"loc":{"start":{"line":269,"column":19},"end":{"line":269,"column":84}},"type":"cond-expr","locations":[{"start":{"line":269,"column":44},"end":{"line":269,"column":57}},{"start":{"line":269,"column":60},"end":{"line":269,"column":84}}],"line":269},"10":{"loc":{"start":{"line":291,"column":19},"end":{"line":291,"column":86}},"type":"cond-expr","locations":[{"start":{"line":291,"column":44},"end":{"line":291,"column":57}},{"start":{"line":291,"column":60},"end":{"line":291,"column":86}}],"line":291},"11":{"loc":{"start":{"line":309,"column":19},"end":{"line":309,"column":84}},"type":"cond-expr","locations":[{"start":{"line":309,"column":44},"end":{"line":309,"column":57}},{"start":{"line":309,"column":60},"end":{"line":309,"column":84}}],"line":309},"12":{"loc":{"start":{"line":323,"column":19},"end":{"line":323,"column":97}},"type":"cond-expr","locations":[{"start":{"line":323,"column":44},"end":{"line":323,"column":57}},{"start":{"line":323,"column":60},"end":{"line":323,"column":97}}],"line":323},"13":{"loc":{"start":{"line":336,"column":19},"end":{"line":336,"column":96}},"type":"cond-expr","locations":[{"start":{"line":336,"column":44},"end":{"line":336,"column":57}},{"start":{"line":336,"column":60},"end":{"line":336,"column":96}}],"line":336},"14":{"loc":{"start":{"line":370,"column":19},"end":{"line":370,"column":85}},"type":"cond-expr","locations":[{"start":{"line":370,"column":44},"end":{"line":370,"column":57}},{"start":{"line":370,"column":60},"end":{"line":370,"column":85}}],"line":370},"15":{"loc":{"start":{"line":378,"column":10},"end":{"line":380,"column":11}},"type":"if","locations":[{"start":{"line":378,"column":10},"end":{"line":380,"column":11}},{"start":{},"end":{}}],"line":378},"16":{"loc":{"start":{"line":383,"column":10},"end":{"line":407,"column":11}},"type":"if","locations":[{"start":{"line":383,"column":10},"end":{"line":407,"column":11}},{"start":{},"end":{}}],"line":383},"17":{"loc":{"start":{"line":431,"column":19},"end":{"line":431,"column":86}},"type":"cond-expr","locations":[{"start":{"line":431,"column":44},"end":{"line":431,"column":57}},{"start":{"line":431,"column":60},"end":{"line":431,"column":86}}],"line":431},"18":{"loc":{"start":{"line":447,"column":19},"end":{"line":447,"column":86}},"type":"cond-expr","locations":[{"start":{"line":447,"column":44},"end":{"line":447,"column":57}},{"start":{"line":447,"column":60},"end":{"line":447,"column":86}}],"line":447}},"s":{"0":0,"1":0,"2":0,"3":0,"4":0,"5":0,"6":0,"7":0,"8":0,"9":0,"10":0,"11":0,"12":0,"13":0,"14":0,"15":0,"16":0,"17":0,"18":0,"19":0,"20":0,"21":0,"22":0,"23":0,"24":0,"25":0,"26":0,"27":0,"28":0,"29":0,"30":0,"31":0,"32":0,"33":0,"34":0,"35":0,"36":0,"37":0,"38":0,"39":0,"40":0,"41":0,"42":0,"43":0,"44":0,"45":0,"46":0,"47":0,"48":0,"49":0,"50":0,"51":0,"52":0,"53":0,"54":0,"55":0,"56":0,"57":0,"58":0,"59":0,"60":0,"61":0,"62":0,"63":0,"64":0,"65":0,"66":0,"67":0,"68":0,"69":0,"70":0,"71":0,"72":0,"73":0,"74":0,"75":0,"76":0,"77":0,"78":0,"79":0,"80":0,"81":0,"82":0,"83":0,"84":0,"85":0,"86":0,"87":0,"88":0,"89":0,"90":0,"91":0,"92":0,"93":0,"94":0,"95":0,"96":0,"97":0,"98":0,"99":0,"100":0,"101":0,"102":0,"103":0,"104":0,"105":0,"106":0,"107":0,"108":0,"109":0,"110":0,"111":0,"112":0,"113":0,"114":0,"115":0,"116":0,"117":0,"118":0,"119":0,"120":0,"121":0,"122":0,"123":0,"124":0,"125":0,"126":0,"127":0,"128":0,"129":0,"130":0,"131":0,"132":0,"133":0,"134":0,"135":0,"136":0,"137":0,"138":0},"f":{"0":0,"1":0,"2":0,"3":0,"4":0,"5":0,"6":0,"7":0,"8":0,"9":0,"10":0,"11":0,"12":0,"13":0,"14":0,"15":0,"16":0,"17":0,"18":0,"19":0,"20":0,"21":0,"22":0,"23":0,"24":0,"25":0,"26":0},"b":{"0":[0,0],"1":[0,0],"2":[0,0],"3":[0,0],"4":[0,0],"5":[0,0],"6":[0,0],"7":[0,0],"8":[0,0],"9":[0,0],"10":[0,0],"11":[0,0],"12":[0,0],"13":[0,0],"14":[0,0],"15":[0,0],"16":[0,0],"17":[0,0],"18":[0,0]}}
}
