TN:
SF:app/_layout.tsx
FN:8,RootLayout
FN:9,(anonymous_1)
FNF:2
FNH:0
FNDA:0,RootLayout
FNDA:0,(anonymous_1)
DA:6,0
DA:9,0
DA:11,0
DA:14,0
LF:4
LH:0
BRF:0
BRH:0
end_of_record
TN:
SF:app/biometric.tsx
FN:12,BiometricScreen
FN:30,(anonymous_1)
FN:49,(anonymous_2)
FN:68,(anonymous_3)
FNF:4
FNH:0
FNDA:0,BiometricScreen
FNDA:0,(anonymous_1)
FNDA:0,(anonymous_2)
FNDA:0,(anonymous_3)
DA:13,0
DA:31,0
DA:33,0
DA:50,0
DA:52,0
DA:69,0
DA:71,0
DA:81,0
LF:8
LH:0
BRF:0
BRH:0
end_of_record
TN:
SF:app/compliance-reports.tsx
FN:55,ComplianceReports
FN:63,(anonymous_1)
FN:67,(anonymous_2)
FN:72,(anonymous_3)
FN:218,(anonymous_4)
FN:236,(anonymous_5)
FN:245,(anonymous_6)
FN:254,(anonymous_7)
FN:263,(anonymous_8)
FN:270,(anonymous_9)
FN:271,(anonymous_10)
FN:276,(anonymous_11)
FN:278,(anonymous_12)
FN:326,(anonymous_13)
FN:337,(anonymous_14)
FN:340,(anonymous_15)
FN:362,(anonymous_16)
FN:365,(anonymous_17)
FN:409,(anonymous_18)
FN:415,(anonymous_19)
FN:422,(anonymous_20)
FN:456,(anonymous_21)
FN:460,(anonymous_22)
FNF:23
FNH:0
FNDA:0,ComplianceReports
FNDA:0,(anonymous_1)
FNDA:0,(anonymous_2)
FNDA:0,(anonymous_3)
FNDA:0,(anonymous_4)
FNDA:0,(anonymous_5)
FNDA:0,(anonymous_6)
FNDA:0,(anonymous_7)
FNDA:0,(anonymous_8)
FNDA:0,(anonymous_9)
FNDA:0,(anonymous_10)
FNDA:0,(anonymous_11)
FNDA:0,(anonymous_12)
FNDA:0,(anonymous_13)
FNDA:0,(anonymous_14)
FNDA:0,(anonymous_15)
FNDA:0,(anonymous_16)
FNDA:0,(anonymous_17)
FNDA:0,(anonymous_18)
FNDA:0,(anonymous_19)
FNDA:0,(anonymous_20)
FNDA:0,(anonymous_21)
FNDA:0,(anonymous_22)
DA:56,0
DA:57,0
DA:58,0
DA:59,0
DA:60,0
DA:61,0
DA:63,0
DA:64,0
DA:67,0
DA:68,0
DA:69,0
DA:72,0
DA:74,0
DA:126,0
DA:169,0
DA:207,0
DA:208,0
DA:209,0
DA:211,0
DA:212,0
DA:214,0
DA:218,0
DA:219,0
DA:222,0
DA:225,0
DA:227,0
DA:230,0
DA:232,0
DA:236,0
DA:237,0
DA:238,0
DA:239,0
DA:240,0
DA:241,0
DA:245,0
DA:246,0
DA:247,0
DA:248,0
DA:249,0
DA:250,0
DA:254,0
DA:255,0
DA:256,0
DA:257,0
DA:259,0
DA:263,0
DA:264,0
DA:265,0
DA:270,0
DA:271,0
DA:276,0
DA:277,0
DA:279,0
DA:326,0
DA:337,0
DA:338,0
DA:341,0
DA:362,0
DA:363,0
DA:366,0
DA:409,0
DA:410,0
DA:416,0
DA:423,0
DA:424,0
DA:432,0
DA:433,0
DA:443,0
DA:456,0
DA:460,0
DA:493,0
LF:71
LH:0
BRDA:219,0,0,0
BRDA:219,0,1,0
BRDA:219,0,2,0
BRDA:219,0,3,0
BRDA:219,0,4,0
BRDA:219,0,5,0
BRDA:219,0,6,0
BRDA:219,0,7,0
BRDA:237,1,0,0
BRDA:237,1,1,0
BRDA:237,1,2,0
BRDA:237,1,3,0
BRDA:246,2,0,0
BRDA:246,2,1,0
BRDA:246,2,2,0
BRDA:246,2,3,0
BRDA:256,3,0,0
BRDA:256,3,1,0
BRDA:295,4,0,0
BRDA:295,4,1,0
BRDA:300,5,0,0
BRDA:300,5,1,0
BRDA:312,6,0,0
BRDA:312,6,1,0
BRDA:323,7,0,0
BRDA:323,7,1,0
BRDA:373,8,0,0
BRDA:373,8,1,0
BRDA:373,9,0,0
BRDA:373,9,1,0
BRDA:377,10,0,0
BRDA:377,10,1,0
BRDA:377,11,0,0
BRDA:377,11,1,0
BRDA:420,12,0,0
BRDA:420,12,1,0
BRDA:432,13,0,0
BRDA:432,13,1,0
BRDA:474,14,0,0
BRDA:474,14,1,0
BRDA:475,15,0,0
BRDA:475,15,1,0
BRDA:476,16,0,0
BRDA:476,16,1,0
BRF:44
BRH:0
end_of_record
TN:
SF:app/credentials.tsx
FN:18,CredentialsScreen
FN:23,(anonymous_1)
FN:27,(anonymous_2)
FN:43,(anonymous_3)
FN:50,(anonymous_4)
FN:51,(anonymous_5)
FN:52,(anonymous_6)
FN:57,(anonymous_7)
FN:62,(anonymous_8)
FN:77,(anonymous_9)
FN:91,(anonymous_10)
FN:100,(anonymous_11)
FN:105,(anonymous_12)
FN:105,(anonymous_13)
FN:121,(anonymous_14)
FN:128,(anonymous_15)
FN:136,(anonymous_16)
FN:149,(anonymous_17)
FN:162,(anonymous_18)
FN:168,(anonymous_19)
FN:174,(anonymous_20)
FN:184,(anonymous_21)
FN:189,(anonymous_22)
FN:208,(anonymous_23)
FN:246,(anonymous_24)
FN:253,(anonymous_25)
FN:267,(anonymous_26)
FN:286,(anonymous_27)
FN:298,(anonymous_28)
FNF:29
FNH:0
FNDA:0,CredentialsScreen
FNDA:0,(anonymous_1)
FNDA:0,(anonymous_2)
FNDA:0,(anonymous_3)
FNDA:0,(anonymous_4)
FNDA:0,(anonymous_5)
FNDA:0,(anonymous_6)
FNDA:0,(anonymous_7)
FNDA:0,(anonymous_8)
FNDA:0,(anonymous_9)
FNDA:0,(anonymous_10)
FNDA:0,(anonymous_11)
FNDA:0,(anonymous_12)
FNDA:0,(anonymous_13)
FNDA:0,(anonymous_14)
FNDA:0,(anonymous_15)
FNDA:0,(anonymous_16)
FNDA:0,(anonymous_17)
FNDA:0,(anonymous_18)
FNDA:0,(anonymous_19)
FNDA:0,(anonymous_20)
FNDA:0,(anonymous_21)
FNDA:0,(anonymous_22)
FNDA:0,(anonymous_23)
FNDA:0,(anonymous_24)
FNDA:0,(anonymous_25)
FNDA:0,(anonymous_26)
FNDA:0,(anonymous_27)
FNDA:0,(anonymous_28)
DA:19,0
DA:20,0
DA:21,0
DA:23,0
DA:24,0
DA:27,0
DA:28,0
DA:29,0
DA:32,0
DA:33,0
DA:34,0
DA:36,0
DA:37,0
DA:39,0
DA:43,0
DA:44,0
DA:45,0
DA:50,0
DA:51,0
DA:52,0
DA:57,0
DA:58,0
DA:59,0
DA:62,0
DA:64,0
DA:75,0
DA:76,0
DA:77,0
DA:79,0
DA:80,0
DA:83,0
DA:84,0
DA:85,0
DA:87,0
DA:91,0
DA:92,0
DA:101,0
DA:102,0
DA:103,0
DA:104,0
DA:105,0
DA:106,0
DA:107,0
DA:109,0
DA:112,0
DA:113,0
DA:121,0
DA:122,0
DA:123,0
DA:130,0
DA:136,0
DA:137,0
DA:139,0
DA:141,0
DA:143,0
DA:145,0
DA:149,0
DA:150,0
DA:152,0
DA:154,0
DA:156,0
DA:158,0
DA:162,0
DA:163,0
DA:164,0
DA:165,0
DA:168,0
DA:169,0
DA:170,0
DA:171,0
DA:174,0
DA:175,0
DA:184,0
DA:189,0
DA:190,0
DA:209,0
DA:246,0
DA:253,0
DA:267,0
DA:268,0
DA:287,0
DA:288,0
DA:299,0
DA:300,0
DA:308,0
DA:309,0
DA:319,0
DA:337,0
LF:88
LH:0
BRDA:104,0,0,0
BRDA:104,0,1,0
BRDA:137,1,0,0
BRDA:137,1,1,0
BRDA:137,1,2,0
BRDA:137,1,3,0
BRDA:150,2,0,0
BRDA:150,2,1,0
BRDA:150,2,2,0
BRDA:150,2,3,0
BRDA:163,3,0,0
BRDA:163,3,1,0
BRDA:164,4,0,0
BRDA:164,4,1,0
BRDA:169,5,0,0
BRDA:169,5,1,0
BRDA:170,6,0,0
BRDA:170,6,1,0
BRDA:181,7,0,0
BRDA:181,7,1,0
BRDA:184,8,0,0
BRDA:184,8,1,0
BRDA:198,9,0,0
BRDA:198,9,1,0
BRDA:308,10,0,0
BRDA:308,10,1,0
BRDA:327,11,0,0
BRDA:327,11,1,0
BRF:28
BRH:0
end_of_record
TN:
SF:app/government.tsx
FN:18,GovernmentScreen
FN:24,(anonymous_1)
FN:28,(anonymous_2)
FN:47,(anonymous_3)
FN:54,(anonymous_4)
FN:59,(anonymous_5)
FN:64,(anonymous_6)
FN:87,(anonymous_7)
FN:101,(anonymous_8)
FN:108,(anonymous_9)
FN:122,(anonymous_10)
FN:142,(anonymous_11)
FN:152,(anonymous_12)
FN:152,(anonymous_13)
FN:157,(anonymous_14)
FN:176,(anonymous_15)
FN:209,(anonymous_16)
FN:224,(anonymous_17)
FNF:18
FNH:0
FNDA:0,GovernmentScreen
FNDA:0,(anonymous_1)
FNDA:0,(anonymous_2)
FNDA:0,(anonymous_3)
FNDA:0,(anonymous_4)
FNDA:0,(anonymous_5)
FNDA:0,(anonymous_6)
FNDA:0,(anonymous_7)
FNDA:0,(anonymous_8)
FNDA:0,(anonymous_9)
FNDA:0,(anonymous_10)
FNDA:0,(anonymous_11)
FNDA:0,(anonymous_12)
FNDA:0,(anonymous_13)
FNDA:0,(anonymous_14)
FNDA:0,(anonymous_15)
FNDA:0,(anonymous_16)
FNDA:0,(anonymous_17)
DA:19,0
DA:20,0
DA:21,0
DA:22,0
DA:24,0
DA:25,0
DA:28,0
DA:29,0
DA:30,0
DA:33,0
DA:34,0
DA:35,0
DA:37,0
DA:38,0
DA:40,0
DA:41,0
DA:43,0
DA:47,0
DA:48,0
DA:49,0
DA:54,0
DA:59,0
DA:60,0
DA:61,0
DA:64,0
DA:66,0
DA:67,0
DA:87,0
DA:89,0
DA:90,0
DA:93,0
DA:94,0
DA:95,0
DA:97,0
DA:101,0
DA:102,0
DA:103,0
DA:104,0
DA:106,0
DA:107,0
DA:108,0
DA:110,0
DA:111,0
DA:114,0
DA:115,0
DA:116,0
DA:118,0
DA:122,0
DA:123,0
DA:124,0
DA:126,0
DA:127,0
DA:129,0
DA:130,0
DA:131,0
DA:133,0
DA:134,0
DA:137,0
DA:138,0
DA:142,0
DA:143,0
DA:152,0
DA:157,0
DA:158,0
DA:177,0
DA:209,0
DA:224,0
DA:225,0
DA:250,0
DA:251,0
DA:261,0
DA:279,0
LF:72
LH:0
BRDA:38,0,0,0
BRDA:38,0,1,0
BRDA:129,1,0,0
BRDA:129,1,1,0
BRDA:149,2,0,0
BRDA:149,2,1,0
BRDA:152,3,0,0
BRDA:152,3,1,0
BRDA:166,4,0,0
BRDA:166,4,1,0
BRDA:180,5,0,0
BRDA:180,5,1,0
BRDA:200,6,0,0
BRDA:200,6,1,0
BRDA:207,7,0,0
BRDA:207,7,1,0
BRDA:250,8,0,0
BRDA:250,8,1,0
BRDA:269,9,0,0
BRDA:269,9,1,0
BRF:20
BRH:0
end_of_record
TN:
SF:app/gps.tsx
FN:25,GPS
FN:44,(anonymous_1)
FN:45,(anonymous_2)
FN:54,(anonymous_3)
FN:63,(anonymous_4)
FN:72,(anonymous_5)
FN:73,(anonymous_6)
FN:83,(anonymous_7)
FN:93,(anonymous_8)
FN:102,(anonymous_9)
FN:109,(anonymous_10)
FN:110,(anonymous_11)
FN:112,(anonymous_12)
FN:113,(anonymous_13)
FN:116,(anonymous_14)
FN:117,(anonymous_15)
FN:120,(anonymous_16)
FN:152,(anonymous_17)
FN:158,(anonymous_18)
FN:164,(anonymous_19)
FN:186,(anonymous_20)
FN:346,(anonymous_21)
FN:382,(anonymous_22)
FNF:23
FNH:0
FNDA:0,GPS
FNDA:0,(anonymous_1)
FNDA:0,(anonymous_2)
FNDA:0,(anonymous_3)
FNDA:0,(anonymous_4)
FNDA:0,(anonymous_5)
FNDA:0,(anonymous_6)
FNDA:0,(anonymous_7)
FNDA:0,(anonymous_8)
FNDA:0,(anonymous_9)
FNDA:0,(anonymous_10)
FNDA:0,(anonymous_11)
FNDA:0,(anonymous_12)
FNDA:0,(anonymous_13)
FNDA:0,(anonymous_14)
FNDA:0,(anonymous_15)
FNDA:0,(anonymous_16)
FNDA:0,(anonymous_17)
FNDA:0,(anonymous_18)
FNDA:0,(anonymous_19)
FNDA:0,(anonymous_20)
FNDA:0,(anonymous_21)
FNDA:0,(anonymous_22)
DA:27,0
DA:36,0
DA:38,0
DA:39,0
DA:40,0
DA:41,0
DA:44,0
DA:45,0
DA:46,0
DA:47,0
DA:49,0
DA:54,0
DA:55,0
DA:56,0
DA:58,0
DA:59,0
DA:60,0
DA:61,0
DA:63,0
DA:64,0
DA:67,0
DA:68,0
DA:72,0
DA:74,0
DA:75,0
DA:79,0
DA:83,0
DA:84,0
DA:85,0
DA:86,0
DA:88,0
DA:89,0
DA:93,0
DA:94,0
DA:95,0
DA:96,0
DA:97,0
DA:98,0
DA:99,0
DA:102,0
DA:103,0
DA:104,0
DA:105,0
DA:106,0
DA:109,0
DA:110,0
DA:112,0
DA:113,0
DA:116,0
DA:117,0
DA:120,0
DA:121,0
DA:122,0
DA:123,0
DA:124,0
DA:127,0
DA:152,0
DA:158,0
DA:164,0
DA:187,0
DA:346,0
DA:382,0
DA:413,0
LF:63
LH:0
BRDA:94,0,0,0
BRDA:94,0,1,0
BRDA:95,1,0,0
BRDA:95,1,1,0
BRDA:96,2,0,0
BRDA:96,2,1,0
BRDA:96,3,0,0
BRDA:96,3,1,0
BRDA:97,4,0,0
BRDA:97,4,1,0
BRDA:97,5,0,0
BRDA:97,5,1,0
BRDA:98,6,0,0
BRDA:98,6,1,0
BRDA:103,7,0,0
BRDA:103,7,1,0
BRDA:103,8,0,0
BRDA:103,8,1,0
BRDA:104,9,0,0
BRDA:104,9,1,0
BRDA:105,10,0,0
BRDA:105,10,1,0
BRDA:121,11,0,0
BRDA:121,11,1,0
BRDA:122,12,0,0
BRDA:122,12,1,0
BRDA:123,13,0,0
BRDA:123,13,1,0
BRDA:139,14,0,0
BRDA:139,14,1,0
BRDA:146,15,0,0
BRDA:146,15,1,0
BRDA:151,16,0,0
BRDA:151,16,1,0
BRDA:154,17,0,0
BRDA:154,17,1,0
BRDA:157,18,0,0
BRDA:157,18,1,0
BRDA:160,19,0,0
BRDA:160,19,1,0
BRDA:163,20,0,0
BRDA:163,20,1,0
BRDA:166,21,0,0
BRDA:166,21,1,0
BRDA:246,22,0,0
BRDA:246,22,1,0
BRDA:267,23,0,0
BRDA:267,23,1,0
BRDA:278,24,0,0
BRDA:278,24,1,0
BRDA:282,25,0,0
BRDA:282,25,1,0
BRDA:284,26,0,0
BRDA:284,26,1,0
BRDA:287,27,0,0
BRDA:287,27,1,0
BRDA:290,28,0,0
BRDA:290,28,1,0
BRDA:290,29,0,0
BRDA:290,29,1,0
BRDA:292,30,0,0
BRDA:292,30,1,0
BRDA:303,31,0,0
BRDA:303,31,1,0
BRDA:306,32,0,0
BRDA:306,32,1,0
BRDA:306,33,0,0
BRDA:306,33,1,0
BRDA:310,34,0,0
BRDA:310,34,1,0
BRDA:310,35,0,0
BRDA:310,35,1,0
BRDA:311,36,0,0
BRDA:311,36,1,0
BRDA:313,37,0,0
BRDA:313,37,1,0
BRDA:313,37,2,0
BRDA:327,38,0,0
BRDA:327,38,1,0
BRDA:351,39,0,0
BRDA:351,39,1,0
BRDA:358,40,0,0
BRDA:358,40,1,0
BRDA:360,41,0,0
BRDA:360,41,1,0
BRDA:361,42,0,0
BRDA:361,42,1,0
BRDA:362,43,0,0
BRDA:362,43,1,0
BRDA:363,44,0,0
BRDA:363,44,1,0
BRDA:364,45,0,0
BRDA:364,45,1,0
BRDA:371,46,0,0
BRDA:371,46,1,0
BRDA:371,46,2,0
BRDA:371,46,3,0
BRDA:371,46,4,0
BRDA:392,47,0,0
BRDA:392,47,1,0
BRDA:392,47,2,0
BRF:101
BRH:0
end_of_record
TN:
SF:app/identity.tsx
FN:9,IdentityPage
FN:34,(anonymous_1)
FN:51,(anonymous_2)
FN:68,(anonymous_3)
FNF:4
FNH:0
FNDA:0,IdentityPage
FNDA:0,(anonymous_1)
FNDA:0,(anonymous_2)
FNDA:0,(anonymous_3)
DA:10,0
DA:35,0
DA:36,0
DA:52,0
DA:53,0
DA:69,0
DA:70,0
DA:81,0
LF:8
LH:0
BRF:0
BRH:0
end_of_record
TN:
SF:app/index-minimal.tsx
FN:9,MinimalTradePass
FNF:1
FNH:0
FNDA:0,MinimalTradePass
DA:10,0
DA:41,0
LF:2
LH:0
BRF:0
BRH:0
end_of_record
TN:
SF:app/index-original.tsx
FN:13,DashboardScreen
FN:14,(anonymous_1)
FN:79,(anonymous_2)
FN:83,(anonymous_3)
FNF:4
FNH:0
FNDA:0,DashboardScreen
FNDA:0,(anonymous_1)
FNDA:0,(anonymous_2)
FNDA:0,(anonymous_3)
DA:14,0
DA:15,0
DA:16,0
DA:19,0
DA:50,0
DA:80,0
DA:83,0
DA:129,0
LF:8
LH:0
BRF:0
BRH:0
end_of_record
TN:
SF:app/index.tsx
FN:16,DashboardScreen
FN:19,(anonymous_1)
FN:23,(anonymous_2)
FN:41,(anonymous_3)
FN:113,(anonymous_4)
FN:117,(anonymous_5)
FNF:6
FNH:0
FNDA:0,DashboardScreen
FNDA:0,(anonymous_1)
FNDA:0,(anonymous_2)
FNDA:0,(anonymous_3)
FNDA:0,(anonymous_4)
FNDA:0,(anonymous_5)
DA:17,0
DA:19,0
DA:20,0
DA:23,0
DA:24,0
DA:25,0
DA:28,0
DA:29,0
DA:34,0
DA:35,0
DA:37,0
DA:38,0
DA:41,0
DA:42,0
DA:43,0
DA:44,0
DA:46,0
DA:48,0
DA:52,0
DA:90,0
DA:114,0
DA:117,0
DA:136,0
LF:23
LH:0
BRDA:104,0,0,0
BRDA:104,0,1,0
BRDA:104,1,0,0
BRDA:104,1,1,0
BRDA:105,2,0,0
BRDA:105,2,1,0
BRDA:106,3,0,0
BRDA:106,3,1,0
BRF:8
BRH:0
end_of_record
TN:
SF:app/market-analysis.tsx
FN:52,MarketAnalysis
FN:60,(anonymous_1)
FN:64,(anonymous_2)
FN:69,(anonymous_3)
FN:186,(anonymous_4)
FN:187,(anonymous_5)
FN:194,(anonymous_6)
FN:203,(anonymous_7)
FN:212,(anonymous_8)
FN:217,(anonymous_9)
FN:222,(anonymous_10)
FN:224,(anonymous_11)
FN:231,(anonymous_12)
FN:279,(anonymous_13)
FN:281,(anonymous_14)
FN:324,(anonymous_15)
FN:333,(anonymous_16)
FN:335,(anonymous_17)
FN:353,(anonymous_18)
FN:359,(anonymous_19)
FN:366,(anonymous_20)
FNF:21
FNH:0
FNDA:0,MarketAnalysis
FNDA:0,(anonymous_1)
FNDA:0,(anonymous_2)
FNDA:0,(anonymous_3)
FNDA:0,(anonymous_4)
FNDA:0,(anonymous_5)
FNDA:0,(anonymous_6)
FNDA:0,(anonymous_7)
FNDA:0,(anonymous_8)
FNDA:0,(anonymous_9)
FNDA:0,(anonymous_10)
FNDA:0,(anonymous_11)
FNDA:0,(anonymous_12)
FNDA:0,(anonymous_13)
FNDA:0,(anonymous_14)
FNDA:0,(anonymous_15)
FNDA:0,(anonymous_16)
FNDA:0,(anonymous_17)
FNDA:0,(anonymous_18)
FNDA:0,(anonymous_19)
FNDA:0,(anonymous_20)
DA:53,0
DA:54,0
DA:55,0
DA:56,0
DA:57,0
DA:58,0
DA:60,0
DA:61,0
DA:64,0
DA:65,0
DA:66,0
DA:69,0
DA:71,0
DA:118,0
DA:148,0
DA:175,0
DA:176,0
DA:177,0
DA:179,0
DA:180,0
DA:182,0
DA:186,0
DA:187,0
DA:188,0
DA:189,0
DA:190,0
DA:191,0
DA:194,0
DA:195,0
DA:196,0
DA:197,0
DA:198,0
DA:199,0
DA:203,0
DA:204,0
DA:205,0
DA:206,0
DA:207,0
DA:208,0
DA:212,0
DA:213,0
DA:214,0
DA:217,0
DA:218,0
DA:219,0
DA:222,0
DA:223,0
DA:225,0
DA:232,0
DA:233,0
DA:279,0
DA:280,0
DA:282,0
DA:325,0
DA:333,0
DA:334,0
DA:336,0
DA:353,0
DA:354,0
DA:360,0
DA:367,0
DA:368,0
DA:376,0
DA:377,0
DA:387,0
DA:440,0
LF:66
LH:0
BRDA:188,0,0,0
BRDA:188,0,1,0
BRDA:189,1,0,0
BRDA:189,1,1,0
BRDA:190,2,0,0
BRDA:190,2,1,0
BRDA:195,3,0,0
BRDA:195,3,1,0
BRDA:195,3,2,0
BRDA:195,3,3,0
BRDA:204,4,0,0
BRDA:204,4,1,0
BRDA:204,4,2,0
BRDA:204,4,3,0
BRDA:229,5,0,0
BRDA:229,5,1,0
BRDA:244,6,0,0
BRDA:244,6,1,0
BRDA:246,7,0,0
BRDA:246,7,1,0
BRDA:250,8,0,0
BRDA:250,8,1,0
BRDA:252,9,0,0
BRDA:252,9,1,0
BRDA:298,10,0,0
BRDA:298,10,1,0
BRDA:307,11,0,0
BRDA:307,11,1,0
BRDA:364,12,0,0
BRDA:364,12,1,0
BRDA:376,13,0,0
BRDA:376,13,1,0
BRDA:421,14,0,0
BRDA:421,14,1,0
BRDA:422,15,0,0
BRDA:422,15,1,0
BRDA:423,16,0,0
BRDA:423,16,1,0
BRF:38
BRH:0
end_of_record
TN:
SF:app/supply-chain.tsx
FN:56,SupplyChainScreen
FN:61,(anonymous_1)
FN:65,(anonymous_2)
FN:70,(anonymous_3)
FN:172,(anonymous_4)
FN:183,(anonymous_5)
FN:189,(anonymous_6)
FN:199,(anonymous_7)
FN:204,(anonymous_8)
FN:211,(anonymous_9)
FN:242,(anonymous_10)
FN:248,(anonymous_11)
FN:286,(anonymous_12)
FNF:13
FNH:0
FNDA:0,SupplyChainScreen
FNDA:0,(anonymous_1)
FNDA:0,(anonymous_2)
FNDA:0,(anonymous_3)
FNDA:0,(anonymous_4)
FNDA:0,(anonymous_5)
FNDA:0,(anonymous_6)
FNDA:0,(anonymous_7)
FNDA:0,(anonymous_8)
FNDA:0,(anonymous_9)
FNDA:0,(anonymous_10)
FNDA:0,(anonymous_11)
FNDA:0,(anonymous_12)
DA:57,0
DA:58,0
DA:59,0
DA:61,0
DA:62,0
DA:65,0
DA:66,0
DA:67,0
DA:70,0
DA:72,0
DA:162,0
DA:163,0
DA:165,0
DA:166,0
DA:168,0
DA:172,0
DA:173,0
DA:174,0
DA:175,0
DA:176,0
DA:177,0
DA:178,0
DA:179,0
DA:183,0
DA:184,0
DA:185,0
DA:186,0
DA:189,0
DA:190,0
DA:191,0
DA:192,0
DA:193,0
DA:194,0
DA:195,0
DA:199,0
DA:200,0
DA:201,0
DA:204,0
DA:205,0
DA:212,0
DA:213,0
DA:242,0
DA:243,0
DA:245,0
DA:249,0
DA:287,0
DA:304,0
DA:305,0
DA:315,0
DA:358,0
LF:50
LH:0
BRDA:163,0,0,0
BRDA:163,0,1,0
BRDA:173,1,0,0
BRDA:173,1,1,0
BRDA:173,1,2,0
BRDA:173,1,3,0
BRDA:173,1,4,0
BRDA:173,1,5,0
BRDA:184,2,0,0
BRDA:184,2,1,0
BRDA:185,3,0,0
BRDA:185,3,1,0
BRDA:190,4,0,0
BRDA:190,4,1,0
BRDA:190,4,2,0
BRDA:190,4,3,0
BRDA:190,4,4,0
BRDA:209,5,0,0
BRDA:209,5,1,0
BRDA:243,6,0,0
BRDA:243,6,1,0
BRDA:261,7,0,0
BRDA:261,7,1,0
BRDA:275,8,0,0
BRDA:275,8,1,0
BRDA:277,9,0,0
BRDA:277,9,1,0
BRDA:283,10,0,0
BRDA:283,10,1,0
BRDA:291,11,0,0
BRDA:291,11,1,0
BRDA:304,12,0,0
BRDA:304,12,1,0
BRDA:341,13,0,0
BRDA:341,13,1,0
BRF:35
BRH:0
end_of_record
TN:
SF:app/trader-verification.tsx
FN:59,TraderVerification
FN:66,(anonymous_1)
FN:70,(anonymous_2)
FN:75,(anonymous_3)
FN:192,(anonymous_4)
FN:208,(anonymous_5)
FN:224,(anonymous_6)
FN:233,(anonymous_7)
FN:239,(anonymous_8)
FN:245,(anonymous_9)
FN:252,(anonymous_10)
FN:253,(anonymous_11)
FN:258,(anonymous_12)
FN:265,(anonymous_13)
FN:266,(anonymous_14)
FN:271,(anonymous_15)
FN:368,(anonymous_16)
FN:371,(anonymous_17)
FN:404,(anonymous_18)
FN:414,(anonymous_19)
FN:417,(anonymous_20)
FN:445,(anonymous_21)
FN:451,(anonymous_22)
FN:458,(anonymous_23)
FNF:24
FNH:0
FNDA:0,TraderVerification
FNDA:0,(anonymous_1)
FNDA:0,(anonymous_2)
FNDA:0,(anonymous_3)
FNDA:0,(anonymous_4)
FNDA:0,(anonymous_5)
FNDA:0,(anonymous_6)
FNDA:0,(anonymous_7)
FNDA:0,(anonymous_8)
FNDA:0,(anonymous_9)
FNDA:0,(anonymous_10)
FNDA:0,(anonymous_11)
FNDA:0,(anonymous_12)
FNDA:0,(anonymous_13)
FNDA:0,(anonymous_14)
FNDA:0,(anonymous_15)
FNDA:0,(anonymous_16)
FNDA:0,(anonymous_17)
FNDA:0,(anonymous_18)
FNDA:0,(anonymous_19)
FNDA:0,(anonymous_20)
FNDA:0,(anonymous_21)
FNDA:0,(anonymous_22)
FNDA:0,(anonymous_23)
DA:60,0
DA:61,0
DA:62,0
DA:63,0
DA:64,0
DA:66,0
DA:67,0
DA:70,0
DA:71,0
DA:72,0
DA:75,0
DA:77,0
DA:96,0
DA:138,0
DA:181,0
DA:182,0
DA:183,0
DA:185,0
DA:186,0
DA:188,0
DA:192,0
DA:193,0
DA:196,0
DA:199,0
DA:202,0
DA:204,0
DA:208,0
DA:209,0
DA:212,0
DA:215,0
DA:218,0
DA:220,0
DA:224,0
DA:225,0
DA:226,0
DA:227,0
DA:228,0
DA:229,0
DA:233,0
DA:234,0
DA:235,0
DA:236,0
DA:239,0
DA:240,0
DA:241,0
DA:242,0
DA:245,0
DA:246,0
DA:247,0
DA:252,0
DA:253,0
DA:258,0
DA:259,0
DA:260,0
DA:265,0
DA:266,0
DA:271,0
DA:272,0
DA:274,0
DA:368,0
DA:369,0
DA:372,0
DA:404,0
DA:414,0
DA:415,0
DA:418,0
DA:445,0
DA:446,0
DA:452,0
DA:459,0
DA:460,0
DA:468,0
DA:469,0
DA:479,0
DA:505,0
LF:75
LH:0
BRDA:193,0,0,0
BRDA:193,0,1,0
BRDA:193,0,2,0
BRDA:193,0,3,0
BRDA:193,0,4,0
BRDA:193,0,5,0
BRDA:193,0,6,0
BRDA:209,1,0,0
BRDA:209,1,1,0
BRDA:209,1,2,0
BRDA:209,1,3,0
BRDA:209,1,4,0
BRDA:209,1,5,0
BRDA:209,1,6,0
BRDA:225,2,0,0
BRDA:225,2,1,0
BRDA:225,2,2,0
BRDA:225,2,3,0
BRDA:234,3,0,0
BRDA:234,3,1,0
BRDA:235,4,0,0
BRDA:235,4,1,0
BRDA:240,5,0,0
BRDA:240,5,1,0
BRDA:241,6,0,0
BRDA:241,6,1,0
BRDA:272,7,0,0
BRDA:272,7,1,0
BRDA:340,8,0,0
BRDA:340,8,1,0
BRDA:342,9,0,0
BRDA:342,9,1,0
BRDA:348,10,0,0
BRDA:348,10,1,0
BRDA:350,11,0,0
BRDA:350,11,1,0
BRDA:356,12,0,0
BRDA:356,12,1,0
BRDA:358,13,0,0
BRDA:358,13,1,0
BRDA:387,14,0,0
BRDA:387,14,1,0
BRDA:390,15,0,0
BRDA:390,15,1,0
BRDA:395,16,0,0
BRDA:395,16,1,0
BRDA:401,17,0,0
BRDA:401,17,1,0
BRDA:401,17,2,0
BRDA:430,18,0,0
BRDA:430,18,1,0
BRDA:456,19,0,0
BRDA:456,19,1,0
BRDA:468,20,0,0
BRDA:468,20,1,0
BRDA:486,21,0,0
BRDA:486,21,1,0
BRDA:487,22,0,0
BRDA:487,22,1,0
BRDA:488,23,0,0
BRDA:488,23,1,0
BRF:61
BRH:0
end_of_record
TN:
SF:app/trading-dashboard.tsx
FN:44,TradingDashboard
FN:50,(anonymous_1)
FN:54,(anonymous_2)
FN:59,(anonymous_3)
FN:122,(anonymous_4)
FN:129,(anonymous_5)
FN:130,(anonymous_6)
FN:135,(anonymous_7)
FN:144,(anonymous_8)
FN:146,(anonymous_9)
FN:149,(anonymous_10)
FN:166,(anonymous_11)
FN:176,(anonymous_12)
FN:203,(anonymous_13)
FN:209,(anonymous_14)
FN:216,(anonymous_15)
FNF:16
FNH:0
FNDA:0,TradingDashboard
FNDA:0,(anonymous_1)
FNDA:0,(anonymous_2)
FNDA:0,(anonymous_3)
FNDA:0,(anonymous_4)
FNDA:0,(anonymous_5)
FNDA:0,(anonymous_6)
FNDA:0,(anonymous_7)
FNDA:0,(anonymous_8)
FNDA:0,(anonymous_9)
FNDA:0,(anonymous_10)
FNDA:0,(anonymous_11)
FNDA:0,(anonymous_12)
FNDA:0,(anonymous_13)
FNDA:0,(anonymous_14)
FNDA:0,(anonymous_15)
DA:45,0
DA:46,0
DA:47,0
DA:48,0
DA:50,0
DA:51,0
DA:54,0
DA:55,0
DA:56,0
DA:59,0
DA:62,0
DA:87,0
DA:112,0
DA:113,0
DA:115,0
DA:116,0
DA:118,0
DA:122,0
DA:123,0
DA:124,0
DA:129,0
DA:130,0
DA:135,0
DA:136,0
DA:137,0
DA:138,0
DA:139,0
DA:140,0
DA:144,0
DA:146,0
DA:147,0
DA:150,0
DA:166,0
DA:167,0
DA:177,0
DA:203,0
DA:204,0
DA:210,0
DA:217,0
DA:218,0
DA:226,0
DA:227,0
DA:237,0
DA:290,0
LF:44
LH:0
BRDA:136,0,0,0
BRDA:136,0,1,0
BRDA:136,0,2,0
BRDA:136,0,3,0
BRDA:156,1,0,0
BRDA:156,1,1,0
BRDA:157,2,0,0
BRDA:157,2,1,0
BRDA:169,3,0,0
BRDA:169,3,1,0
BRDA:179,4,0,0
BRDA:179,4,1,0
BRDA:214,5,0,0
BRDA:214,5,1,0
BRDA:226,6,0,0
BRDA:226,6,1,0
BRDA:262,7,0,0
BRDA:262,7,1,0
BRDA:263,8,0,0
BRDA:263,8,1,0
BRDA:264,9,0,0
BRDA:264,9,1,0
BRF:22
BRH:0
end_of_record
TN:
SF:src/components/Footer.tsx
FN:31,(anonymous_0)
FN:80,(anonymous_1)
FN:96,(anonymous_2)
FN:104,(anonymous_3)
FNF:4
FNH:0
FNDA:0,(anonymous_0)
FNDA:0,(anonymous_1)
FNDA:0,(anonymous_2)
FNDA:0,(anonymous_3)
DA:31,0
DA:34,0
DA:35,0
DA:37,0
DA:80,0
DA:82,0
DA:85,0
DA:88,0
DA:89,0
DA:92,0
DA:97,0
DA:98,0
DA:100,0
DA:104,0
DA:132,0
LF:15
LH:0
BRDA:32,0,0,0
BRDA:88,1,0,0
BRDA:88,1,1,0
BRDA:98,2,0,0
BRDA:98,2,1,0
BRDA:110,3,0,0
BRDA:110,3,1,0
BRDA:111,4,0,0
BRDA:111,4,1,0
BRDA:116,5,0,0
BRDA:116,5,1,0
BRDA:117,6,0,0
BRDA:117,6,1,0
BRF:13
BRH:0
end_of_record
TN:
SF:src/components/Header.tsx
FN:24,(anonymous_0)
FN:33,(anonymous_1)
FN:41,(anonymous_2)
FN:45,(anonymous_3)
FNF:4
FNH:0
FNDA:0,(anonymous_0)
FNDA:0,(anonymous_1)
FNDA:0,(anonymous_2)
FNDA:0,(anonymous_3)
DA:24,0
DA:30,0
DA:31,0
DA:33,0
DA:34,0
DA:35,0
DA:37,0
DA:41,0
DA:42,0
DA:45,0
DA:46,0
DA:48,0
DA:50,0
DA:52,0
DA:54,0
DA:56,0
DA:58,0
DA:60,0
DA:62,0
DA:66,0
DA:102,0
LF:21
LH:0
BRDA:26,0,0,0
BRDA:28,1,0,0
BRDA:34,2,0,0
BRDA:34,2,1,0
BRDA:46,3,0,0
BRDA:46,3,1,0
BRDA:48,4,0,0
BRDA:48,4,1,0
BRDA:48,4,2,0
BRDA:48,4,3,0
BRDA:48,4,4,0
BRDA:48,4,5,0
BRDA:48,4,6,0
BRDA:71,5,0,0
BRDA:71,5,1,0
BRDA:71,5,2,0
BRDA:88,6,0,0
BRDA:88,6,1,0
BRF:18
BRH:0
end_of_record
TN:
SF:src/components/Layout.tsx
FN:26,(anonymous_0)
FNF:1
FNH:0
FNDA:0,(anonymous_0)
DA:26,0
DA:35,0
DA:60,0
LF:3
LH:0
BRDA:28,0,0,0
BRDA:29,1,0,0
BRDA:38,2,0,0
BRDA:38,2,1,0
BRDA:40,3,0,0
BRDA:40,3,1,0
BRDA:42,4,0,0
BRDA:42,4,1,0
BRDA:43,5,0,0
BRDA:43,5,1,0
BRDA:45,6,0,0
BRDA:45,6,1,0
BRDA:53,7,0,0
BRDA:53,7,1,0
BRF:14
BRH:0
end_of_record
TN:
SF:src/components/shared-ui/CrossAppComponents.tsx
FN:123,(anonymous_0)
FN:137,(anonymous_1)
FN:144,(anonymous_2)
FN:193,(anonymous_3)
FN:224,(anonymous_4)
FN:225,(anonymous_5)
FN:270,(anonymous_6)
FN:276,(anonymous_7)
FN:344,(anonymous_8)
FN:355,(anonymous_9)
FN:365,(anonymous_10)
FN:430,(anonymous_11)
FN:437,(anonymous_12)
FNF:13
FNH:0
FNDA:0,(anonymous_0)
FNDA:0,(anonymous_1)
FNDA:0,(anonymous_2)
FNDA:0,(anonymous_3)
FNDA:0,(anonymous_4)
FNDA:0,(anonymous_5)
FNDA:0,(anonymous_6)
FNDA:0,(anonymous_7)
FNDA:0,(anonymous_8)
FNDA:0,(anonymous_9)
FNDA:0,(anonymous_10)
FNDA:0,(anonymous_11)
FNDA:0,(anonymous_12)
DA:23,0
DA:64,0
DA:88,0
DA:98,0
DA:123,0
DA:135,0
DA:137,0
DA:138,0
DA:140,0
DA:141,0
DA:144,0
DA:145,0
DA:153,0
DA:159,0
DA:183,0
DA:193,0
DA:194,0
DA:199,0
DA:205,0
DA:213,0
DA:220,0
DA:224,0
DA:225,0
DA:270,0
DA:276,0
DA:277,0
DA:299,0
DA:302,0
DA:303,0
DA:305,0
DA:344,0
DA:355,0
DA:356,0
DA:362,0
DA:365,0
DA:366,0
DA:373,0
DA:430,0
DA:435,0
DA:437,0
DA:438,0
DA:446,0
DA:447,0
DA:454,0
DA:461,0
LF:45
LH:0
BRDA:66,0,0,0
BRDA:66,0,1,0
BRDA:126,1,0,0
BRDA:127,2,0,0
BRDA:128,3,0,0
BRDA:129,4,0,0
BRDA:131,5,0,0
BRDA:132,6,0,0
BRDA:138,7,0,0
BRDA:138,7,1,0
BRDA:138,8,0,0
BRDA:138,8,1,0
BRDA:150,9,0,0
BRDA:150,9,1,0
BRDA:187,10,0,0
BRDA:187,10,1,0
BRDA:188,11,0,0
BRDA:188,11,1,0
BRDA:226,12,0,0
BRDA:226,12,1,0
BRDA:229,13,0,0
BRDA:229,13,1,0
BRDA:232,14,0,0
BRDA:232,14,1,0
BRDA:232,15,0,0
BRDA:232,15,1,0
BRDA:236,16,0,0
BRDA:236,16,1,0
BRDA:236,16,2,0
BRDA:245,17,0,0
BRDA:245,17,1,0
BRDA:245,17,2,0
BRDA:273,18,0,0
BRDA:274,19,0,0
BRDA:281,20,0,0
BRDA:281,20,1,0
BRDA:286,21,0,0
BRDA:286,21,1,0
BRDA:291,22,0,0
BRDA:291,22,1,0
BRDA:296,23,0,0
BRDA:296,23,1,0
BRDA:303,24,0,0
BRDA:303,24,1,0
BRDA:303,25,0,0
BRDA:303,25,1,0
BRDA:307,26,0,0
BRDA:307,26,1,0
BRDA:319,27,0,0
BRDA:319,27,1,0
BRDA:353,28,0,0
BRDA:389,29,0,0
BRDA:389,29,1,0
BRDA:394,30,0,0
BRDA:394,30,1,0
BRDA:394,30,2,0
BRDA:394,30,3,0
BRDA:394,30,4,0
BRDA:396,31,0,0
BRDA:396,31,1,0
BRDA:402,32,0,0
BRDA:402,32,1,0
BRDA:408,33,0,0
BRDA:408,33,1,0
BRDA:432,34,0,0
BRDA:433,35,0,0
BRDA:435,36,0,0
BRDA:435,36,1,0
BRDA:446,37,0,0
BRDA:446,37,1,0
BRF:70
BRH:0
end_of_record
TN:
SF:src/components/ui/TradePassButton.tsx
FN:31,(anonymous_0)
FN:42,(anonymous_1)
FN:50,(anonymous_2)
FN:85,(anonymous_3)
FNF:4
FNH:0
FNDA:0,(anonymous_0)
FNDA:0,(anonymous_1)
FNDA:0,(anonymous_2)
FNDA:0,(anonymous_3)
DA:31,0
DA:42,0
DA:43,0
DA:46,0
DA:47,0
DA:50,0
DA:51,0
DA:53,0
DA:58,0
DA:63,0
DA:68,0
DA:73,0
DA:78,0
DA:85,0
DA:86,0
DA:88,0
DA:93,0
DA:98,0
DA:103,0
DA:110,0
DA:111,0
DA:113,0
DA:155,0
LF:23
LH:0
BRDA:34,0,0,0
BRDA:35,1,0,0
BRDA:37,2,0,0
BRDA:38,3,0,0
BRDA:43,4,0,0
BRDA:43,4,1,0
BRDA:43,5,0,0
BRDA:43,5,1,0
BRDA:51,6,0,0
BRDA:51,6,1,0
BRDA:51,6,2,0
BRDA:51,6,3,0
BRDA:51,6,4,0
BRDA:51,6,5,0
BRDA:86,7,0,0
BRDA:86,7,1,0
BRDA:86,7,2,0
BRDA:86,7,3,0
BRDA:116,8,0,0
BRDA:116,8,1,0
BRDA:122,9,0,0
BRDA:122,9,1,0
BRDA:126,10,0,0
BRDA:126,10,1,0
BRDA:139,11,0,0
BRDA:139,11,1,0
BRDA:143,12,0,0
BRDA:143,12,1,0
BRF:28
BRH:0
end_of_record
TN:
SF:src/screens/IdentityScreen.tsx
FN:24,IdentityScreen
FN:35,(anonymous_1)
FN:39,(anonymous_2)
FN:70,(anonymous_3)
FN:78,(anonymous_4)
FN:93,(anonymous_5)
FN:101,(anonymous_6)
FN:120,(anonymous_7)
FN:142,(anonymous_8)
FN:168,(anonymous_9)
FN:177,(anonymous_10)
FN:180,(anonymous_11)
FN:180,(anonymous_12)
FN:192,(anonymous_13)
FN:201,(anonymous_14)
FN:220,(anonymous_15)
FN:255,(anonymous_16)
FN:272,(anonymous_17)
FN:309,(anonymous_18)
FN:320,(anonymous_19)
FN:331,(anonymous_20)
FN:346,(anonymous_21)
FN:362,(anonymous_22)
FN:388,(anonymous_23)
FNF:24
FNH:0
FNDA:0,IdentityScreen
FNDA:0,(anonymous_1)
FNDA:0,(anonymous_2)
FNDA:0,(anonymous_3)
FNDA:0,(anonymous_4)
FNDA:0,(anonymous_5)
FNDA:0,(anonymous_6)
FNDA:0,(anonymous_7)
FNDA:0,(anonymous_8)
FNDA:0,(anonymous_9)
FNDA:0,(anonymous_10)
FNDA:0,(anonymous_11)
FNDA:0,(anonymous_12)
FNDA:0,(anonymous_13)
FNDA:0,(anonymous_14)
FNDA:0,(anonymous_15)
FNDA:0,(anonymous_16)
FNDA:0,(anonymous_17)
FNDA:0,(anonymous_18)
FNDA:0,(anonymous_19)
FNDA:0,(anonymous_20)
FNDA:0,(anonymous_21)
FNDA:0,(anonymous_22)
FNDA:0,(anonymous_23)
DA:25,0
DA:26,0
DA:27,0
DA:28,0
DA:29,0
DA:35,0
DA:36,0
DA:39,0
DA:40,0
DA:41,0
DA:44,0
DA:47,0
DA:48,0
DA:51,0
DA:52,0
DA:55,0
DA:56,0
DA:62,0
DA:70,0
DA:71,0
DA:72,0
DA:73,0
DA:75,0
DA:77,0
DA:78,0
DA:79,0
DA:80,0
DA:82,0
DA:83,0
DA:86,0
DA:87,0
DA:89,0
DA:93,0
DA:94,0
DA:95,0
DA:96,0
DA:98,0
DA:100,0
DA:101,0
DA:102,0
DA:103,0
DA:105,0
DA:106,0
DA:109,0
DA:110,0
DA:112,0
DA:120,0
DA:121,0
DA:122,0
DA:123,0
DA:125,0
DA:127,0
DA:128,0
DA:129,0
DA:131,0
DA:132,0
DA:135,0
DA:136,0
DA:138,0
DA:142,0
DA:143,0
DA:144,0
DA:145,0
DA:147,0
DA:149,0
DA:150,0
DA:151,0
DA:153,0
DA:154,0
DA:157,0
DA:158,0
DA:160,0
DA:168,0
DA:169,0
DA:178,0
DA:179,0
DA:180,0
DA:181,0
DA:182,0
DA:184,0
DA:192,0
DA:193,0
DA:202,0
DA:203,0
DA:204,0
DA:205,0
DA:206,0
DA:208,0
DA:220,0
DA:221,0
DA:223,0
DA:256,0
DA:272,0
DA:273,0
DA:275,0
DA:309,0
DA:310,0
DA:312,0
DA:320,0
DA:331,0
DA:346,0
DA:347,0
DA:349,0
DA:363,0
DA:388,0
DA:404,0
DA:405,0
DA:415,0
DA:436,0
LF:109
LH:0
BRDA:77,0,0,0
BRDA:77,0,1,0
BRDA:77,1,0,0
BRDA:77,1,1,0
BRDA:83,2,0,0
BRDA:83,2,1,0
BRDA:100,3,0,0
BRDA:100,3,1,0
BRDA:100,4,0,0
BRDA:100,4,1,0
BRDA:106,5,0,0
BRDA:106,5,1,0
BRDA:127,6,0,0
BRDA:127,6,1,0
BRDA:132,7,0,0
BRDA:132,7,1,0
BRDA:149,8,0,0
BRDA:149,8,1,0
BRDA:154,9,0,0
BRDA:154,9,1,0
BRDA:179,10,0,0
BRDA:179,10,1,0
BRDA:203,11,0,0
BRDA:203,11,1,0
BRDA:221,12,0,0
BRDA:221,12,1,0
BRDA:229,13,0,0
BRDA:229,13,1,0
BRDA:231,14,0,0
BRDA:231,14,1,0
BRDA:238,15,0,0
BRDA:238,15,1,0
BRDA:240,16,0,0
BRDA:240,16,1,0
BRDA:258,17,0,0
BRDA:258,17,1,0
BRDA:263,18,0,0
BRDA:263,18,1,0
BRDA:263,19,0,0
BRDA:263,19,1,0
BRDA:273,20,0,0
BRDA:273,20,1,0
BRDA:283,21,0,0
BRDA:283,21,1,0
BRDA:294,22,0,0
BRDA:294,22,1,0
BRDA:310,23,0,0
BRDA:310,23,1,0
BRDA:320,24,0,0
BRDA:320,24,1,0
BRDA:331,25,0,0
BRDA:331,25,1,0
BRDA:347,26,0,0
BRDA:347,26,1,0
BRDA:366,27,0,0
BRDA:366,27,1,0
BRDA:372,28,0,0
BRDA:372,28,1,0
BRDA:404,29,0,0
BRDA:404,29,1,0
BRF:60
BRH:0
end_of_record
TN:
SF:src/services/backgroundLocation.ts
FN:47,(anonymous_0)
FN:51,(anonymous_1)
FN:58,(anonymous_2)
FN:61,(anonymous_3)
FN:71,(anonymous_4)
FN:78,(anonymous_5)
FN:111,(anonymous_6)
FN:182,(anonymous_7)
FN:238,(anonymous_8)
FN:251,(anonymous_9)
FN:256,(anonymous_10)
FN:263,(anonymous_11)
FN:289,(anonymous_12)
FN:307,(anonymous_13)
FN:312,(anonymous_14)
FN:331,(anonymous_15)
FN:357,(anonymous_16)
FN:376,(anonymous_17)
FN:386,(anonymous_18)
FN:389,(anonymous_19)
FN:400,(anonymous_20)
FN:407,(anonymous_21)
FN:413,(anonymous_22)
FN:427,(anonymous_23)
FN:438,(anonymous_24)
FN:440,(anonymous_25)
FN:441,(anonymous_26)
FN:464,(anonymous_27)
FNF:28
FNH:14
FNDA:1,(anonymous_0)
FNDA:1,(anonymous_1)
FNDA:1,(anonymous_2)
FNDA:0,(anonymous_3)
FNDA:0,(anonymous_4)
FNDA:0,(anonymous_5)
FNDA:8,(anonymous_6)
FNDA:2,(anonymous_7)
FNDA:0,(anonymous_8)
FNDA:0,(anonymous_9)
FNDA:0,(anonymous_10)
FNDA:1,(anonymous_11)
FNDA:2,(anonymous_12)
FNDA:0,(anonymous_13)
FNDA:0,(anonymous_14)
FNDA:2,(anonymous_15)
FNDA:0,(anonymous_16)
FNDA:7,(anonymous_17)
FNDA:3,(anonymous_18)
FNDA:1,(anonymous_19)
FNDA:0,(anonymous_20)
FNDA:0,(anonymous_21)
FNDA:0,(anonymous_22)
FNDA:2,(anonymous_23)
FNDA:1,(anonymous_24)
FNDA:0,(anonymous_25)
FNDA:1,(anonymous_26)
FNDA:0,(anonymous_27)
DA:13,1
DA:14,1
DA:15,1
DA:42,1
DA:43,1
DA:44,1
DA:48,1
DA:52,1
DA:53,1
DA:55,1
DA:59,1
DA:61,1
DA:62,0
DA:63,0
DA:64,0
DA:67,0
DA:68,0
DA:69,0
DA:71,0
DA:72,0
DA:79,0
DA:80,0
DA:81,0
DA:84,0
DA:97,0
DA:98,0
DA:101,0
DA:102,0
DA:106,0
DA:107,0
DA:112,8
DA:114,8
DA:116,8
DA:117,8
DA:118,1
DA:121,7
DA:122,7
DA:123,1
DA:127,6
DA:128,6
DA:131,6
DA:132,6
DA:135,6
DA:142,6
DA:157,5
DA:161,5
DA:164,5
DA:173,4
DA:175,4
DA:176,4
DA:177,4
DA:178,4
DA:183,2
DA:185,2
DA:187,2
DA:188,2
DA:189,2
DA:193,2
DA:194,2
DA:196,0
DA:200,2
DA:201,0
DA:205,2
DA:206,2
DA:209,2
DA:220,2
DA:221,2
DA:222,2
DA:225,2
DA:231,2
DA:233,0
DA:234,0
DA:239,0
DA:240,0
DA:241,0
DA:242,0
DA:244,0
DA:246,0
DA:247,0
DA:252,0
DA:254,0
DA:255,0
DA:256,0
DA:258,0
DA:259,0
DA:264,1
DA:266,1
DA:267,1
DA:269,1
DA:270,1
DA:273,1
DA:276,1
DA:278,1
DA:280,1
DA:283,1
DA:285,0
DA:290,2
DA:292,2
DA:293,2
DA:294,2
DA:306,2
DA:307,2
DA:310,2
DA:311,2
DA:312,0
DA:315,2
DA:324,2
DA:325,2
DA:327,0
DA:332,2
DA:334,2
DA:335,0
DA:336,0
DA:339,0
DA:342,0
DA:343,0
DA:344,0
DA:345,0
DA:348,0
DA:349,0
DA:351,0
DA:354,2
DA:358,0
DA:360,0
DA:362,0
DA:371,0
DA:377,7
DA:378,7
DA:379,6
DA:381,1
DA:382,1
DA:387,3
DA:388,3
DA:389,3
DA:391,3
DA:393,3
DA:394,1
DA:395,1
DA:396,1
DA:400,3
DA:402,0
DA:403,0
DA:408,0
DA:409,0
DA:410,0
DA:412,0
DA:413,0
DA:415,0
DA:416,0
DA:419,0
DA:421,0
DA:422,0
DA:434,2
DA:435,2
DA:436,2
DA:438,2
DA:439,2
DA:440,0
DA:441,2
DA:443,2
DA:451,0
DA:452,0
DA:464,1
DA:465,0
DA:467,0
DA:469,0
DA:473,0
DA:475,0
DA:476,0
DA:480,1
LF:170
LH:97
BRDA:52,0,0,1
BRDA:52,0,1,0
BRDA:62,1,0,0
BRDA:62,1,1,0
BRDA:67,2,0,0
BRDA:67,2,1,0
BRDA:79,3,0,0
BRDA:79,3,1,0
BRDA:79,4,0,0
BRDA:79,4,1,0
BRDA:87,5,0,0
BRDA:87,5,1,0
BRDA:101,6,0,0
BRDA:101,6,1,0
BRDA:106,7,0,0
BRDA:106,7,1,0
BRDA:117,8,0,1
BRDA:117,8,1,7
BRDA:122,9,0,1
BRDA:122,9,1,6
BRDA:188,10,0,2
BRDA:188,10,1,0
BRDA:200,11,0,0
BRDA:200,11,1,2
BRDA:205,12,0,2
BRDA:205,12,1,0
BRDA:242,13,0,0
BRDA:242,13,1,0
BRDA:244,14,0,0
BRDA:244,14,1,0
BRDA:244,14,2,0
BRDA:252,15,0,0
BRDA:252,15,1,0
BRDA:256,16,0,0
BRDA:256,16,1,0
BRDA:264,17,0,0
BRDA:264,17,1,1
BRDA:270,18,0,1
BRDA:270,18,1,0
BRDA:290,19,0,0
BRDA:290,19,1,2
BRDA:294,20,0,0
BRDA:294,20,1,2
BRDA:311,21,0,0
BRDA:311,21,1,2
BRDA:339,22,0,0
BRDA:339,22,1,0
BRDA:339,23,0,0
BRDA:339,23,1,0
BRDA:360,24,0,0
BRDA:360,24,1,0
BRDA:379,25,0,1
BRDA:379,25,1,5
BRDA:395,26,0,1
BRDA:395,26,1,0
BRDA:439,27,0,0
BRDA:439,27,1,2
BRDA:441,28,0,1
BRDA:441,28,1,1
BRF:59
BRH:19
end_of_record
TN:
SF:src/services/biometric-auth-minimal.ts
FN:42,(anonymous_0)
FN:49,(anonymous_1)
FN:60,(anonymous_2)
FN:97,(anonymous_3)
FN:134,(anonymous_4)
FN:154,(anonymous_5)
FNF:6
FNH:0
FNDA:0,(anonymous_0)
FNDA:0,(anonymous_1)
FNDA:0,(anonymous_2)
FNDA:0,(anonymous_3)
FNDA:0,(anonymous_4)
FNDA:0,(anonymous_5)
DA:43,0
DA:44,0
DA:46,0
DA:50,0
DA:51,0
DA:52,0
DA:53,0
DA:55,0
DA:56,0
DA:61,0
DA:62,0
DA:64,0
DA:69,0
DA:70,0
DA:73,0
DA:74,0
DA:76,0
DA:92,0
DA:93,0
DA:98,0
DA:99,0
DA:101,0
DA:106,0
DA:107,0
DA:110,0
DA:111,0
DA:113,0
DA:129,0
DA:130,0
DA:135,0
DA:136,0
DA:141,0
DA:142,0
DA:144,0
DA:147,0
DA:149,0
DA:150,0
DA:155,0
DA:156,0
DA:157,0
DA:159,0
DA:160,0
DA:161,0
DA:163,0
DA:164,0
DA:169,0
LF:46
LH:0
BRDA:43,0,0,0
BRDA:43,0,1,0
BRDA:53,1,0,0
BRDA:53,1,1,0
BRDA:69,2,0,0
BRDA:69,2,1,0
BRDA:106,3,0,0
BRDA:106,3,1,0
BRDA:137,4,0,0
BRDA:137,4,1,0
BRDA:141,5,0,0
BRDA:141,5,1,0
BRDA:157,6,0,0
BRDA:157,6,1,0
BRF:14
BRH:0
end_of_record
TN:
SF:src/services/biometric-auth.ts
FN:68,(anonymous_0)
FN:70,(anonymous_1)
FN:81,(anonymous_2)
FN:106,(anonymous_3)
FN:157,(anonymous_4)
FN:210,(anonymous_5)
FN:274,(anonymous_6)
FN:327,(anonymous_7)
FN:391,(anonymous_8)
FN:417,(anonymous_9)
FN:440,(anonymous_10)
FN:473,(anonymous_11)
FN:506,(anonymous_12)
FN:521,(anonymous_13)
FN:528,(anonymous_14)
FN:537,(anonymous_15)
FN:539,(anonymous_16)
FN:546,(anonymous_17)
FN:549,(anonymous_18)
FN:566,(anonymous_19)
FN:570,(anonymous_20)
FN:586,(anonymous_21)
FNF:22
FNH:0
FNDA:0,(anonymous_0)
FNDA:0,(anonymous_1)
FNDA:0,(anonymous_2)
FNDA:0,(anonymous_3)
FNDA:0,(anonymous_4)
FNDA:0,(anonymous_5)
FNDA:0,(anonymous_6)
FNDA:0,(anonymous_7)
FNDA:0,(anonymous_8)
FNDA:0,(anonymous_9)
FNDA:0,(anonymous_10)
FNDA:0,(anonymous_11)
FNDA:0,(anonymous_12)
FNDA:0,(anonymous_13)
FNDA:0,(anonymous_14)
FNDA:0,(anonymous_15)
FNDA:0,(anonymous_16)
FNDA:0,(anonymous_17)
FNDA:0,(anonymous_18)
FNDA:0,(anonymous_19)
FNDA:0,(anonymous_20)
FNDA:0,(anonymous_21)
DA:65,0
DA:66,0
DA:71,0
DA:72,0
DA:74,0
DA:82,0
DA:84,0
DA:85,0
DA:86,0
DA:90,0
DA:91,0
DA:92,0
DA:96,0
DA:98,0
DA:99,0
DA:101,0
DA:102,0
DA:107,0
DA:108,0
DA:109,0
DA:111,0
DA:114,0
DA:115,0
DA:116,0
DA:117,0
DA:119,0
DA:120,0
DA:124,0
DA:125,0
DA:126,0
DA:128,0
DA:129,0
DA:134,0
DA:135,0
DA:136,0
DA:137,0
DA:138,0
DA:141,0
DA:148,0
DA:149,0
DA:158,0
DA:159,0
DA:160,0
DA:161,0
DA:165,0
DA:173,0
DA:175,0
DA:178,0
DA:180,0
DA:182,0
DA:190,0
DA:199,0
DA:200,0
DA:211,0
DA:212,0
DA:213,0
DA:214,0
DA:218,0
DA:226,0
DA:228,0
DA:230,0
DA:231,0
DA:233,0
DA:241,0
DA:250,0
DA:259,0
DA:260,0
DA:275,0
DA:276,0
DA:277,0
DA:278,0
DA:282,0
DA:290,0
DA:292,0
DA:295,0
DA:297,0
DA:299,0
DA:307,0
DA:316,0
DA:317,0
DA:328,0
DA:329,0
DA:330,0
DA:331,0
DA:335,0
DA:343,0
DA:345,0
DA:347,0
DA:348,0
DA:350,0
DA:358,0
DA:367,0
DA:376,0
DA:377,0
DA:392,0
DA:397,0
DA:399,0
DA:400,0
DA:410,0
DA:412,0
DA:413,0
DA:418,0
DA:429,0
DA:431,0
DA:432,0
DA:441,0
DA:442,0
DA:445,0
DA:452,0
DA:453,0
DA:455,0
DA:474,0
DA:475,0
DA:478,0
DA:485,0
DA:486,0
DA:488,0
DA:507,0
DA:508,0
DA:509,0
DA:511,0
DA:513,0
DA:514,0
DA:516,0
DA:517,0
DA:522,0
DA:523,0
DA:524,0
DA:525,0
DA:526,0
DA:528,0
DA:529,0
DA:533,0
DA:538,0
DA:539,0
DA:541,0
DA:542,0
DA:546,0
DA:550,0
DA:551,0
DA:552,0
DA:554,0
DA:555,0
DA:556,0
DA:558,0
DA:567,0
DA:571,0
DA:572,0
DA:573,0
DA:575,0
DA:576,0
DA:578,0
DA:579,0
DA:581,0
DA:582,0
DA:587,0
DA:588,0
DA:589,0
DA:590,0
DA:592,0
DA:593,0
DA:598,0
LF:162
LH:0
BRDA:71,0,0,0
BRDA:71,0,1,0
BRDA:85,1,0,0
BRDA:85,1,1,0
BRDA:91,2,0,0
BRDA:91,2,1,0
BRDA:114,3,0,0
BRDA:114,3,1,0
BRDA:116,4,0,0
BRDA:116,4,1,0
BRDA:119,5,0,0
BRDA:119,5,1,0
BRDA:125,6,0,0
BRDA:125,6,1,0
BRDA:128,7,0,0
BRDA:128,7,1,0
BRDA:135,8,0,0
BRDA:135,8,1,0
BRDA:137,9,0,0
BRDA:137,9,1,0
BRDA:160,10,0,0
BRDA:160,10,1,0
BRDA:173,11,0,0
BRDA:173,11,1,0
BRDA:213,12,0,0
BRDA:213,12,1,0
BRDA:226,13,0,0
BRDA:226,13,1,0
BRDA:230,14,0,0
BRDA:230,14,1,0
BRDA:277,15,0,0
BRDA:277,15,1,0
BRDA:290,16,0,0
BRDA:290,16,1,0
BRDA:330,17,0,0
BRDA:330,17,1,0
BRDA:343,18,0,0
BRDA:343,18,1,0
BRDA:347,19,0,0
BRDA:347,19,1,0
BRDA:399,20,0,0
BRDA:399,20,1,0
BRDA:509,21,0,0
BRDA:509,21,1,0
BRDA:524,22,0,0
BRDA:524,22,1,0
BRDA:541,23,0,0
BRDA:541,23,1,0
BRDA:552,24,0,0
BRDA:552,24,1,0
BRDA:573,25,0,0
BRDA:573,25,1,0
BRF:52
BRH:0
end_of_record
TN:
SF:src/services/biometric-security.ts
FN:79,(anonymous_0)
FN:94,(anonymous_1)
FN:108,(anonymous_2)
FN:120,(anonymous_3)
FN:145,(anonymous_4)
FN:151,(anonymous_5)
FN:156,(anonymous_6)
FN:161,(anonymous_7)
FN:166,(anonymous_8)
FN:171,(anonymous_9)
FN:176,(anonymous_10)
FN:182,(anonymous_11)
FN:187,(anonymous_12)
FN:192,(anonymous_13)
FN:197,(anonymous_14)
FN:210,(anonymous_15)
FN:217,(anonymous_16)
FN:238,(anonymous_17)
FN:248,(anonymous_18)
FN:261,(anonymous_19)
FN:288,(anonymous_20)
FN:293,(anonymous_21)
FN:303,(anonymous_22)
FN:334,(anonymous_23)
FN:421,(anonymous_24)
FN:550,(anonymous_25)
FN:563,(anonymous_26)
FN:583,(anonymous_27)
FN:597,(anonymous_28)
FN:607,(anonymous_29)
FN:610,(anonymous_30)
FN:611,(anonymous_31)
FN:618,(anonymous_32)
FN:644,(anonymous_33)
FN:663,(anonymous_34)
FN:677,(anonymous_35)
FN:683,(anonymous_36)
FN:688,(anonymous_37)
FN:693,(anonymous_38)
FN:698,(anonymous_39)
FN:703,(anonymous_40)
FN:717,(anonymous_41)
FN:726,(anonymous_42)
FNF:43
FNH:0
FNDA:0,(anonymous_0)
FNDA:0,(anonymous_1)
FNDA:0,(anonymous_2)
FNDA:0,(anonymous_3)
FNDA:0,(anonymous_4)
FNDA:0,(anonymous_5)
FNDA:0,(anonymous_6)
FNDA:0,(anonymous_7)
FNDA:0,(anonymous_8)
FNDA:0,(anonymous_9)
FNDA:0,(anonymous_10)
FNDA:0,(anonymous_11)
FNDA:0,(anonymous_12)
FNDA:0,(anonymous_13)
FNDA:0,(anonymous_14)
FNDA:0,(anonymous_15)
FNDA:0,(anonymous_16)
FNDA:0,(anonymous_17)
FNDA:0,(anonymous_18)
FNDA:0,(anonymous_19)
FNDA:0,(anonymous_20)
FNDA:0,(anonymous_21)
FNDA:0,(anonymous_22)
FNDA:0,(anonymous_23)
FNDA:0,(anonymous_24)
FNDA:0,(anonymous_25)
FNDA:0,(anonymous_26)
FNDA:0,(anonymous_27)
FNDA:0,(anonymous_28)
FNDA:0,(anonymous_29)
FNDA:0,(anonymous_30)
FNDA:0,(anonymous_31)
FNDA:0,(anonymous_32)
FNDA:0,(anonymous_33)
FNDA:0,(anonymous_34)
FNDA:0,(anonymous_35)
FNDA:0,(anonymous_36)
FNDA:0,(anonymous_37)
FNDA:0,(anonymous_38)
FNDA:0,(anonymous_39)
FNDA:0,(anonymous_40)
FNDA:0,(anonymous_41)
FNDA:0,(anonymous_42)
DA:73,0
DA:74,0
DA:80,0
DA:81,0
DA:84,0
DA:86,0
DA:98,0
DA:112,0
DA:125,0
DA:128,0
DA:129,0
DA:130,0
DA:133,0
DA:134,0
DA:136,0
DA:139,0
DA:140,0
DA:142,0
DA:147,0
DA:153,0
DA:158,0
DA:163,0
DA:168,0
DA:173,0
DA:178,0
DA:184,0
DA:189,0
DA:194,0
DA:199,0
DA:211,0
DA:218,0
DA:220,0
DA:223,0
DA:226,0
DA:228,0
DA:230,0
DA:231,0
DA:239,0
DA:240,0
DA:241,0
DA:243,0
DA:244,0
DA:251,0
DA:252,0
DA:255,0
DA:256,0
DA:258,0
DA:264,0
DA:265,0
DA:267,0
DA:279,0
DA:280,0
DA:283,0
DA:284,0
DA:285,0
DA:286,0
DA:289,0
DA:290,0
DA:294,0
DA:295,0
DA:297,0
DA:304,0
DA:306,0
DA:308,0
DA:309,0
DA:310,0
DA:314,0
DA:315,0
DA:318,0
DA:321,0
DA:323,0
DA:324,0
DA:326,0
DA:327,0
DA:335,0
DA:336,0
DA:339,0
DA:346,0
DA:347,0
DA:351,0
DA:354,0
DA:356,0
DA:357,0
DA:361,0
DA:362,0
DA:364,0
DA:365,0
DA:369,0
DA:375,0
DA:376,0
DA:379,0
DA:402,0
DA:403,0
DA:406,0
DA:408,0
DA:409,0
DA:412,0
DA:413,0
DA:414,0
DA:422,0
DA:424,0
DA:425,0
DA:428,0
DA:435,0
DA:436,0
DA:458,0
DA:461,0
DA:463,0
DA:464,0
DA:476,0
DA:479,0
DA:481,0
DA:482,0
DA:494,0
DA:495,0
DA:496,0
DA:500,0
DA:507,0
DA:509,0
DA:511,0
DA:522,0
DA:523,0
DA:525,0
DA:556,0
DA:557,0
DA:558,0
DA:560,0
DA:564,0
DA:566,0
DA:568,0
DA:570,0
DA:572,0
DA:586,0
DA:600,0
DA:601,0
DA:602,0
DA:604,0
DA:610,0
DA:611,0
DA:614,0
DA:615,0
DA:622,0
DA:624,0
DA:625,0
DA:627,0
DA:628,0
DA:629,0
DA:633,0
DA:636,0
DA:647,0
DA:649,0
DA:650,0
DA:651,0
DA:653,0
DA:654,0
DA:655,0
DA:656,0
DA:659,0
DA:660,0
DA:668,0
DA:670,0
DA:671,0
DA:672,0
DA:673,0
DA:674,0
DA:679,0
DA:680,0
DA:685,0
DA:690,0
DA:695,0
DA:700,0
DA:704,0
DA:705,0
DA:706,0
DA:707,0
DA:708,0
DA:709,0
DA:713,0
DA:718,0
DA:719,0
DA:720,0
DA:722,0
DA:727,0
DA:730,0
DA:731,0
DA:732,0
DA:736,0
DA:737,0
DA:738,0
DA:740,0
DA:741,0
DA:744,0
DA:748,0
LF:193
LH:0
BRDA:294,0,0,0
BRDA:294,0,1,0
BRDA:304,1,0,0
BRDA:304,1,1,0
BRDA:309,2,0,0
BRDA:309,2,1,0
BRDA:346,3,0,0
BRDA:346,3,1,0
BRDA:356,4,0,0
BRDA:356,4,1,0
BRDA:364,5,0,0
BRDA:364,5,1,0
BRDA:435,6,0,0
BRDA:435,6,1,0
BRDA:463,7,0,0
BRDA:463,7,1,0
BRDA:481,8,0,0
BRDA:481,8,1,0
BRDA:481,9,0,0
BRDA:481,9,1,0
BRDA:494,10,0,0
BRDA:494,10,1,0
BRDA:542,11,0,0
BRDA:542,11,1,0
BRDA:564,12,0,0
BRDA:564,12,1,0
BRDA:564,12,2,0
BRDA:564,12,3,0
BRDA:575,13,0,0
BRDA:575,13,1,0
BRDA:625,14,0,0
BRDA:625,14,1,0
BRDA:628,15,0,0
BRDA:628,15,1,0
BRDA:633,16,0,0
BRDA:633,16,1,0
BRDA:640,17,0,0
BRDA:640,17,1,0
BRDA:647,18,0,0
BRDA:647,18,1,0
BRDA:670,19,0,0
BRDA:670,19,1,0
BRDA:671,20,0,0
BRDA:671,20,1,0
BRDA:672,21,0,0
BRDA:672,21,1,0
BRDA:673,22,0,0
BRDA:673,22,1,0
BRDA:706,23,0,0
BRDA:706,23,1,0
BRDA:731,24,0,0
BRDA:731,24,1,0
BRDA:740,25,0,0
BRDA:740,25,1,0
BRF:54
BRH:0
end_of_record
TN:
SF:src/services/cross-app-communication.ts
FN:61,(anonymous_0)
FN:66,(anonymous_1)
FN:77,(anonymous_2)
FN:95,(anonymous_3)
FN:134,(anonymous_4)
FN:151,(anonymous_5)
FN:165,(anonymous_6)
FN:179,(anonymous_7)
FN:193,(anonymous_8)
FN:199,(anonymous_9)
FN:208,(anonymous_10)
FN:236,(anonymous_11)
FN:254,(anonymous_12)
FN:272,(anonymous_13)
FN:295,(anonymous_14)
FN:310,(anonymous_15)
FN:333,(anonymous_16)
FN:366,(anonymous_17)
FN:376,(anonymous_18)
FN:386,(anonymous_19)
FN:396,(anonymous_20)
FN:410,(anonymous_21)
FN:416,(anonymous_22)
FN:420,(anonymous_23)
FN:437,(anonymous_24)
FN:450,(anonymous_25)
FN:455,(anonymous_26)
FN:463,(anonymous_27)
FN:473,(anonymous_28)
FN:479,(anonymous_29)
FNF:30
FNH:0
FNDA:0,(anonymous_0)
FNDA:0,(anonymous_1)
FNDA:0,(anonymous_2)
FNDA:0,(anonymous_3)
FNDA:0,(anonymous_4)
FNDA:0,(anonymous_5)
FNDA:0,(anonymous_6)
FNDA:0,(anonymous_7)
FNDA:0,(anonymous_8)
FNDA:0,(anonymous_9)
FNDA:0,(anonymous_10)
FNDA:0,(anonymous_11)
FNDA:0,(anonymous_12)
FNDA:0,(anonymous_13)
FNDA:0,(anonymous_14)
FNDA:0,(anonymous_15)
FNDA:0,(anonymous_16)
FNDA:0,(anonymous_17)
FNDA:0,(anonymous_18)
FNDA:0,(anonymous_19)
FNDA:0,(anonymous_20)
FNDA:0,(anonymous_21)
FNDA:0,(anonymous_22)
FNDA:0,(anonymous_23)
FNDA:0,(anonymous_24)
FNDA:0,(anonymous_25)
FNDA:0,(anonymous_26)
FNDA:0,(anonymous_27)
FNDA:0,(anonymous_28)
FNDA:0,(anonymous_29)
DA:57,0
DA:58,0
DA:62,0
DA:63,0
DA:67,0
DA:68,0
DA:70,0
DA:78,0
DA:86,0
DA:87,0
DA:90,0
DA:92,0
DA:96,0
DA:98,0
DA:99,0
DA:109,0
DA:111,0
DA:119,0
DA:120,0
DA:135,0
DA:137,0
DA:139,0
DA:141,0
DA:143,0
DA:145,0
DA:147,0
DA:152,0
DA:155,0
DA:156,0
DA:158,0
DA:166,0
DA:169,0
DA:170,0
DA:172,0
DA:180,0
DA:183,0
DA:184,0
DA:186,0
DA:194,0
DA:197,0
DA:198,0
DA:199,0
DA:202,0
DA:209,0
DA:216,0
DA:218,0
DA:219,0
DA:220,0
DA:222,0
DA:223,0
DA:225,0
DA:226,0
DA:229,0
DA:237,0
DA:238,0
DA:239,0
DA:240,0
DA:242,0
DA:249,0
DA:250,0
DA:255,0
DA:256,0
DA:257,0
DA:258,0
DA:259,0
DA:261,0
DA:263,0
DA:264,0
DA:277,0
DA:278,0
DA:279,0
DA:281,0
DA:282,0
DA:283,0
DA:286,0
DA:287,0
DA:290,0
DA:291,0
DA:300,0
DA:301,0
DA:303,0
DA:304,0
DA:305,0
DA:307,0
DA:311,0
DA:312,0
DA:313,0
DA:315,0
DA:316,0
DA:319,0
DA:321,0
DA:322,0
DA:323,0
DA:326,0
DA:328,0
DA:329,0
DA:334,0
DA:336,0
DA:347,0
DA:358,0
DA:367,0
DA:368,0
DA:369,0
DA:371,0
DA:372,0
DA:377,0
DA:378,0
DA:379,0
DA:381,0
DA:382,0
DA:387,0
DA:388,0
DA:389,0
DA:391,0
DA:392,0
DA:397,0
DA:398,0
DA:399,0
DA:401,0
DA:402,0
DA:413,0
DA:417,0
DA:421,0
DA:422,0
DA:423,0
DA:424,0
DA:428,0
DA:429,0
DA:430,0
DA:432,0
DA:433,0
DA:438,0
DA:439,0
DA:440,0
DA:442,0
DA:443,0
DA:444,0
DA:446,0
DA:452,0
DA:456,0
DA:457,0
DA:459,0
DA:464,0
DA:465,0
DA:466,0
DA:468,0
DA:469,0
DA:476,0
DA:484,0
DA:485,0
DA:492,0
DA:493,0
DA:494,0
DA:496,0
DA:498,0
DA:503,0
LF:156
LH:0
BRDA:67,0,0,0
BRDA:67,0,1,0
BRDA:98,1,0,0
BRDA:98,1,1,0
BRDA:135,2,0,0
BRDA:135,2,1,0
BRDA:135,2,2,0
BRDA:135,2,3,0
BRDA:135,2,4,0
BRDA:135,2,5,0
BRDA:160,3,0,0
BRDA:160,3,1,0
BRDA:174,4,0,0
BRDA:174,4,1,0
BRDA:188,5,0,0
BRDA:188,5,1,0
BRDA:199,6,0,0
BRDA:199,6,1,0
BRDA:204,7,0,0
BRDA:204,7,1,0
BRDA:216,8,0,0
BRDA:216,8,1,0
BRDA:216,8,2,0
BRDA:281,9,0,0
BRDA:281,9,1,0
BRDA:303,10,0,0
BRDA:303,10,1,0
BRDA:315,11,0,0
BRDA:315,11,1,0
BRDA:321,12,0,0
BRDA:321,12,1,0
BRDA:334,13,0,0
BRDA:334,13,1,0
BRDA:334,13,2,0
BRDA:369,14,0,0
BRDA:369,14,1,0
BRDA:379,15,0,0
BRDA:379,15,1,0
BRDA:389,16,0,0
BRDA:389,16,1,0
BRDA:399,17,0,0
BRDA:399,17,1,0
BRDA:423,18,0,0
BRDA:423,18,1,0
BRDA:440,19,0,0
BRDA:440,19,1,0
BRDA:466,20,0,0
BRDA:466,20,1,0
BRDA:493,21,0,0
BRDA:493,21,1,0
BRF:50
BRH:0
end_of_record
TN:
SF:src/services/crypto-production.ts
FN:46,(anonymous_0)
FN:48,(anonymous_1)
FN:55,(anonymous_2)
FN:68,(anonymous_3)
FN:103,(anonymous_4)
FN:119,(anonymous_5)
FN:128,(anonymous_6)
FN:147,(anonymous_7)
FN:175,(anonymous_8)
FN:200,(anonymous_9)
FN:213,(anonymous_10)
FN:223,(anonymous_11)
FN:227,(anonymous_12)
FN:248,(anonymous_13)
FN:278,(anonymous_14)
FN:279,(anonymous_15)
FN:283,(anonymous_16)
FN:292,(anonymous_17)
FN:296,(anonymous_18)
FN:297,(anonymous_19)
FN:300,(anonymous_20)
FN:302,(anonymous_21)
FN:305,(anonymous_22)
FN:305,(anonymous_23)
FN:306,(anonymous_24)
FN:306,(anonymous_25)
FN:307,(anonymous_26)
FN:308,(anonymous_27)
FN:369,(anonymous_28)
FN:371,(anonymous_29)
FN:382,(anonymous_30)
FN:411,(anonymous_31)
FN:445,(anonymous_32)
FN:488,(anonymous_33)
FN:496,(anonymous_34)
FN:503,(anonymous_35)
FN:510,(anonymous_36)
FN:519,(anonymous_37)
FN:534,(anonymous_38)
FN:540,(anonymous_39)
FN:549,(anonymous_40)
FN:558,(anonymous_41)
FNF:42
FNH:0
FNDA:0,(anonymous_0)
FNDA:0,(anonymous_1)
FNDA:0,(anonymous_2)
FNDA:0,(anonymous_3)
FNDA:0,(anonymous_4)
FNDA:0,(anonymous_5)
FNDA:0,(anonymous_6)
FNDA:0,(anonymous_7)
FNDA:0,(anonymous_8)
FNDA:0,(anonymous_9)
FNDA:0,(anonymous_10)
FNDA:0,(anonymous_11)
FNDA:0,(anonymous_12)
FNDA:0,(anonymous_13)
FNDA:0,(anonymous_14)
FNDA:0,(anonymous_15)
FNDA:0,(anonymous_16)
FNDA:0,(anonymous_17)
FNDA:0,(anonymous_18)
FNDA:0,(anonymous_19)
FNDA:0,(anonymous_20)
FNDA:0,(anonymous_21)
FNDA:0,(anonymous_22)
FNDA:0,(anonymous_23)
FNDA:0,(anonymous_24)
FNDA:0,(anonymous_25)
FNDA:0,(anonymous_26)
FNDA:0,(anonymous_27)
FNDA:0,(anonymous_28)
FNDA:0,(anonymous_29)
FNDA:0,(anonymous_30)
FNDA:0,(anonymous_31)
FNDA:0,(anonymous_32)
FNDA:0,(anonymous_33)
FNDA:0,(anonymous_34)
FNDA:0,(anonymous_35)
FNDA:0,(anonymous_36)
FNDA:0,(anonymous_37)
FNDA:0,(anonymous_38)
FNDA:0,(anonymous_39)
FNDA:0,(anonymous_40)
FNDA:0,(anonymous_41)
DA:42,0
DA:43,0
DA:44,0
DA:49,0
DA:50,0
DA:52,0
DA:56,0
DA:57,0
DA:60,0
DA:61,0
DA:64,0
DA:65,0
DA:69,0
DA:70,0
DA:73,0
DA:75,0
DA:76,0
DA:77,0
DA:78,0
DA:82,0
DA:83,0
DA:85,0
DA:86,0
DA:87,0
DA:88,0
DA:92,0
DA:93,0
DA:94,0
DA:97,0
DA:98,0
DA:99,0
DA:104,0
DA:106,0
DA:115,0
DA:118,0
DA:119,0
DA:121,0
DA:122,0
DA:123,0
DA:127,0
DA:128,0
DA:129,0
DA:130,0
DA:131,0
DA:136,0
DA:138,0
DA:148,0
DA:150,0
DA:151,0
DA:153,0
DA:154,0
DA:155,0
DA:156,0
DA:159,0
DA:160,0
DA:163,0
DA:168,0
DA:170,0
DA:171,0
DA:176,0
DA:178,0
DA:185,0
DA:201,0
DA:202,0
DA:206,0
DA:208,0
DA:209,0
DA:214,0
DA:215,0
DA:216,0
DA:218,0
DA:219,0
DA:224,0
DA:227,0
DA:228,0
DA:231,0
DA:232,0
DA:234,0
DA:237,0
DA:241,0
DA:244,0
DA:248,0
DA:249,0
DA:250,0
DA:251,0
DA:252,0
DA:253,0
DA:255,0
DA:256,0
DA:257,0
DA:258,0
DA:259,0
DA:263,0
DA:264,0
DA:265,0
DA:266,0
DA:267,0
DA:270,0
DA:273,0
DA:278,0
DA:281,0
DA:285,0
DA:286,0
DA:287,0
DA:289,0
DA:292,0
DA:296,0
DA:298,0
DA:300,0
DA:302,0
DA:305,0
DA:306,0
DA:308,0
DA:309,0
DA:310,0
DA:311,0
DA:312,0
DA:313,0
DA:315,0
DA:363,0
DA:364,0
DA:365,0
DA:366,0
DA:367,0
DA:372,0
DA:373,0
DA:375,0
DA:383,0
DA:385,0
DA:386,0
DA:389,0
DA:390,0
DA:393,0
DA:396,0
DA:397,0
DA:401,0
DA:403,0
DA:404,0
DA:406,0
DA:407,0
DA:412,0
DA:413,0
DA:416,0
DA:417,0
DA:418,0
DA:422,0
DA:423,0
DA:424,0
DA:425,0
DA:429,0
DA:430,0
DA:431,0
DA:432,0
DA:434,0
DA:435,0
DA:438,0
DA:440,0
DA:441,0
DA:446,0
DA:448,0
DA:449,0
DA:450,0
DA:455,0
DA:456,0
DA:457,0
DA:459,0
DA:460,0
DA:462,0
DA:463,0
DA:465,0
DA:466,0
DA:469,0
DA:478,0
DA:479,0
DA:481,0
DA:483,0
DA:484,0
DA:489,0
DA:490,0
DA:491,0
DA:492,0
DA:494,0
DA:495,0
DA:496,0
DA:497,0
DA:501,0
DA:502,0
DA:503,0
DA:504,0
DA:508,0
DA:509,0
DA:510,0
DA:511,0
DA:515,0
DA:520,0
DA:522,0
DA:525,0
DA:527,0
DA:529,0
DA:530,0
DA:535,0
DA:536,0
DA:537,0
DA:541,0
DA:542,0
DA:543,0
DA:545,0
DA:550,0
DA:551,0
DA:552,0
DA:554,0
DA:559,0
DA:560,0
DA:561,0
DA:563,0
DA:568,0
LF:216
LH:0
BRDA:49,0,0,0
BRDA:49,0,1,0
BRDA:56,1,0,0
BRDA:56,1,1,0
BRDA:60,2,0,0
BRDA:60,2,1,0
BRDA:75,3,0,0
BRDA:75,3,1,0
BRDA:85,4,0,0
BRDA:85,4,1,0
BRDA:121,5,0,0
BRDA:121,5,1,0
BRDA:129,6,0,0
BRDA:129,6,1,0
BRDA:141,7,0,0
BRDA:141,7,1,0
BRDA:155,8,0,0
BRDA:155,8,1,0
BRDA:155,9,0,0
BRDA:155,9,1,0
BRDA:232,10,0,0
BRDA:232,10,1,0
BRDA:281,11,0,0
BRDA:281,11,1,0
BRDA:298,12,0,0
BRDA:298,12,1,0
BRDA:306,13,0,0
BRDA:306,13,1,0
BRDA:372,14,0,0
BRDA:372,14,1,0
BRDA:383,15,0,0
BRDA:383,15,1,0
BRDA:396,16,0,0
BRDA:396,16,1,0
BRDA:417,17,0,0
BRDA:417,17,1,0
BRDA:424,18,0,0
BRDA:424,18,1,0
BRDA:434,19,0,0
BRDA:434,19,1,0
BRDA:446,20,0,0
BRDA:446,20,1,0
BRDA:455,21,0,0
BRDA:455,21,1,0
BRDA:494,22,0,0
BRDA:494,22,1,0
BRDA:501,23,0,0
BRDA:501,23,1,0
BRDA:508,24,0,0
BRDA:508,24,1,0
BRDA:535,25,0,0
BRDA:535,25,1,0
BRF:52
BRH:0
end_of_record
TN:
SF:src/services/crypto.ts
FN:22,(anonymous_0)
FN:29,(anonymous_1)
FN:30,(anonymous_2)
FN:118,(anonymous_3)
FN:120,(anonymous_4)
FN:131,(anonymous_5)
FN:175,(anonymous_6)
FN:197,(anonymous_7)
FN:210,(anonymous_8)
FN:226,(anonymous_9)
FN:242,(anonymous_10)
FN:269,(anonymous_11)
FN:270,(anonymous_12)
FN:274,(anonymous_13)
FN:283,(anonymous_14)
FN:287,(anonymous_15)
FN:288,(anonymous_16)
FN:292,(anonymous_17)
FN:302,(anonymous_18)
FN:305,(anonymous_19)
FN:305,(anonymous_20)
FN:306,(anonymous_21)
FN:306,(anonymous_22)
FN:310,(anonymous_23)
FN:318,(anonymous_24)
FN:325,(anonymous_25)
FN:332,(anonymous_26)
FN:341,(anonymous_27)
FN:360,(anonymous_28)
FN:368,(anonymous_29)
FN:415,(anonymous_30)
FN:419,(anonymous_31)
FN:423,(anonymous_32)
FN:435,(anonymous_33)
FN:437,(anonymous_34)
FN:461,(anonymous_35)
FN:482,(anonymous_36)
FN:494,(anonymous_37)
FN:519,(anonymous_38)
FN:527,(anonymous_39)
FN:543,(anonymous_40)
FN:565,(anonymous_41)
FN:593,(anonymous_42)
FN:597,(anonymous_43)
FN:598,(anonymous_44)
FN:601,(anonymous_45)
FN:616,(anonymous_46)
FN:621,(anonymous_47)
FN:653,(anonymous_48)
FN:662,(anonymous_49)
FN:671,(anonymous_50)
FN:684,(anonymous_51)
FNF:52
FNH:0
FNDA:0,(anonymous_0)
FNDA:0,(anonymous_1)
FNDA:0,(anonymous_2)
FNDA:0,(anonymous_3)
FNDA:0,(anonymous_4)
FNDA:0,(anonymous_5)
FNDA:0,(anonymous_6)
FNDA:0,(anonymous_7)
FNDA:0,(anonymous_8)
FNDA:0,(anonymous_9)
FNDA:0,(anonymous_10)
FNDA:0,(anonymous_11)
FNDA:0,(anonymous_12)
FNDA:0,(anonymous_13)
FNDA:0,(anonymous_14)
FNDA:0,(anonymous_15)
FNDA:0,(anonymous_16)
FNDA:0,(anonymous_17)
FNDA:0,(anonymous_18)
FNDA:0,(anonymous_19)
FNDA:0,(anonymous_20)
FNDA:0,(anonymous_21)
FNDA:0,(anonymous_22)
FNDA:0,(anonymous_23)
FNDA:0,(anonymous_24)
FNDA:0,(anonymous_25)
FNDA:0,(anonymous_26)
FNDA:0,(anonymous_27)
FNDA:0,(anonymous_28)
FNDA:0,(anonymous_29)
FNDA:0,(anonymous_30)
FNDA:0,(anonymous_31)
FNDA:0,(anonymous_32)
FNDA:0,(anonymous_33)
FNDA:0,(anonymous_34)
FNDA:0,(anonymous_35)
FNDA:0,(anonymous_36)
FNDA:0,(anonymous_37)
FNDA:0,(anonymous_38)
FNDA:0,(anonymous_39)
FNDA:0,(anonymous_40)
FNDA:0,(anonymous_41)
FNDA:0,(anonymous_42)
FNDA:0,(anonymous_43)
FNDA:0,(anonymous_44)
FNDA:0,(anonymous_45)
FNDA:0,(anonymous_46)
FNDA:0,(anonymous_47)
FNDA:0,(anonymous_48)
FNDA:0,(anonymous_49)
FNDA:0,(anonymous_50)
FNDA:0,(anonymous_51)
DA:8,0
DA:9,0
DA:10,0
DA:11,0
DA:12,0
DA:13,0
DA:14,0
DA:15,0
DA:16,0
DA:22,0
DA:23,0
DA:25,0
DA:26,0
DA:29,0
DA:30,0
DA:31,0
DA:39,0
DA:48,0
DA:49,0
DA:50,0
DA:51,0
DA:52,0
DA:53,0
DA:54,0
DA:55,0
DA:56,0
DA:58,0
DA:59,0
DA:61,0
DA:62,0
DA:67,0
DA:68,0
DA:113,0
DA:114,0
DA:115,0
DA:116,0
DA:121,0
DA:122,0
DA:124,0
DA:132,0
DA:134,0
DA:135,0
DA:138,0
DA:140,0
DA:141,0
DA:144,0
DA:146,0
DA:147,0
DA:148,0
DA:150,0
DA:151,0
DA:152,0
DA:153,0
DA:159,0
DA:162,0
DA:163,0
DA:166,0
DA:167,0
DA:169,0
DA:171,0
DA:176,0
DA:177,0
DA:181,0
DA:182,0
DA:192,0
DA:193,0
DA:198,0
DA:199,0
DA:202,0
DA:203,0
DA:204,0
DA:205,0
DA:206,0
DA:207,0
DA:210,0
DA:212,0
DA:213,0
DA:215,0
DA:216,0
DA:217,0
DA:218,0
DA:219,0
DA:220,0
DA:222,0
DA:224,0
DA:226,0
DA:227,0
DA:228,0
DA:229,0
DA:231,0
DA:234,0
DA:238,0
DA:240,0
DA:242,0
DA:244,0
DA:245,0
DA:246,0
DA:247,0
DA:248,0
DA:250,0
DA:251,0
DA:252,0
DA:253,0
DA:254,0
DA:258,0
DA:259,0
DA:260,0
DA:261,0
DA:262,0
DA:265,0
DA:267,0
DA:268,0
DA:269,0
DA:272,0
DA:276,0
DA:277,0
DA:278,0
DA:280,0
DA:283,0
DA:286,0
DA:287,0
DA:290,0
DA:294,0
DA:295,0
DA:296,0
DA:297,0
DA:299,0
DA:302,0
DA:305,0
DA:306,0
DA:311,0
DA:312,0
DA:313,0
DA:314,0
DA:316,0
DA:317,0
DA:318,0
DA:319,0
DA:323,0
DA:324,0
DA:325,0
DA:326,0
DA:330,0
DA:331,0
DA:332,0
DA:333,0
DA:337,0
DA:342,0
DA:344,0
DA:347,0
DA:349,0
DA:351,0
DA:352,0
DA:361,0
DA:369,0
DA:371,0
DA:372,0
DA:373,0
DA:376,0
DA:377,0
DA:382,0
DA:383,0
DA:384,0
DA:386,0
DA:387,0
DA:389,0
DA:390,0
DA:392,0
DA:393,0
DA:396,0
DA:405,0
DA:406,0
DA:408,0
DA:410,0
DA:411,0
DA:416,0
DA:420,0
DA:424,0
DA:425,0
DA:426,0
DA:428,0
DA:436,0
DA:437,0
DA:439,0
DA:440,0
DA:443,0
DA:444,0
DA:448,0
DA:449,0
DA:451,0
DA:454,0
DA:456,0
DA:457,0
DA:462,0
DA:463,0
DA:464,0
DA:465,0
DA:467,0
DA:468,0
DA:470,0
DA:473,0
DA:474,0
DA:483,0
DA:484,0
DA:485,0
DA:488,0
DA:491,0
DA:494,0
DA:495,0
DA:496,0
DA:499,0
DA:509,0
DA:510,0
DA:512,0
DA:514,0
DA:515,0
DA:520,0
DA:522,0
DA:523,0
DA:527,0
DA:528,0
DA:529,0
DA:532,0
DA:534,0
DA:535,0
DA:544,0
DA:546,0
DA:548,0
DA:549,0
DA:550,0
DA:551,0
DA:554,0
DA:556,0
DA:557,0
DA:566,0
DA:567,0
DA:568,0
DA:571,0
DA:573,0
DA:583,0
DA:584,0
DA:586,0
DA:588,0
DA:589,0
DA:594,0
DA:598,0
DA:602,0
DA:603,0
DA:605,0
DA:606,0
DA:607,0
DA:609,0
DA:617,0
DA:618,0
DA:622,0
DA:623,0
DA:624,0
DA:627,0
DA:628,0
DA:629,0
DA:632,0
DA:633,0
DA:635,0
DA:636,0
DA:637,0
DA:638,0
DA:642,0
DA:644,0
DA:645,0
DA:654,0
DA:655,0
DA:656,0
DA:658,0
DA:663,0
DA:664,0
DA:665,0
DA:667,0
DA:672,0
DA:673,0
DA:674,0
DA:676,0
DA:685,0
DA:686,0
DA:687,0
DA:689,0
DA:690,0
DA:691,0
DA:695,0
LF:288
LH:0
BRDA:23,0,0,0
BRDA:23,0,1,0
BRDA:121,1,0,0
BRDA:121,1,1,0
BRDA:132,2,0,0
BRDA:132,2,1,0
BRDA:140,3,0,0
BRDA:140,3,1,0
BRDA:144,4,0,0
BRDA:144,4,1,0
BRDA:146,5,0,0
BRDA:146,5,1,0
BRDA:152,6,0,0
BRDA:152,6,1,0
BRDA:162,7,0,0
BRDA:162,7,1,0
BRDA:229,8,0,0
BRDA:229,8,1,0
BRDA:272,9,0,0
BRDA:272,9,1,0
BRDA:272,9,2,0
BRDA:290,10,0,0
BRDA:290,10,1,0
BRDA:290,10,2,0
BRDA:306,11,0,0
BRDA:306,11,1,0
BRDA:316,12,0,0
BRDA:316,12,1,0
BRDA:323,13,0,0
BRDA:323,13,1,0
BRDA:330,14,0,0
BRDA:330,14,1,0
BRDA:371,15,0,0
BRDA:371,15,1,0
BRDA:382,16,0,0
BRDA:382,16,1,0
BRDA:416,17,0,0
BRDA:416,17,1,0
BRDA:425,18,0,0
BRDA:425,18,1,0
BRDA:437,19,0,0
BRDA:437,19,1,0
BRDA:439,20,0,0
BRDA:439,20,1,0
BRDA:439,21,0,0
BRDA:439,21,1,0
BRDA:448,22,0,0
BRDA:448,22,1,0
BRDA:467,23,0,0
BRDA:467,23,1,0
BRDA:495,24,0,0
BRDA:495,24,1,0
BRDA:522,25,0,0
BRDA:522,25,1,0
BRDA:522,26,0,0
BRDA:522,26,1,0
BRDA:528,27,0,0
BRDA:528,27,1,0
BRDA:594,28,0,0
BRDA:594,28,1,0
BRDA:603,29,0,0
BRDA:603,29,1,0
BRDA:636,30,0,0
BRDA:636,30,1,0
BRF:64
BRH:0
end_of_record
TN:
SF:src/services/document-verification.ts
FN:104,(anonymous_0)
FN:109,(anonymous_1)
FN:116,(anonymous_2)
FN:141,(anonymous_3)
FN:218,(anonymous_4)
FN:258,(anonymous_5)
FN:313,(anonymous_6)
FN:349,(anonymous_7)
FN:372,(anonymous_8)
FN:404,(anonymous_9)
FN:415,(anonymous_10)
FN:441,(anonymous_11)
FN:443,(anonymous_12)
FN:449,(anonymous_13)
FN:468,(anonymous_14)
FN:473,(anonymous_15)
FN:484,(anonymous_16)
FN:496,(anonymous_17)
FN:500,(anonymous_18)
FN:506,(anonymous_19)
FN:511,(anonymous_20)
FN:516,(anonymous_21)
FN:521,(anonymous_22)
FN:525,(anonymous_23)
FNF:24
FNH:0
FNDA:0,(anonymous_0)
FNDA:0,(anonymous_1)
FNDA:0,(anonymous_2)
FNDA:0,(anonymous_3)
FNDA:0,(anonymous_4)
FNDA:0,(anonymous_5)
FNDA:0,(anonymous_6)
FNDA:0,(anonymous_7)
FNDA:0,(anonymous_8)
FNDA:0,(anonymous_9)
FNDA:0,(anonymous_10)
FNDA:0,(anonymous_11)
FNDA:0,(anonymous_12)
FNDA:0,(anonymous_13)
FNDA:0,(anonymous_14)
FNDA:0,(anonymous_15)
FNDA:0,(anonymous_16)
FNDA:0,(anonymous_17)
FNDA:0,(anonymous_18)
FNDA:0,(anonymous_19)
FNDA:0,(anonymous_20)
FNDA:0,(anonymous_21)
FNDA:0,(anonymous_22)
FNDA:0,(anonymous_23)
DA:102,0
DA:105,0
DA:106,0
DA:110,0
DA:111,0
DA:113,0
DA:117,0
DA:142,0
DA:144,0
DA:146,0
DA:149,0
DA:152,0
DA:155,0
DA:158,0
DA:161,0
DA:170,0
DA:173,0
DA:181,0
DA:191,0
DA:192,0
DA:194,0
DA:197,0
DA:200,0
DA:205,0
DA:219,0
DA:221,0
DA:230,0
DA:233,0
DA:240,0
DA:247,0
DA:250,0
DA:251,0
DA:259,0
DA:262,0
DA:263,0
DA:264,0
DA:273,0
DA:274,0
DA:275,0
DA:284,0
DA:285,0
DA:286,0
DA:295,0
DA:296,0
DA:297,0
DA:298,0
DA:307,0
DA:314,0
DA:315,0
DA:316,0
DA:317,0
DA:323,0
DA:332,0
DA:334,0
DA:341,0
DA:342,0
DA:350,0
DA:351,0
DA:353,0
DA:355,0
DA:356,0
DA:357,0
DA:361,0
DA:363,0
DA:373,0
DA:376,0
DA:377,0
DA:381,0
DA:382,0
DA:386,0
DA:387,0
DA:391,0
DA:392,0
DA:395,0
DA:405,0
DA:406,0
DA:409,0
DA:410,0
DA:412,0
DA:415,0
DA:416,0
DA:418,0
DA:419,0
DA:422,0
DA:423,0
DA:425,0
DA:428,0
DA:429,0
DA:432,0
DA:433,0
DA:435,0
DA:443,0
DA:444,0
DA:445,0
DA:449,0
DA:450,0
DA:451,0
DA:455,0
DA:456,0
DA:457,0
DA:458,0
DA:459,0
DA:460,0
DA:462,0
DA:470,0
DA:474,0
DA:475,0
DA:477,0
DA:478,0
DA:481,0
DA:486,0
DA:489,0
DA:490,0
DA:493,0
DA:497,0
DA:502,0
DA:508,0
DA:513,0
DA:518,0
DA:522,0
DA:526,0
DA:527,0
DA:537,0
LF:123
LH:0
BRDA:110,0,0,0
BRDA:110,0,1,0
BRDA:263,1,0,0
BRDA:263,1,1,0
BRDA:274,2,0,0
BRDA:274,2,1,0
BRDA:285,3,0,0
BRDA:285,3,1,0
BRDA:295,4,0,0
BRDA:295,4,1,0
BRDA:297,5,0,0
BRDA:297,5,1,0
BRDA:316,6,0,0
BRDA:316,6,1,0
BRDA:337,7,0,0
BRDA:337,7,1,0
BRDA:356,8,0,0
BRDA:356,8,1,0
BRDA:361,9,0,0
BRDA:361,9,1,0
BRDA:376,10,0,0
BRDA:376,10,1,0
BRDA:381,11,0,0
BRDA:381,11,1,0
BRDA:386,12,0,0
BRDA:386,12,1,0
BRDA:391,13,0,0
BRDA:391,13,1,0
BRDA:409,14,0,0
BRDA:409,14,1,0
BRDA:416,15,0,0
BRDA:416,15,1,0
BRDA:422,16,0,0
BRDA:422,16,1,0
BRDA:443,17,0,0
BRDA:443,17,1,0
BRDA:444,18,0,0
BRDA:444,18,1,0
BRDA:449,19,0,0
BRDA:449,19,1,0
BRDA:450,20,0,0
BRDA:450,20,1,0
BRDA:455,21,0,0
BRDA:455,21,1,0
BRDA:457,22,0,0
BRDA:457,22,1,0
BRDA:459,23,0,0
BRDA:459,23,1,0
BRDA:477,24,0,0
BRDA:477,24,1,0
BRDA:489,25,0,0
BRDA:489,25,1,0
BRDA:497,26,0,0
BRDA:497,26,1,0
BRDA:502,27,0,0
BRDA:502,27,1,0
BRDA:508,28,0,0
BRDA:508,28,1,0
BRDA:513,29,0,0
BRDA:513,29,1,0
BRDA:518,30,0,0
BRDA:518,30,1,0
BRDA:526,31,0,0
BRDA:526,31,1,0
BRF:64
BRH:0
end_of_record
TN:
SF:src/services/government-integration.ts
FN:85,(anonymous_0)
FN:91,(anonymous_1)
FN:102,(anonymous_2)
FN:117,(anonymous_3)
FN:125,(anonymous_4)
FN:132,(anonymous_5)
FN:139,(anonymous_6)
FN:152,(anonymous_7)
FN:190,(anonymous_8)
FN:194,(anonymous_9)
FN:198,(anonymous_10)
FN:209,(anonymous_11)
FN:221,(anonymous_12)
FN:272,(anonymous_13)
FN:274,(anonymous_14)
FN:291,(anonymous_15)
FN:297,(anonymous_16)
FN:298,(anonymous_17)
FN:324,(anonymous_18)
FN:329,(anonymous_19)
FN:330,(anonymous_20)
FN:333,(anonymous_21)
FN:341,(anonymous_22)
FN:359,(anonymous_23)
FN:391,(anonymous_24)
FN:400,(anonymous_25)
FN:409,(anonymous_26)
FN:422,(anonymous_27)
FN:424,(anonymous_28)
FN:427,(anonymous_29)
FN:429,(anonymous_30)
FN:432,(anonymous_31)
FNF:32
FNH:0
FNDA:0,(anonymous_0)
FNDA:0,(anonymous_1)
FNDA:0,(anonymous_2)
FNDA:0,(anonymous_3)
FNDA:0,(anonymous_4)
FNDA:0,(anonymous_5)
FNDA:0,(anonymous_6)
FNDA:0,(anonymous_7)
FNDA:0,(anonymous_8)
FNDA:0,(anonymous_9)
FNDA:0,(anonymous_10)
FNDA:0,(anonymous_11)
FNDA:0,(anonymous_12)
FNDA:0,(anonymous_13)
FNDA:0,(anonymous_14)
FNDA:0,(anonymous_15)
FNDA:0,(anonymous_16)
FNDA:0,(anonymous_17)
FNDA:0,(anonymous_18)
FNDA:0,(anonymous_19)
FNDA:0,(anonymous_20)
FNDA:0,(anonymous_21)
FNDA:0,(anonymous_22)
FNDA:0,(anonymous_23)
FNDA:0,(anonymous_24)
FNDA:0,(anonymous_25)
FNDA:0,(anonymous_26)
FNDA:0,(anonymous_27)
FNDA:0,(anonymous_28)
FNDA:0,(anonymous_29)
FNDA:0,(anonymous_30)
FNDA:0,(anonymous_31)
DA:81,0
DA:82,0
DA:83,0
DA:86,0
DA:87,0
DA:88,0
DA:92,0
DA:93,0
DA:95,0
DA:103,0
DA:105,0
DA:108,0
DA:110,0
DA:112,0
DA:113,0
DA:118,0
DA:119,0
DA:120,0
DA:121,0
DA:123,0
DA:124,0
DA:125,0
DA:126,0
DA:130,0
DA:131,0
DA:132,0
DA:133,0
DA:137,0
DA:138,0
DA:139,0
DA:140,0
DA:144,0
DA:153,0
DA:154,0
DA:155,0
DA:158,0
DA:167,0
DA:169,0
DA:177,0
DA:178,0
DA:181,0
DA:183,0
DA:185,0
DA:186,0
DA:191,0
DA:195,0
DA:199,0
DA:200,0
DA:202,0
DA:203,0
DA:204,0
DA:206,0
DA:210,0
DA:211,0
DA:212,0
DA:214,0
DA:222,0
DA:223,0
DA:224,0
DA:225,0
DA:228,0
DA:229,0
DA:232,0
DA:235,0
DA:242,0
DA:244,0
DA:256,0
DA:257,0
DA:260,0
DA:265,0
DA:267,0
DA:268,0
DA:274,0
DA:276,0
DA:277,0
DA:279,0
DA:292,0
DA:293,0
DA:294,0
DA:297,0
DA:298,0
DA:301,0
DA:303,0
DA:314,0
DA:315,0
DA:317,0
DA:319,0
DA:320,0
DA:329,0
DA:330,0
DA:331,0
DA:333,0
DA:334,0
DA:336,0
DA:341,0
DA:343,0
DA:360,0
DA:361,0
DA:363,0
DA:364,0
DA:368,0
DA:380,0
DA:382,0
DA:383,0
DA:392,0
DA:393,0
DA:394,0
DA:396,0
DA:401,0
DA:402,0
DA:403,0
DA:405,0
DA:410,0
DA:411,0
DA:412,0
DA:414,0
DA:423,0
DA:424,0
DA:428,0
DA:429,0
DA:433,0
DA:434,0
DA:435,0
DA:437,0
DA:438,0
DA:439,0
DA:443,0
LF:127
LH:0
BRDA:92,0,0,0
BRDA:92,0,1,0
BRDA:123,1,0,0
BRDA:123,1,1,0
BRDA:130,2,0,0
BRDA:130,2,1,0
BRDA:137,3,0,0
BRDA:137,3,1,0
BRDA:191,4,0,0
BRDA:191,4,1,0
BRDA:200,5,0,0
BRDA:200,5,1,0
BRDA:211,6,0,0
BRDA:211,6,1,0
BRDA:224,7,0,0
BRDA:224,7,1,0
BRDA:249,8,0,0
BRDA:249,8,1,0
BRDA:261,9,0,0
BRDA:261,9,1,0
BRDA:277,10,0,0
BRDA:277,10,1,0
BRDA:282,11,0,0
BRDA:282,11,1,0
BRDA:283,12,0,0
BRDA:283,12,1,0
BRDA:307,13,0,0
BRDA:307,13,1,0
BRDA:331,14,0,0
BRDA:331,14,1,0
BRDA:337,15,0,0
BRDA:337,15,1,0
BRDA:338,16,0,0
BRDA:338,16,1,0
BRDA:339,17,0,0
BRDA:339,17,1,0
BRDA:340,18,0,0
BRDA:340,18,1,0
BRDA:363,19,0,0
BRDA:363,19,1,0
BRDA:424,20,0,0
BRDA:424,20,1,0
BRDA:429,21,0,0
BRDA:429,21,1,0
BRF:44
BRH:0
end_of_record
TN:
SF:src/services/shared-business-logic.ts
FN:73,(anonymous_0)
FN:75,(anonymous_1)
FN:86,(anonymous_2)
FN:119,(anonymous_3)
FN:144,(anonymous_4)
FN:173,(anonymous_5)
FN:198,(anonymous_6)
FN:217,(anonymous_7)
FN:230,(anonymous_8)
FN:240,(anonymous_9)
FN:256,(anonymous_10)
FN:270,(anonymous_11)
FN:295,(anonymous_12)
FN:309,(anonymous_13)
FNF:14
FNH:0
FNDA:0,(anonymous_0)
FNDA:0,(anonymous_1)
FNDA:0,(anonymous_2)
FNDA:0,(anonymous_3)
FNDA:0,(anonymous_4)
FNDA:0,(anonymous_5)
FNDA:0,(anonymous_6)
FNDA:0,(anonymous_7)
FNDA:0,(anonymous_8)
FNDA:0,(anonymous_9)
FNDA:0,(anonymous_10)
FNDA:0,(anonymous_11)
FNDA:0,(anonymous_12)
FNDA:0,(anonymous_13)
DA:76,0
DA:77,0
DA:79,0
DA:88,0
DA:89,0
DA:93,0
DA:94,0
DA:98,0
DA:99,0
DA:103,0
DA:105,0
DA:107,0
DA:109,0
DA:111,0
DA:121,0
DA:122,0
DA:126,0
DA:127,0
DA:128,0
DA:132,0
DA:133,0
DA:137,0
DA:146,0
DA:147,0
DA:151,0
DA:152,0
DA:156,0
DA:157,0
DA:158,0
DA:162,0
DA:163,0
DA:166,0
DA:174,0
DA:177,0
DA:178,0
DA:182,0
DA:183,0
DA:187,0
DA:188,0
DA:191,0
DA:199,0
DA:201,0
DA:202,0
DA:203,0
DA:204,0
DA:206,0
DA:208,0
DA:209,0
DA:218,0
DA:220,0
DA:223,0
DA:225,0
DA:226,0
DA:231,0
DA:232,0
DA:233,0
DA:235,0
DA:236,0
DA:242,0
DA:248,0
DA:249,0
DA:258,0
DA:259,0
DA:263,0
DA:275,0
DA:284,0
DA:286,0
DA:287,0
DA:288,0
DA:289,0
DA:291,0
DA:296,0
DA:297,0
DA:298,0
DA:301,0
DA:302,0
DA:303,0
DA:305,0
DA:310,0
DA:311,0
DA:312,0
DA:315,0
DA:316,0
DA:317,0
DA:319,0
DA:324,0
LF:86
LH:0
BRDA:76,0,0,0
BRDA:76,0,1,0
BRDA:88,1,0,0
BRDA:88,1,1,0
BRDA:93,2,0,0
BRDA:93,2,1,0
BRDA:98,3,0,0
BRDA:98,3,1,0
BRDA:103,4,0,0
BRDA:103,4,1,0
BRDA:103,4,2,0
BRDA:103,4,3,0
BRDA:107,5,0,0
BRDA:107,5,1,0
BRDA:107,5,2,0
BRDA:109,6,0,0
BRDA:109,6,1,0
BRDA:109,6,2,0
BRDA:119,7,0,0
BRDA:121,8,0,0
BRDA:121,8,1,0
BRDA:127,9,0,0
BRDA:127,9,1,0
BRDA:132,10,0,0
BRDA:132,10,1,0
BRDA:146,11,0,0
BRDA:146,11,1,0
BRDA:151,12,0,0
BRDA:151,12,1,0
BRDA:157,13,0,0
BRDA:157,13,1,0
BRDA:162,14,0,0
BRDA:162,14,1,0
BRDA:162,15,0,0
BRDA:162,15,1,0
BRDA:177,16,0,0
BRDA:177,16,1,0
BRDA:177,17,0,0
BRDA:177,17,1,0
BRDA:182,18,0,0
BRDA:182,18,1,0
BRDA:187,19,0,0
BRDA:187,19,1,0
BRDA:233,20,0,0
BRDA:233,20,1,0
BRDA:258,21,0,0
BRDA:258,21,1,0
BRDA:258,22,0,0
BRDA:258,22,1,0
BRDA:287,23,0,0
BRDA:287,23,1,0
BRDA:298,24,0,0
BRDA:298,24,1,0
BRDA:312,25,0,0
BRDA:312,25,1,0
BRF:55
BRH:0
end_of_record
TN:
SF:src/store/location.ts
FN:71,(anonymous_0)
FN:87,(anonymous_1)
FN:137,(anonymous_2)
FN:184,(anonymous_3)
FN:222,(anonymous_4)
FN:275,(anonymous_5)
FN:297,(anonymous_6)
FN:316,(anonymous_7)
FN:329,(anonymous_8)
FN:342,(anonymous_9)
FN:345,(anonymous_10)
FN:349,(anonymous_11)
FN:375,(anonymous_12)
FN:388,(anonymous_13)
FN:416,(anonymous_14)
FN:424,(anonymous_15)
FN:436,(anonymous_16)
FN:452,(anonymous_17)
FN:457,(anonymous_18)
FN:458,(anonymous_19)
FN:459,(anonymous_20)
FN:460,(anonymous_21)
FN:463,(anonymous_22)
FN:464,(anonymous_23)
FN:465,(anonymous_24)
FN:469,(anonymous_25)
FN:470,(anonymous_26)
FNF:27
FNH:0
FNDA:0,(anonymous_0)
FNDA:0,(anonymous_1)
FNDA:0,(anonymous_2)
FNDA:0,(anonymous_3)
FNDA:0,(anonymous_4)
FNDA:0,(anonymous_5)
FNDA:0,(anonymous_6)
FNDA:0,(anonymous_7)
FNDA:0,(anonymous_8)
FNDA:0,(anonymous_9)
FNDA:0,(anonymous_10)
FNDA:0,(anonymous_11)
FNDA:0,(anonymous_12)
FNDA:0,(anonymous_13)
FNDA:0,(anonymous_14)
FNDA:0,(anonymous_15)
FNDA:0,(anonymous_16)
FNDA:0,(anonymous_17)
FNDA:0,(anonymous_18)
FNDA:0,(anonymous_19)
FNDA:0,(anonymous_20)
FNDA:0,(anonymous_21)
FNDA:0,(anonymous_22)
FNDA:0,(anonymous_23)
FNDA:0,(anonymous_24)
FNDA:0,(anonymous_25)
FNDA:0,(anonymous_26)
DA:69,0
DA:71,0
DA:88,0
DA:89,0
DA:91,0
DA:93,0
DA:94,0
DA:95,0
DA:99,0
DA:100,0
DA:101,0
DA:102,0
DA:104,0
DA:108,0
DA:109,0
DA:118,0
DA:125,0
DA:127,0
DA:128,0
DA:133,0
DA:138,0
DA:139,0
DA:141,0
DA:142,0
DA:145,0
DA:146,0
DA:147,0
DA:148,0
DA:149,0
DA:152,0
DA:156,0
DA:157,0
DA:163,0
DA:169,0
DA:174,0
DA:176,0
DA:177,0
DA:185,0
DA:186,0
DA:187,0
DA:188,0
DA:189,0
DA:192,0
DA:194,0
DA:195,0
DA:196,0
DA:197,0
DA:199,0
DA:203,0
DA:209,0
DA:210,0
DA:213,0
DA:214,0
DA:218,0
DA:223,0
DA:224,0
DA:225,0
DA:229,0
DA:230,0
DA:231,0
DA:237,0
DA:238,0
DA:243,0
DA:245,0
DA:257,0
DA:264,0
DA:266,0
DA:267,0
DA:271,0
DA:276,0
DA:278,0
DA:285,0
DA:286,0
DA:288,0
DA:290,0
DA:293,0
DA:298,0
DA:299,0
DA:305,0
DA:306,0
DA:308,0
DA:311,0
DA:317,0
DA:318,0
DA:319,0
DA:320,0
DA:322,0
DA:325,0
DA:330,0
DA:331,0
DA:332,0
DA:333,0
DA:335,0
DA:338,0
DA:343,0
DA:344,0
DA:345,0
DA:349,0
DA:366,0
DA:368,0
DA:369,0
DA:376,0
DA:377,0
DA:378,0
DA:379,0
DA:382,0
DA:383,0
DA:384,0
DA:388,0
DA:405,0
DA:406,0
DA:409,0
DA:411,0
DA:412,0
DA:417,0
DA:423,0
DA:424,0
DA:425,0
DA:427,0
DA:429,0
DA:430,0
DA:437,0
DA:438,0
DA:439,0
DA:443,0
DA:445,0
DA:446,0
DA:453,0
DA:457,0
DA:459,0
DA:460,0
DA:463,0
DA:464,0
DA:465,0
DA:469,0
DA:470,0
LF:136
LH:0
BRDA:94,0,0,0
BRDA:94,0,1,0
BRDA:131,1,0,0
BRDA:131,1,1,0
BRDA:147,2,0,0
BRDA:147,2,1,0
BRDA:156,3,0,0
BRDA:156,3,1,0
BRDA:179,4,0,0
BRDA:179,4,1,0
BRDA:194,5,0,0
BRDA:194,5,1,0
BRDA:209,6,0,0
BRDA:209,6,1,0
BRDA:216,7,0,0
BRDA:216,7,1,0
BRDA:248,8,0,0
BRDA:248,8,1,0
BRDA:269,9,0,0
BRDA:269,9,1,0
BRDA:291,10,0,0
BRDA:291,10,1,0
BRDA:309,11,0,0
BRDA:309,11,1,0
BRDA:323,12,0,0
BRDA:323,12,1,0
BRDA:336,13,0,0
BRDA:336,13,1,0
BRDA:370,14,0,0
BRDA:370,14,1,0
BRDA:378,15,0,0
BRDA:378,15,1,0
BRDA:383,16,0,0
BRDA:383,16,1,0
BRDA:431,17,0,0
BRDA:431,17,1,0
BRDA:447,18,0,0
BRDA:447,18,1,0
BRF:38
BRH:0
end_of_record
